{"C:\\Users\\HP\\Desktop\\ANTI GRAVITY\\promptwarsx2-1\\server.js": {"path":"C:\\Users\\HP\\Desktop\\ANTI GRAVITY\\promptwarsx2-1\\server.js","statementMap":{"0":{"start":{"line":6,"column":0},"end":{"line":6,"column":27}},"1":{"start":{"line":8,"column":16},"end":{"line":8,"column":34}},"2":{"start":{"line":9,"column":20},"end":{"line":9,"column":42}},"3":{"start":{"line":10,"column":13},"end":{"line":10,"column":28}},"4":{"start":{"line":11,"column":73},"end":{"line":11,"column":109}},"5":{"start":{"line":12,"column":23},"end":{"line":12,"column":62}},"6":{"start":{"line":13,"column":31},"end":{"line":13,"column":66}},"7":{"start":{"line":14,"column":25},"end":{"line":14,"column":54}},"8":{"start":{"line":16,"column":12},"end":{"line":16,"column":21}},"9":{"start":{"line":17,"column":13},"end":{"line":17,"column":37}},"10":{"start":{"line":20,"column":0},"end":{"line":20,"column":34}},"11":{"start":{"line":21,"column":0},"end":{"line":21,"column":32}},"12":{"start":{"line":22,"column":0},"end":{"line":22,"column":23}},"13":{"start":{"line":23,"column":0},"end":{"line":23,"column":40}},"14":{"start":{"line":24,"column":0},"end":{"line":24,"column":63}},"15":{"start":{"line":25,"column":0},"end":{"line":25,"column":20}},"16":{"start":{"line":28,"column":0},"end":{"line":32,"column":4}},"17":{"start":{"line":35,"column":0},"end":{"line":35,"column":29}},"18":{"start":{"line":38,"column":0},"end":{"line":38,"column":55}},"19":{"start":{"line":39,"column":0},"end":{"line":39,"column":53}},"20":{"start":{"line":40,"column":0},"end":{"line":40,"column":61}},"21":{"start":{"line":41,"column":0},"end":{"line":41,"column":59}},"22":{"start":{"line":42,"column":0},"end":{"line":42,"column":55}},"23":{"start":{"line":43,"column":0},"end":{"line":43,"column":61}},"24":{"start":{"line":44,"column":0},"end":{"line":44,"column":69}},"25":{"start":{"line":47,"column":0},"end":{"line":49,"column":3}},"26":{"start":{"line":48,"column":2},"end":{"line":48,"column":61}},"27":{"start":{"line":51,"column":0},"end":{"line":53,"column":3}},"28":{"start":{"line":52,"column":2},"end":{"line":52,"column":65}},"29":{"start":{"line":56,"column":0},"end":{"line":61,"column":3}},"30":{"start":{"line":57,"column":2},"end":{"line":60,"column":5}},"31":{"start":{"line":64,"column":0},"end":{"line":64,"column":22}},"32":{"start":{"line":67,"column":0},"end":{"line":75,"column":1}},"33":{"start":{"line":68,"column":2},"end":{"line":74,"column":5}},"34":{"start":{"line":69,"column":4},"end":{"line":69,"column":63}},"35":{"start":{"line":70,"column":4},"end":{"line":70,"column":76}},"36":{"start":{"line":71,"column":4},"end":{"line":71,"column":62}},"37":{"start":{"line":72,"column":4},"end":{"line":72,"column":73}},"38":{"start":{"line":73,"column":4},"end":{"line":73,"column":70}},"39":{"start":{"line":77,"column":0},"end":{"line":77,"column":21}}},"fnMap":{"0":{"name":"(anonymous_0)","decl":{"start":{"line":47,"column":13},"end":{"line":47,"column":14}},"loc":{"start":{"line":47,"column":27},"end":{"line":49,"column":1}},"line":47},"1":{"name":"(anonymous_1)","decl":{"start":{"line":51,"column":22},"end":{"line":51,"column":23}},"loc":{"start":{"line":51,"column":36},"end":{"line":53,"column":1}},"line":51},"2":{"name":"(anonymous_2)","decl":{"start":{"line":56,"column":8},"end":{"line":56,"column":9}},"loc":{"start":{"line":56,"column":22},"end":{"line":61,"column":1}},"line":56},"3":{"name":"(anonymous_3)","decl":{"start":{"line":68,"column":19},"end":{"line":68,"column":20}},"loc":{"start":{"line":68,"column":25},"end":{"line":74,"column":3}},"line":68}},"branchMap":{"0":{"loc":{"start":{"line":17,"column":13},"end":{"line":17,"column":37}},"type":"binary-expr","locations":[{"start":{"line":17,"column":13},"end":{"line":17,"column":29}},{"start":{"line":17,"column":33},"end":{"line":17,"column":37}}],"line":17},"1":{"loc":{"start":{"line":29,"column":10},"end":{"line":29,"column":58}},"type":"cond-expr","locations":[{"start":{"line":29,"column":50},"end":{"line":29,"column":54}},{"start":{"line":29,"column":57},"end":{"line":29,"column":58}}],"line":29},"2":{"loc":{"start":{"line":67,"column":0},"end":{"line":75,"column":1}},"type":"if","locations":[{"start":{"line":67,"column":0},"end":{"line":75,"column":1}},{"start":{},"end":{}}],"line":67},"3":{"loc":{"start":{"line":70,"column":35},"end":{"line":70,"column":72}},"type":"binary-expr","locations":[{"start":{"line":70,"column":35},"end":{"line":70,"column":55}},{"start":{"line":70,"column":59},"end":{"line":70,"column":72}}],"line":70}},"s":{"0":13,"1":13,"2":13,"3":13,"4":13,"5":13,"6":13,"7":13,"8":13,"9":13,"10":13,"11":13,"12":13,"13":13,"14":13,"15":13,"16":13,"17":13,"18":13,"19":13,"20":13,"21":13,"22":13,"23":13,"24":13,"25":13,"26":0,"27":13,"28":0,"29":13,"30":1,"31":13,"32":13,"33":0,"34":0,"35":0,"36":0,"37":0,"38":0,"39":13},"f":{"0":0,"1":0,"2":1,"3":0},"b":{"0":[13,0],"1":[0,13],"2":[0,13],"3":[0,0]},"_coverageSchema":"1a1c01bbd47fc00a2c39e90264f33305004495a9","hash":"79533153ea78f477393bd7c6aeeba496a089d169"}
,"C:\\Users\\HP\\Desktop\\ANTI GRAVITY\\promptwarsx2-1\\src\\middleware\\logging.js": {"path":"C:\\Users\\HP\\Desktop\\ANTI GRAVITY\\promptwarsx2-1\\src\\middleware\\logging.js","statementMap":{"0":{"start":{"line":5,"column":15},"end":{"line":5,"column":32}},"1":{"start":{"line":6,"column":16},"end":{"line":6,"column":34}},"2":{"start":{"line":9,"column":15},"end":{"line":25,"column":2}},"3":{"start":{"line":28,"column":0},"end":{"line":40,"column":1}},"4":{"start":{"line":29,"column":2},"end":{"line":39,"column":3}},"5":{"start":{"line":30,"column":31},"end":{"line":30,"column":71}},"6":{"start":{"line":31,"column":4},"end":{"line":35,"column":8}},"7":{"start":{"line":36,"column":4},"end":{"line":36,"column":51}},"8":{"start":{"line":38,"column":4},"end":{"line":38,"column":81}},"9":{"start":{"line":43,"column":19},"end":{"line":46,"column":2}},"10":{"start":{"line":44,"column":32},"end":{"line":44,"column":59}},"11":{"start":{"line":45,"column":17},"end":{"line":45,"column":42}},"12":{"start":{"line":48,"column":0},"end":{"line":48,"column":40}}},"fnMap":{"0":{"name":"(anonymous_0)","decl":{"start":{"line":44,"column":19},"end":{"line":44,"column":20}},"loc":{"start":{"line":44,"column":32},"end":{"line":44,"column":59}},"line":44},"1":{"name":"(anonymous_1)","decl":{"start":{"line":45,"column":8},"end":{"line":45,"column":9}},"loc":{"start":{"line":45,"column":17},"end":{"line":45,"column":42}},"line":45}},"branchMap":{"0":{"loc":{"start":{"line":10,"column":9},"end":{"line":10,"column":40}},"type":"binary-expr","locations":[{"start":{"line":10,"column":9},"end":{"line":10,"column":30}},{"start":{"line":10,"column":34},"end":{"line":10,"column":40}}],"line":10},"1":{"loc":{"start":{"line":28,"column":0},"end":{"line":40,"column":1}},"type":"if","locations":[{"start":{"line":28,"column":0},"end":{"line":40,"column":1}},{"start":{},"end":{}}],"line":28}},"s":{"0":16,"1":16,"2":16,"3":16,"4":0,"5":0,"6":0,"7":0,"8":0,"9":16,"10":30,"11":30,"12":16},"f":{"0":30,"1":30},"b":{"0":[16,16],"1":[0,16]},"_coverageSchema":"1a1c01bbd47fc00a2c39e90264f33305004495a9","hash":"bcea5462dcd2f4a696102a1ad566606caf193a8e"}
,"C:\\Users\\HP\\Desktop\\ANTI GRAVITY\\promptwarsx2-1\\src\\middleware\\rateLimiter.js": {"path":"C:\\Users\\HP\\Desktop\\ANTI GRAVITY\\promptwarsx2-1\\src\\middleware\\rateLimiter.js","statementMap":{"0":{"start":{"line":5,"column":18},"end":{"line":5,"column":47}},"1":{"start":{"line":8,"column":19},"end":{"line":21,"column":2}},"2":{"start":{"line":20,"column":25},"end":{"line":20,"column":78}},"3":{"start":{"line":24,"column":25},"end":{"line":36,"column":2}},"4":{"start":{"line":39,"column":19},"end":{"line":51,"column":2}},"5":{"start":{"line":53,"column":0},"end":{"line":53,"column":62}}},"fnMap":{"0":{"name":"(anonymous_0)","decl":{"start":{"line":20,"column":16},"end":{"line":20,"column":17}},"loc":{"start":{"line":20,"column":25},"end":{"line":20,"column":78}},"line":20}},"branchMap":{"0":{"loc":{"start":{"line":9,"column":12},"end":{"line":9,"column":72}},"type":"binary-expr","locations":[{"start":{"line":9,"column":12},"end":{"line":9,"column":54}},{"start":{"line":9,"column":58},"end":{"line":9,"column":72}}],"line":9},"1":{"loc":{"start":{"line":10,"column":7},"end":{"line":10,"column":50}},"type":"binary-expr","locations":[{"start":{"line":10,"column":7},"end":{"line":10,"column":43}},{"start":{"line":10,"column":47},"end":{"line":10,"column":50}}],"line":10},"2":{"loc":{"start":{"line":20,"column":25},"end":{"line":20,"column":78}},"type":"binary-expr","locations":[{"start":{"line":20,"column":25},"end":{"line":20,"column":31}},{"start":{"line":20,"column":35},"end":{"line":20,"column":65}},{"start":{"line":20,"column":69},"end":{"line":20,"column":78}}],"line":20}},"s":{"0":13,"1":13,"2":29,"3":13,"4":13,"5":13},"f":{"0":29},"b":{"0":[13,0],"1":[13,0],"2":[29,0,0]},"_coverageSchema":"1a1c01bbd47fc00a2c39e90264f33305004495a9","hash":"1b9bb88fc198cdd0e534d77df6c5f140597ec25e"}
,"C:\\Users\\HP\\Desktop\\ANTI GRAVITY\\promptwarsx2-1\\src\\middleware\\recaptcha.js": {"path":"C:\\Users\\HP\\Desktop\\ANTI GRAVITY\\promptwarsx2-1\\src\\middleware\\recaptcha.js","statementMap":{"0":{"start":{"line":7,"column":2},"end":{"line":9,"column":3}},"1":{"start":{"line":8,"column":4},"end":{"line":8,"column":18}},"2":{"start":{"line":11,"column":16},"end":{"line":11,"column":75}},"3":{"start":{"line":13,"column":2},"end":{"line":18,"column":3}},"4":{"start":{"line":14,"column":4},"end":{"line":17,"column":7}},"5":{"start":{"line":20,"column":2},"end":{"line":55,"column":3}},"6":{"start":{"line":21,"column":49},"end":{"line":21,"column":94}},"7":{"start":{"line":22,"column":19},"end":{"line":22,"column":57}},"8":{"start":{"line":23,"column":22},"end":{"line":23,"column":90}},"9":{"start":{"line":25,"column":23},"end":{"line":34,"column":6}},"10":{"start":{"line":36,"column":4},"end":{"line":41,"column":5}},"11":{"start":{"line":37,"column":6},"end":{"line":40,"column":9}},"12":{"start":{"line":43,"column":4},"end":{"line":48,"column":5}},"13":{"start":{"line":44,"column":6},"end":{"line":47,"column":9}},"14":{"start":{"line":50,"column":4},"end":{"line":50,"column":53}},"15":{"start":{"line":51,"column":4},"end":{"line":51,"column":11}},"16":{"start":{"line":53,"column":4},"end":{"line":53,"column":86}},"17":{"start":{"line":54,"column":4},"end":{"line":54,"column":11}},"18":{"start":{"line":58,"column":0},"end":{"line":58,"column":37}}},"fnMap":{"0":{"name":"verifyRecaptcha","decl":{"start":{"line":6,"column":15},"end":{"line":6,"column":30}},"loc":{"start":{"line":6,"column":47},"end":{"line":56,"column":1}},"line":6}},"branchMap":{"0":{"loc":{"start":{"line":7,"column":2},"end":{"line":9,"column":3}},"type":"if","locations":[{"start":{"line":7,"column":2},"end":{"line":9,"column":3}},{"start":{},"end":{}}],"line":7},"1":{"loc":{"start":{"line":11,"column":16},"end":{"line":11,"column":75}},"type":"binary-expr","locations":[{"start":{"line":11,"column":16},"end":{"line":11,"column":39}},{"start":{"line":11,"column":43},"end":{"line":11,"column":75}}],"line":11},"2":{"loc":{"start":{"line":13,"column":2},"end":{"line":18,"column":3}},"type":"if","locations":[{"start":{"line":13,"column":2},"end":{"line":18,"column":3}},{"start":{},"end":{}}],"line":13},"3":{"loc":{"start":{"line":23,"column":22},"end":{"line":23,"column":90}},"type":"binary-expr","locations":[{"start":{"line":23,"column":22},"end":{"line":23,"column":54}},{"start":{"line":23,"column":58},"end":{"line":23,"column":90}}],"line":23},"4":{"loc":{"start":{"line":36,"column":4},"end":{"line":41,"column":5}},"type":"if","locations":[{"start":{"line":36,"column":4},"end":{"line":41,"column":5}},{"start":{},"end":{}}],"line":36},"5":{"loc":{"start":{"line":43,"column":4},"end":{"line":48,"column":5}},"type":"if","locations":[{"start":{"line":43,"column":4},"end":{"line":48,"column":5}},{"start":{},"end":{}}],"line":43}},"s":{"0":2,"1":2,"2":0,"3":0,"4":0,"5":0,"6":0,"7":0,"8":0,"9":0,"10":0,"11":0,"12":0,"13":0,"14":0,"15":0,"16":0,"17":0,"18":3},"f":{"0":2},"b":{"0":[2,0],"1":[0,0],"2":[0,0],"3":[0,0],"4":[0,0],"5":[0,0]},"_coverageSchema":"1a1c01bbd47fc00a2c39e90264f33305004495a9","hash":"f4ec257b0a494a7514eb8c6299cf0dc6e98ca6d2"}
,"C:\\Users\\HP\\Desktop\\ANTI GRAVITY\\promptwarsx2-1\\src\\middleware\\security.js": {"path":"C:\\Users\\HP\\Desktop\\ANTI GRAVITY\\promptwarsx2-1\\src\\middleware\\security.js","statementMap":{"0":{"start":{"line":6,"column":15},"end":{"line":6,"column":32}},"1":{"start":{"line":7,"column":13},"end":{"line":7,"column":28}},"2":{"start":{"line":13,"column":2},"end":{"line":44,"column":5}},"3":{"start":{"line":51,"column":25},"end":{"line":53,"column":56}},"4":{"start":{"line":55,"column":2},"end":{"line":67,"column":5}},"5":{"start":{"line":57,"column":6},"end":{"line":61,"column":7}},"6":{"start":{"line":58,"column":8},"end":{"line":58,"column":29}},"7":{"start":{"line":60,"column":8},"end":{"line":60,"column":29}},"8":{"start":{"line":74,"column":2},"end":{"line":76,"column":3}},"9":{"start":{"line":75,"column":4},"end":{"line":75,"column":18}},"10":{"start":{"line":79,"column":2},"end":{"line":81,"column":3}},"11":{"start":{"line":80,"column":4},"end":{"line":80,"column":18}},"12":{"start":{"line":83,"column":22},"end":{"line":83,"column":62}},"13":{"start":{"line":84,"column":22},"end":{"line":84,"column":49}},"14":{"start":{"line":86,"column":2},"end":{"line":91,"column":3}},"15":{"start":{"line":87,"column":4},"end":{"line":90,"column":7}},"16":{"start":{"line":93,"column":2},"end":{"line":93,"column":9}},"17":{"start":{"line":96,"column":0},"end":{"line":96,"column":82}}},"fnMap":{"0":{"name":"createHelmetMiddleware","decl":{"start":{"line":12,"column":9},"end":{"line":12,"column":31}},"loc":{"start":{"line":12,"column":34},"end":{"line":45,"column":1}},"line":12},"1":{"name":"createCorsMiddleware","decl":{"start":{"line":50,"column":9},"end":{"line":50,"column":29}},"loc":{"start":{"line":50,"column":32},"end":{"line":68,"column":1}},"line":50},"2":{"name":"(anonymous_2)","decl":{"start":{"line":56,"column":12},"end":{"line":56,"column":13}},"loc":{"start":{"line":56,"column":34},"end":{"line":62,"column":5}},"line":56},"3":{"name":"csrfProtection","decl":{"start":{"line":73,"column":9},"end":{"line":73,"column":23}},"loc":{"start":{"line":73,"column":40},"end":{"line":94,"column":1}},"line":73}},"branchMap":{"0":{"loc":{"start":{"line":51,"column":25},"end":{"line":53,"column":56}},"type":"cond-expr","locations":[{"start":{"line":52,"column":6},"end":{"line":52,"column":40}},{"start":{"line":53,"column":6},"end":{"line":53,"column":56}}],"line":51},"1":{"loc":{"start":{"line":57,"column":6},"end":{"line":61,"column":7}},"type":"if","locations":[{"start":{"line":57,"column":6},"end":{"line":61,"column":7}},{"start":{"line":59,"column":13},"end":{"line":61,"column":7}}],"line":57},"2":{"loc":{"start":{"line":57,"column":10},"end":{"line":57,"column":52}},"type":"binary-expr","locations":[{"start":{"line":57,"column":10},"end":{"line":57,"column":17}},{"start":{"line":57,"column":21},"end":{"line":57,"column":52}}],"line":57},"3":{"loc":{"start":{"line":74,"column":2},"end":{"line":76,"column":3}},"type":"if","locations":[{"start":{"line":74,"column":2},"end":{"line":76,"column":3}},{"start":{},"end":{}}],"line":74},"4":{"loc":{"start":{"line":79,"column":2},"end":{"line":81,"column":3}},"type":"if","locations":[{"start":{"line":79,"column":2},"end":{"line":81,"column":3}},{"start":{},"end":{}}],"line":79},"5":{"loc":{"start":{"line":83,"column":22},"end":{"line":83,"column":62}},"type":"binary-expr","locations":[{"start":{"line":83,"column":22},"end":{"line":83,"column":33}},{"start":{"line":83,"column":37},"end":{"line":83,"column":62}}],"line":83},"6":{"loc":{"start":{"line":86,"column":2},"end":{"line":91,"column":3}},"type":"if","locations":[{"start":{"line":86,"column":2},"end":{"line":91,"column":3}},{"start":{},"end":{}}],"line":86},"7":{"loc":{"start":{"line":86,"column":6},"end":{"line":86,"column":65}},"type":"binary-expr","locations":[{"start":{"line":86,"column":6},"end":{"line":86,"column":18}},{"start":{"line":86,"column":22},"end":{"line":86,"column":34}},{"start":{"line":86,"column":38},"end":{"line":86,"column":65}}],"line":86}},"s":{"0":22,"1":22,"2":14,"3":14,"4":14,"5":30,"6":30,"7":0,"8":5,"9":3,"10":2,"11":1,"12":1,"13":1,"14":1,"15":1,"16":0,"17":22},"f":{"0":14,"1":14,"2":30,"3":5},"b":{"0":[13,1],"1":[30,0],"2":[30,0],"3":[3,2],"4":[1,1],"5":[1,1],"6":[1,0],"7":[1,0,0]},"_coverageSchema":"1a1c01bbd47fc00a2c39e90264f33305004495a9","hash":"890cce10231f1eafbf3509d8ef3a7a2dee2d284e"}
,"C:\\Users\\HP\\Desktop\\ANTI GRAVITY\\promptwarsx2-1\\src\\middleware\\validation.js": {"path":"C:\\Users\\HP\\Desktop\\ANTI GRAVITY\\promptwarsx2-1\\src\\middleware\\validation.js","statementMap":{"0":{"start":{"line":5,"column":49},"end":{"line":5,"column":77}},"1":{"start":{"line":9,"column":17},"end":{"line":9,"column":38}},"2":{"start":{"line":10,"column":2},"end":{"line":22,"column":3}},"3":{"start":{"line":11,"column":4},"end":{"line":21,"column":7}},"4":{"start":{"line":16,"column":42},"end":{"line":19,"column":9}},"5":{"start":{"line":23,"column":2},"end":{"line":23,"column":9}},"6":{"start":{"line":27,"column":22},"end":{"line":42,"column":1}},"7":{"start":{"line":45,"column":28},"end":{"line":58,"column":1}},"8":{"start":{"line":61,"column":22},"end":{"line":71,"column":1}},"9":{"start":{"line":74,"column":25},"end":{"line":79,"column":1}},"10":{"start":{"line":82,"column":24},"end":{"line":92,"column":1}},"11":{"start":{"line":95,"column":28},"end":{"line":101,"column":1}},"12":{"start":{"line":103,"column":0},"end":{"line":111,"column":2}}},"fnMap":{"0":{"name":"validate","decl":{"start":{"line":8,"column":9},"end":{"line":8,"column":17}},"loc":{"start":{"line":8,"column":34},"end":{"line":24,"column":1}},"line":8},"1":{"name":"(anonymous_1)","decl":{"start":{"line":16,"column":36},"end":{"line":16,"column":37}},"loc":{"start":{"line":16,"column":42},"end":{"line":19,"column":9}},"line":16}},"branchMap":{"0":{"loc":{"start":{"line":10,"column":2},"end":{"line":22,"column":3}},"type":"if","locations":[{"start":{"line":10,"column":2},"end":{"line":22,"column":3}},{"start":{},"end":{}}],"line":10}},"s":{"0":13,"1":11,"2":11,"3":5,"4":6,"5":6,"6":13,"7":13,"8":13,"9":13,"10":13,"11":13,"12":13},"f":{"0":11,"1":6},"b":{"0":[5,6]},"_coverageSchema":"1a1c01bbd47fc00a2c39e90264f33305004495a9","hash":"4783a1b66a2000c5759363b335fe6e385331414c"}
,"C:\\Users\\HP\\Desktop\\ANTI GRAVITY\\promptwarsx2-1\\src\\routes\\accessibility.js": {"path":"C:\\Users\\HP\\Desktop\\ANTI GRAVITY\\promptwarsx2-1\\src\\routes\\accessibility.js","statementMap":{"0":{"start":{"line":5,"column":16},"end":{"line":5,"column":34}},"1":{"start":{"line":6,"column":15},"end":{"line":6,"column":31}},"2":{"start":{"line":7,"column":11},"end":{"line":7,"column":24}},"3":{"start":{"line":8,"column":13},"end":{"line":8,"column":28}},"4":{"start":{"line":11,"column":0},"end":{"line":35,"column":3}},"5":{"start":{"line":12,"column":2},"end":{"line":34,"column":3}},"6":{"start":{"line":13,"column":21},"end":{"line":13,"column":83}},"7":{"start":{"line":14,"column":17},"end":{"line":14,"column":62}},"8":{"start":{"line":16,"column":24},"end":{"line":29,"column":5}},"9":{"start":{"line":19,"column":37},"end":{"line":25,"column":7}},"10":{"start":{"line":31,"column":4},"end":{"line":31,"column":51}},"11":{"start":{"line":33,"column":4},"end":{"line":33,"column":91}},"12":{"start":{"line":38,"column":0},"end":{"line":53,"column":3}},"13":{"start":{"line":39,"column":2},"end":{"line":52,"column":5}},"14":{"start":{"line":55,"column":0},"end":{"line":55,"column":24}}},"fnMap":{"0":{"name":"(anonymous_0)","decl":{"start":{"line":11,"column":25},"end":{"line":11,"column":26}},"loc":{"start":{"line":11,"column":39},"end":{"line":35,"column":1}},"line":11},"1":{"name":"(anonymous_1)","decl":{"start":{"line":19,"column":28},"end":{"line":19,"column":29}},"loc":{"start":{"line":19,"column":37},"end":{"line":25,"column":7}},"line":19},"2":{"name":"(anonymous_2)","decl":{"start":{"line":38,"column":29},"end":{"line":38,"column":30}},"loc":{"start":{"line":38,"column":43},"end":{"line":53,"column":1}},"line":38}},"branchMap":{},"s":{"0":13,"1":13,"2":13,"3":13,"4":13,"5":3,"6":3,"7":3,"8":3,"9":15,"10":3,"11":0,"12":13,"13":1,"14":13},"f":{"0":3,"1":15,"2":1},"b":{},"_coverageSchema":"1a1c01bbd47fc00a2c39e90264f33305004495a9","hash":"dd44d652b827d7d0ac80179792f77a188895e3e3"}
,"C:\\Users\\HP\\Desktop\\ANTI GRAVITY\\promptwarsx2-1\\src\\routes\\assistant.js": {"path":"C:\\Users\\HP\\Desktop\\ANTI GRAVITY\\promptwarsx2-1\\src\\routes\\assistant.js","statementMap":{"0":{"start":{"line":4,"column":16},"end":{"line":4,"column":34}},"1":{"start":{"line":5,"column":15},"end":{"line":5,"column":31}},"2":{"start":{"line":6,"column":25},"end":{"line":6,"column":54}},"3":{"start":{"line":7,"column":29},"end":{"line":7,"column":55}},"4":{"start":{"line":8,"column":29},"end":{"line":8,"column":55}},"5":{"start":{"line":9,"column":62},"end":{"line":9,"column":97}},"6":{"start":{"line":10,"column":41},"end":{"line":10,"column":77}},"7":{"start":{"line":11,"column":29},"end":{"line":11,"column":58}},"8":{"start":{"line":14,"column":0},"end":{"line":39,"column":3}},"9":{"start":{"line":15,"column":2},"end":{"line":38,"column":3}},"10":{"start":{"line":16,"column":21},"end":{"line":16,"column":56}},"11":{"start":{"line":17,"column":33},"end":{"line":17,"column":41}},"12":{"start":{"line":19,"column":36},"end":{"line":22,"column":6}},"13":{"start":{"line":21,"column":46},"end":{"line":21,"column":88}},"14":{"start":{"line":24,"column":4},"end":{"line":35,"column":7}},"15":{"start":{"line":37,"column":4},"end":{"line":37,"column":16}},"16":{"start":{"line":42,"column":0},"end":{"line":65,"column":3}},"17":{"start":{"line":43,"column":2},"end":{"line":64,"column":3}},"18":{"start":{"line":44,"column":35},"end":{"line":44,"column":43}},"19":{"start":{"line":45,"column":19},"end":{"line":45,"column":72}},"20":{"start":{"line":47,"column":4},"end":{"line":52,"column":5}},"21":{"start":{"line":48,"column":6},"end":{"line":51,"column":9}},"22":{"start":{"line":54,"column":4},"end":{"line":61,"column":7}},"23":{"start":{"line":63,"column":4},"end":{"line":63,"column":16}},"24":{"start":{"line":68,"column":0},"end":{"line":75,"column":3}},"25":{"start":{"line":69,"column":2},"end":{"line":74,"column":3}},"26":{"start":{"line":70,"column":19},"end":{"line":70,"column":56}},"27":{"start":{"line":71,"column":4},"end":{"line":71,"column":46}},"28":{"start":{"line":73,"column":4},"end":{"line":73,"column":16}},"29":{"start":{"line":77,"column":0},"end":{"line":77,"column":24}}},"fnMap":{"0":{"name":"(anonymous_0)","decl":{"start":{"line":14,"column":53},"end":{"line":14,"column":54}},"loc":{"start":{"line":14,"column":79},"end":{"line":39,"column":1}},"line":14},"1":{"name":"(anonymous_1)","decl":{"start":{"line":21,"column":39},"end":{"line":21,"column":40}},"loc":{"start":{"line":21,"column":46},"end":{"line":21,"column":88}},"line":21},"2":{"name":"(anonymous_2)","decl":{"start":{"line":42,"column":47},"end":{"line":42,"column":48}},"loc":{"start":{"line":42,"column":73},"end":{"line":65,"column":1}},"line":42},"3":{"name":"(anonymous_3)","decl":{"start":{"line":68,"column":47},"end":{"line":68,"column":48}},"loc":{"start":{"line":68,"column":73},"end":{"line":75,"column":1}},"line":68}},"branchMap":{"0":{"loc":{"start":{"line":20,"column":37},"end":{"line":20,"column":53}},"type":"binary-expr","locations":[{"start":{"line":20,"column":37},"end":{"line":20,"column":45}},{"start":{"line":20,"column":49},"end":{"line":20,"column":53}}],"line":20},"1":{"loc":{"start":{"line":45,"column":48},"end":{"line":45,"column":71}},"type":"binary-expr","locations":[{"start":{"line":45,"column":48},"end":{"line":45,"column":60}},{"start":{"line":45,"column":64},"end":{"line":45,"column":71}}],"line":45},"2":{"loc":{"start":{"line":47,"column":4},"end":{"line":52,"column":5}},"type":"if","locations":[{"start":{"line":47,"column":4},"end":{"line":52,"column":5}},{"start":{},"end":{}}],"line":47}},"s":{"0":13,"1":13,"2":13,"3":13,"4":13,"5":13,"6":13,"7":13,"8":13,"9":2,"10":2,"11":2,"12":2,"13":0,"14":2,"15":0,"16":13,"17":0,"18":0,"19":0,"20":0,"21":0,"22":0,"23":0,"24":13,"25":0,"26":0,"27":0,"28":0,"29":13},"f":{"0":2,"1":0,"2":0,"3":0},"b":{"0":[2,2],"1":[0,0],"2":[0,0]},"_coverageSchema":"1a1c01bbd47fc00a2c39e90264f33305004495a9","hash":"337ee06719fd742af6cdbd7a4b69b8a84b6885f2"}
,"C:\\Users\\HP\\Desktop\\ANTI GRAVITY\\promptwarsx2-1\\src\\routes\\checks.js": {"path":"C:\\Users\\HP\\Desktop\\ANTI GRAVITY\\promptwarsx2-1\\src\\routes\\checks.js","statementMap":{"0":{"start":{"line":4,"column":16},"end":{"line":4,"column":34}},"1":{"start":{"line":5,"column":15},"end":{"line":5,"column":31}},"2":{"start":{"line":6,"column":46},"end":{"line":6,"column":77}},"3":{"start":{"line":7,"column":28},"end":{"line":7,"column":63}},"4":{"start":{"line":10,"column":0},"end":{"line":13,"column":3}},"5":{"start":{"line":11,"column":15},"end":{"line":11,"column":27}},"6":{"start":{"line":12,"column":2},"end":{"line":12,"column":36}},"7":{"start":{"line":16,"column":0},"end":{"line":25,"column":3}},"8":{"start":{"line":17,"column":16},"end":{"line":23,"column":4}},"9":{"start":{"line":24,"column":2},"end":{"line":24,"column":55}},"10":{"start":{"line":28,"column":0},"end":{"line":31,"column":3}},"11":{"start":{"line":29,"column":2},"end":{"line":29,"column":16}},"12":{"start":{"line":30,"column":2},"end":{"line":30,"column":61}},"13":{"start":{"line":33,"column":0},"end":{"line":33,"column":24}}},"fnMap":{"0":{"name":"(anonymous_0)","decl":{"start":{"line":10,"column":16},"end":{"line":10,"column":17}},"loc":{"start":{"line":10,"column":30},"end":{"line":13,"column":1}},"line":10},"1":{"name":"(anonymous_1)","decl":{"start":{"line":16,"column":34},"end":{"line":16,"column":35}},"loc":{"start":{"line":16,"column":48},"end":{"line":25,"column":1}},"line":16},"2":{"name":"(anonymous_2)","decl":{"start":{"line":28,"column":19},"end":{"line":28,"column":20}},"loc":{"start":{"line":28,"column":33},"end":{"line":31,"column":1}},"line":28}},"branchMap":{"0":{"loc":{"start":{"line":18,"column":13},"end":{"line":18,"column":41}},"type":"binary-expr","locations":[{"start":{"line":18,"column":13},"end":{"line":18,"column":29}},{"start":{"line":18,"column":33},"end":{"line":18,"column":41}}],"line":18},"1":{"loc":{"start":{"line":19,"column":12},"end":{"line":19,"column":35}},"type":"binary-expr","locations":[{"start":{"line":19,"column":12},"end":{"line":19,"column":27}},{"start":{"line":19,"column":31},"end":{"line":19,"column":35}}],"line":19},"2":{"loc":{"start":{"line":20,"column":18},"end":{"line":20,"column":47}},"type":"binary-expr","locations":[{"start":{"line":20,"column":18},"end":{"line":20,"column":39}},{"start":{"line":20,"column":43},"end":{"line":20,"column":47}}],"line":20},"3":{"loc":{"start":{"line":21,"column":13},"end":{"line":21,"column":37}},"type":"binary-expr","locations":[{"start":{"line":21,"column":13},"end":{"line":21,"column":29}},{"start":{"line":21,"column":33},"end":{"line":21,"column":37}}],"line":21},"4":{"loc":{"start":{"line":22,"column":13},"end":{"line":22,"column":69}},"type":"cond-expr","locations":[{"start":{"line":22,"column":46},"end":{"line":22,"column":62}},{"start":{"line":22,"column":65},"end":{"line":22,"column":69}}],"line":22}},"s":{"0":13,"1":13,"2":13,"3":13,"4":13,"5":1,"6":1,"7":13,"8":1,"9":1,"10":13,"11":0,"12":0,"13":13},"f":{"0":1,"1":1,"2":0},"b":{"0":[1,0],"1":[1,0],"2":[1,1],"3":[1,1],"4":[0,1]},"_coverageSchema":"1a1c01bbd47fc00a2c39e90264f33305004495a9","hash":"3d6b735a3acc0cf5d8609f6bc45347d5b698c7a6"}
,"C:\\Users\\HP\\Desktop\\ANTI GRAVITY\\promptwarsx2-1\\src\\routes\\health.js": {"path":"C:\\Users\\HP\\Desktop\\ANTI GRAVITY\\promptwarsx2-1\\src\\routes\\health.js","statementMap":{"0":{"start":{"line":4,"column":16},"end":{"line":4,"column":34}},"1":{"start":{"line":5,"column":15},"end":{"line":5,"column":31}},"2":{"start":{"line":6,"column":21},"end":{"line":6,"column":52}},"3":{"start":{"line":8,"column":18},"end":{"line":8,"column":28}},"4":{"start":{"line":10,"column":0},"end":{"line":47,"column":3}},"5":{"start":{"line":11,"column":17},"end":{"line":11,"column":60}},"6":{"start":{"line":12,"column":19},"end":{"line":12,"column":40}},"7":{"start":{"line":14,"column":17},"end":{"line":35,"column":3}},"8":{"start":{"line":38,"column":2},"end":{"line":44,"column":5}},"9":{"start":{"line":46,"column":2},"end":{"line":46,"column":44}},"10":{"start":{"line":49,"column":0},"end":{"line":51,"column":3}},"11":{"start":{"line":50,"column":2},"end":{"line":50,"column":43}},"12":{"start":{"line":53,"column":0},"end":{"line":55,"column":3}},"13":{"start":{"line":54,"column":2},"end":{"line":54,"column":43}},"14":{"start":{"line":57,"column":0},"end":{"line":57,"column":24}}},"fnMap":{"0":{"name":"(anonymous_0)","decl":{"start":{"line":10,"column":16},"end":{"line":10,"column":17}},"loc":{"start":{"line":10,"column":30},"end":{"line":47,"column":1}},"line":10},"1":{"name":"(anonymous_1)","decl":{"start":{"line":49,"column":21},"end":{"line":49,"column":22}},"loc":{"start":{"line":49,"column":35},"end":{"line":51,"column":1}},"line":49},"2":{"name":"(anonymous_2)","decl":{"start":{"line":53,"column":20},"end":{"line":53,"column":21}},"loc":{"start":{"line":53,"column":34},"end":{"line":55,"column":1}},"line":53}},"branchMap":{"0":{"loc":{"start":{"line":25,"column":17},"end":{"line":25,"column":54}},"type":"binary-expr","locations":[{"start":{"line":25,"column":17},"end":{"line":25,"column":37}},{"start":{"line":25,"column":41},"end":{"line":25,"column":54}}],"line":25}},"s":{"0":13,"1":13,"2":13,"3":13,"4":13,"5":8,"6":8,"7":8,"8":8,"9":8,"10":13,"11":1,"12":13,"13":0,"14":13},"f":{"0":8,"1":1,"2":0},"b":{"0":[8,0]},"_coverageSchema":"1a1c01bbd47fc00a2c39e90264f33305004495a9","hash":"e1f7db5d8d6b3a97b057dc53d1364373f8e7a902"}
,"C:\\Users\\HP\\Desktop\\ANTI GRAVITY\\promptwarsx2-1\\src\\routes\\timeline.js": {"path":"C:\\Users\\HP\\Desktop\\ANTI GRAVITY\\promptwarsx2-1\\src\\routes\\timeline.js","statementMap":{"0":{"start":{"line":4,"column":16},"end":{"line":4,"column":34}},"1":{"start":{"line":5,"column":15},"end":{"line":5,"column":31}},"2":{"start":{"line":6,"column":11},"end":{"line":6,"column":24}},"3":{"start":{"line":7,"column":13},"end":{"line":7,"column":28}},"4":{"start":{"line":10,"column":19},"end":{"line":10,"column":81}},"5":{"start":{"line":11,"column":14},"end":{"line":11,"column":47}},"6":{"start":{"line":12,"column":15},"end":{"line":12,"column":30}},"7":{"start":{"line":13,"column":2},"end":{"line":13,"column":64}},"8":{"start":{"line":17,"column":0},"end":{"line":36,"column":3}},"9":{"start":{"line":18,"column":34},"end":{"line":18,"column":48}},"10":{"start":{"line":21,"column":14},"end":{"line":21,"column":24}},"11":{"start":{"line":22,"column":19},"end":{"line":33,"column":4}},"12":{"start":{"line":23,"column":17},"end":{"line":23,"column":34}},"13":{"start":{"line":24,"column":22},"end":{"line":24,"column":69}},"14":{"start":{"line":25,"column":4},"end":{"line":32,"column":6}},"15":{"start":{"line":26,"column":58},"end":{"line":26,"column":73}},"16":{"start":{"line":35,"column":2},"end":{"line":35,"column":69}},"17":{"start":{"line":38,"column":0},"end":{"line":38,"column":24}}},"fnMap":{"0":{"name":"loadTimeline","decl":{"start":{"line":9,"column":9},"end":{"line":9,"column":21}},"loc":{"start":{"line":9,"column":24},"end":{"line":14,"column":1}},"line":9},"1":{"name":"(anonymous_1)","decl":{"start":{"line":17,"column":16},"end":{"line":17,"column":17}},"loc":{"start":{"line":17,"column":30},"end":{"line":36,"column":1}},"line":17},"2":{"name":"(anonymous_2)","decl":{"start":{"line":22,"column":48},"end":{"line":22,"column":49}},"loc":{"start":{"line":22,"column":68},"end":{"line":33,"column":3}},"line":22},"3":{"name":"(anonymous_3)","decl":{"start":{"line":26,"column":53},"end":{"line":26,"column":54}},"loc":{"start":{"line":26,"column":58},"end":{"line":26,"column":73}},"line":26}},"branchMap":{"0":{"loc":{"start":{"line":30,"column":14},"end":{"line":30,"column":105}},"type":"cond-expr","locations":[{"start":{"line":30,"column":30},"end":{"line":30,"column":36}},{"start":{"line":30,"column":39},"end":{"line":30,"column":105}}],"line":30},"1":{"loc":{"start":{"line":30,"column":39},"end":{"line":30,"column":105}},"type":"cond-expr","locations":[{"start":{"line":30,"column":57},"end":{"line":30,"column":64}},{"start":{"line":30,"column":67},"end":{"line":30,"column":105}}],"line":30},"2":{"loc":{"start":{"line":30,"column":67},"end":{"line":30,"column":105}},"type":"cond-expr","locations":[{"start":{"line":30,"column":84},"end":{"line":30,"column":94}},{"start":{"line":30,"column":97},"end":{"line":30,"column":105}}],"line":30}},"s":{"0":13,"1":13,"2":13,"3":13,"4":2,"5":2,"6":2,"7":2,"8":13,"9":2,"10":2,"11":2,"12":14,"13":14,"14":14,"15":34,"16":2,"17":13},"f":{"0":2,"1":2,"2":14,"3":34},"b":{"0":[0,14],"1":[0,14],"2":[0,14]},"_coverageSchema":"1a1c01bbd47fc00a2c39e90264f33305004495a9","hash":"a34f8c3522bbf0617fd1982eac3a95dd164ef54f"}
,"C:\\Users\\HP\\Desktop\\ANTI GRAVITY\\promptwarsx2-1\\src\\routes\\translate.js": {"path":"C:\\Users\\HP\\Desktop\\ANTI GRAVITY\\promptwarsx2-1\\src\\routes\\translate.js","statementMap":{"0":{"start":{"line":4,"column":16},"end":{"line":4,"column":34}},"1":{"start":{"line":5,"column":15},"end":{"line":5,"column":31}},"2":{"start":{"line":6,"column":42},"end":{"line":6,"column":74}},"3":{"start":{"line":7,"column":32},"end":{"line":7,"column":67}},"4":{"start":{"line":10,"column":0},"end":{"line":18,"column":3}},"5":{"start":{"line":11,"column":2},"end":{"line":17,"column":3}},"6":{"start":{"line":12,"column":53},"end":{"line":12,"column":61}},"7":{"start":{"line":13,"column":19},"end":{"line":13,"column":76}},"8":{"start":{"line":14,"column":4},"end":{"line":14,"column":46}},"9":{"start":{"line":16,"column":4},"end":{"line":16,"column":16}},"10":{"start":{"line":21,"column":0},"end":{"line":32,"column":3}},"11":{"start":{"line":22,"column":2},"end":{"line":31,"column":3}},"12":{"start":{"line":23,"column":21},"end":{"line":23,"column":29}},"13":{"start":{"line":24,"column":4},"end":{"line":26,"column":5}},"14":{"start":{"line":25,"column":6},"end":{"line":25,"column":94}},"15":{"start":{"line":27,"column":19},"end":{"line":27,"column":45}},"16":{"start":{"line":28,"column":4},"end":{"line":28,"column":46}},"17":{"start":{"line":30,"column":4},"end":{"line":30,"column":16}},"18":{"start":{"line":34,"column":0},"end":{"line":34,"column":24}}},"fnMap":{"0":{"name":"(anonymous_0)","decl":{"start":{"line":10,"column":38},"end":{"line":10,"column":39}},"loc":{"start":{"line":10,"column":64},"end":{"line":18,"column":1}},"line":10},"1":{"name":"(anonymous_1)","decl":{"start":{"line":21,"column":23},"end":{"line":21,"column":24}},"loc":{"start":{"line":21,"column":49},"end":{"line":32,"column":1}},"line":21}},"branchMap":{"0":{"loc":{"start":{"line":24,"column":4},"end":{"line":26,"column":5}},"type":"if","locations":[{"start":{"line":24,"column":4},"end":{"line":26,"column":5}},{"start":{},"end":{}}],"line":24}},"s":{"0":13,"1":13,"2":13,"3":13,"4":13,"5":1,"6":1,"7":1,"8":1,"9":0,"10":13,"11":0,"12":0,"13":0,"14":0,"15":0,"16":0,"17":0,"18":13},"f":{"0":1,"1":0},"b":{"0":[0,0]},"_coverageSchema":"1a1c01bbd47fc00a2c39e90264f33305004495a9","hash":"22e3c8c8fc05ff5792de7c478eb6d6faf6ec324b"}
,"C:\\Users\\HP\\Desktop\\ANTI GRAVITY\\promptwarsx2-1\\src\\routes\\zones.js": {"path":"C:\\Users\\HP\\Desktop\\ANTI GRAVITY\\promptwarsx2-1\\src\\routes\\zones.js","statementMap":{"0":{"start":{"line":4,"column":16},"end":{"line":4,"column":34}},"1":{"start":{"line":5,"column":15},"end":{"line":5,"column":31}},"2":{"start":{"line":6,"column":11},"end":{"line":6,"column":24}},"3":{"start":{"line":7,"column":13},"end":{"line":7,"column":28}},"4":{"start":{"line":8,"column":29},"end":{"line":8,"column":64}},"5":{"start":{"line":9,"column":26},"end":{"line":9,"column":52}},"6":{"start":{"line":12,"column":19},"end":{"line":12,"column":81}},"7":{"start":{"line":13,"column":14},"end":{"line":13,"column":47}},"8":{"start":{"line":14,"column":2},"end":{"line":14,"column":31}},"9":{"start":{"line":18,"column":0},"end":{"line":27,"column":3}},"10":{"start":{"line":19,"column":16},"end":{"line":19,"column":27}},"11":{"start":{"line":20,"column":18},"end":{"line":25,"column":5}},"12":{"start":{"line":20,"column":34},"end":{"line":25,"column":3}},"13":{"start":{"line":26,"column":2},"end":{"line":26,"column":68}},"14":{"start":{"line":30,"column":0},"end":{"line":35,"column":3}},"15":{"start":{"line":31,"column":16},"end":{"line":31,"column":27}},"16":{"start":{"line":32,"column":15},"end":{"line":32,"column":54}},"17":{"start":{"line":32,"column":31},"end":{"line":32,"column":53}},"18":{"start":{"line":33,"column":2},"end":{"line":33,"column":52}},"19":{"start":{"line":33,"column":13},"end":{"line":33,"column":52}},"20":{"start":{"line":34,"column":2},"end":{"line":34,"column":42}},"21":{"start":{"line":37,"column":0},"end":{"line":37,"column":24}}},"fnMap":{"0":{"name":"loadZones","decl":{"start":{"line":11,"column":9},"end":{"line":11,"column":18}},"loc":{"start":{"line":11,"column":21},"end":{"line":15,"column":1}},"line":11},"1":{"name":"(anonymous_1)","decl":{"start":{"line":18,"column":16},"end":{"line":18,"column":17}},"loc":{"start":{"line":18,"column":30},"end":{"line":27,"column":1}},"line":18},"2":{"name":"(anonymous_2)","decl":{"start":{"line":20,"column":28},"end":{"line":20,"column":29}},"loc":{"start":{"line":20,"column":34},"end":{"line":25,"column":3}},"line":20},"3":{"name":"(anonymous_3)","decl":{"start":{"line":30,"column":37},"end":{"line":30,"column":38}},"loc":{"start":{"line":30,"column":57},"end":{"line":35,"column":1}},"line":30},"4":{"name":"(anonymous_4)","decl":{"start":{"line":32,"column":26},"end":{"line":32,"column":27}},"loc":{"start":{"line":32,"column":31},"end":{"line":32,"column":53}},"line":32}},"branchMap":{"0":{"loc":{"start":{"line":33,"column":2},"end":{"line":33,"column":52}},"type":"if","locations":[{"start":{"line":33,"column":2},"end":{"line":33,"column":52}},{"start":{},"end":{}}],"line":33}},"s":{"0":13,"1":13,"2":13,"3":13,"4":13,"5":13,"6":4,"7":4,"8":4,"9":13,"10":2,"11":2,"12":10,"13":2,"14":13,"15":2,"16":2,"17":6,"18":2,"19":1,"20":1,"21":13},"f":{"0":4,"1":2,"2":10,"3":2,"4":6},"b":{"0":[1,1]},"_coverageSchema":"1a1c01bbd47fc00a2c39e90264f33305004495a9","hash":"5feebfa9146f8226f6bd5c29c5a6e92d3455626d"}
,"C:\\Users\\HP\\Desktop\\ANTI GRAVITY\\promptwarsx2-1\\src\\services\\cloudTasks.js": {"path":"C:\\Users\\HP\\Desktop\\ANTI GRAVITY\\promptwarsx2-1\\src\\services\\cloudTasks.js","statementMap":{"0":{"start":{"line":7,"column":2},"end":{"line":34,"column":3}},"1":{"start":{"line":8,"column":33},"end":{"line":8,"column":63}},"2":{"start":{"line":9,"column":19},"end":{"line":9,"column":41}},"3":{"start":{"line":10,"column":20},"end":{"line":10,"column":52}},"4":{"start":{"line":11,"column":21},"end":{"line":11,"column":70}},"5":{"start":{"line":12,"column":19},"end":{"line":12,"column":65}},"6":{"start":{"line":14,"column":17},"end":{"line":21,"column":5}},"7":{"start":{"line":23,"column":4},"end":{"line":27,"column":5}},"8":{"start":{"line":24,"column":6},"end":{"line":26,"column":8}},"9":{"start":{"line":29,"column":23},"end":{"line":29,"column":64}},"10":{"start":{"line":30,"column":4},"end":{"line":30,"column":50}},"11":{"start":{"line":32,"column":4},"end":{"line":32,"column":95}},"12":{"start":{"line":33,"column":4},"end":{"line":33,"column":46}},"13":{"start":{"line":37,"column":0},"end":{"line":37,"column":32}}},"fnMap":{"0":{"name":"createTask","decl":{"start":{"line":6,"column":15},"end":{"line":6,"column":25}},"loc":{"start":{"line":6,"column":64},"end":{"line":35,"column":1}},"line":6}},"branchMap":{"0":{"loc":{"start":{"line":6,"column":46},"end":{"line":6,"column":62}},"type":"default-arg","locations":[{"start":{"line":6,"column":61},"end":{"line":6,"column":62}}],"line":6},"1":{"loc":{"start":{"line":11,"column":21},"end":{"line":11,"column":70}},"type":"binary-expr","locations":[{"start":{"line":11,"column":21},"end":{"line":11,"column":53}},{"start":{"line":11,"column":57},"end":{"line":11,"column":70}}],"line":11},"2":{"loc":{"start":{"line":17,"column":16},"end":{"line":17,"column":66}},"type":"binary-expr","locations":[{"start":{"line":17,"column":16},"end":{"line":17,"column":39}},{"start":{"line":17,"column":43},"end":{"line":17,"column":66}}],"line":17},"3":{"loc":{"start":{"line":23,"column":4},"end":{"line":27,"column":5}},"type":"if","locations":[{"start":{"line":23,"column":4},"end":{"line":27,"column":5}},{"start":{},"end":{}}],"line":23}},"s":{"0":2,"1":2,"2":2,"3":2,"4":2,"5":2,"6":0,"7":0,"8":0,"9":0,"10":0,"11":2,"12":2,"13":3},"f":{"0":2},"b":{"0":[1],"1":[2,2],"2":[0,0],"3":[0,0]},"_coverageSchema":"1a1c01bbd47fc00a2c39e90264f33305004495a9","hash":"05e5cc0ee7604c464044db432b92c6ccb739737d"}
,"C:\\Users\\HP\\Desktop\\ANTI GRAVITY\\promptwarsx2-1\\src\\services\\firestore.js": {"path":"C:\\Users\\HP\\Desktop\\ANTI GRAVITY\\promptwarsx2-1\\src\\services\\firestore.js","statementMap":{"0":{"start":{"line":6,"column":9},"end":{"line":6,"column":13}},"1":{"start":{"line":9,"column":2},"end":{"line":9,"column":59}},"2":{"start":{"line":9,"column":47},"end":{"line":9,"column":59}},"3":{"start":{"line":10,"column":2},"end":{"line":10,"column":20}},"4":{"start":{"line":10,"column":10},"end":{"line":10,"column":20}},"5":{"start":{"line":12,"column":2},"end":{"line":19,"column":3}},"6":{"start":{"line":13,"column":26},"end":{"line":13,"column":60}},"7":{"start":{"line":14,"column":4},"end":{"line":14,"column":72}},"8":{"start":{"line":15,"column":4},"end":{"line":15,"column":14}},"9":{"start":{"line":17,"column":4},"end":{"line":17,"column":68}},"10":{"start":{"line":18,"column":4},"end":{"line":18,"column":16}},"11":{"start":{"line":23,"column":20},"end":{"line":23,"column":34}},"12":{"start":{"line":24,"column":2},"end":{"line":24,"column":30}},"13":{"start":{"line":24,"column":18},"end":{"line":24,"column":30}},"14":{"start":{"line":26,"column":2},"end":{"line":32,"column":3}},"15":{"start":{"line":27,"column":16},"end":{"line":27,"column":71}},"16":{"start":{"line":28,"column":4},"end":{"line":28,"column":61}},"17":{"start":{"line":30,"column":4},"end":{"line":30,"column":59}},"18":{"start":{"line":31,"column":4},"end":{"line":31,"column":16}},"19":{"start":{"line":36,"column":20},"end":{"line":36,"column":34}},"20":{"start":{"line":37,"column":2},"end":{"line":37,"column":31}},"21":{"start":{"line":37,"column":18},"end":{"line":37,"column":31}},"22":{"start":{"line":39,"column":2},"end":{"line":45,"column":3}},"23":{"start":{"line":40,"column":4},"end":{"line":40,"column":81}},"24":{"start":{"line":41,"column":4},"end":{"line":41,"column":16}},"25":{"start":{"line":43,"column":4},"end":{"line":43,"column":60}},"26":{"start":{"line":44,"column":4},"end":{"line":44,"column":17}},"27":{"start":{"line":49,"column":20},"end":{"line":49,"column":34}},"28":{"start":{"line":50,"column":2},"end":{"line":50,"column":28}},"29":{"start":{"line":50,"column":18},"end":{"line":50,"column":28}},"30":{"start":{"line":52,"column":2},"end":{"line":59,"column":3}},"31":{"start":{"line":53,"column":21},"end":{"line":54,"column":42}},"32":{"start":{"line":55,"column":4},"end":{"line":55,"column":69}},"33":{"start":{"line":55,"column":37},"end":{"line":55,"column":66}},"34":{"start":{"line":57,"column":4},"end":{"line":57,"column":60}},"35":{"start":{"line":58,"column":4},"end":{"line":58,"column":14}},"36":{"start":{"line":63,"column":2},"end":{"line":67,"column":5}},"37":{"start":{"line":70,"column":0},"end":{"line":70,"column":91}}},"fnMap":{"0":{"name":"getFirestore","decl":{"start":{"line":8,"column":9},"end":{"line":8,"column":21}},"loc":{"start":{"line":8,"column":24},"end":{"line":20,"column":1}},"line":8},"1":{"name":"getDocument","decl":{"start":{"line":22,"column":15},"end":{"line":22,"column":26}},"loc":{"start":{"line":22,"column":46},"end":{"line":33,"column":1}},"line":22},"2":{"name":"setDocument","decl":{"start":{"line":35,"column":15},"end":{"line":35,"column":26}},"loc":{"start":{"line":35,"column":52},"end":{"line":46,"column":1}},"line":35},"3":{"name":"queryCollection","decl":{"start":{"line":48,"column":15},"end":{"line":48,"column":30}},"loc":{"start":{"line":48,"column":67},"end":{"line":60,"column":1}},"line":48},"4":{"name":"(anonymous_4)","decl":{"start":{"line":55,"column":29},"end":{"line":55,"column":30}},"loc":{"start":{"line":55,"column":37},"end":{"line":55,"column":66}},"line":55},"5":{"name":"logAnalytics","decl":{"start":{"line":62,"column":15},"end":{"line":62,"column":27}},"loc":{"start":{"line":62,"column":41},"end":{"line":68,"column":1}},"line":62}},"branchMap":{"0":{"loc":{"start":{"line":9,"column":2},"end":{"line":9,"column":59}},"type":"if","locations":[{"start":{"line":9,"column":2},"end":{"line":9,"column":59}},{"start":{},"end":{}}],"line":9},"1":{"loc":{"start":{"line":10,"column":2},"end":{"line":10,"column":20}},"type":"if","locations":[{"start":{"line":10,"column":2},"end":{"line":10,"column":20}},{"start":{},"end":{}}],"line":10},"2":{"loc":{"start":{"line":24,"column":2},"end":{"line":24,"column":30}},"type":"if","locations":[{"start":{"line":24,"column":2},"end":{"line":24,"column":30}},{"start":{},"end":{}}],"line":24},"3":{"loc":{"start":{"line":28,"column":11},"end":{"line":28,"column":60}},"type":"cond-expr","locations":[{"start":{"line":28,"column":24},"end":{"line":28,"column":53}},{"start":{"line":28,"column":56},"end":{"line":28,"column":60}}],"line":28},"4":{"loc":{"start":{"line":37,"column":2},"end":{"line":37,"column":31}},"type":"if","locations":[{"start":{"line":37,"column":2},"end":{"line":37,"column":31}},{"start":{},"end":{}}],"line":37},"5":{"loc":{"start":{"line":50,"column":2},"end":{"line":50,"column":28}},"type":"if","locations":[{"start":{"line":50,"column":2},"end":{"line":50,"column":28}},{"start":{},"end":{}}],"line":50}},"s":{"0":7,"1":7,"2":7,"3":0,"4":0,"5":0,"6":0,"7":0,"8":0,"9":0,"10":0,"11":2,"12":2,"13":2,"14":0,"15":0,"16":0,"17":0,"18":0,"19":2,"20":2,"21":2,"22":0,"23":0,"24":0,"25":0,"26":0,"27":1,"28":1,"29":1,"30":0,"31":0,"32":0,"33":0,"34":0,"35":0,"36":1,"37":7},"f":{"0":7,"1":2,"2":2,"3":1,"4":0,"5":1},"b":{"0":[7,0],"1":[0,0],"2":[2,0],"3":[0,0],"4":[2,0],"5":[1,0]},"_coverageSchema":"1a1c01bbd47fc00a2c39e90264f33305004495a9","hash":"20a4a6478fc480c896ac74b361622bcd8ef6e386"}
,"C:\\Users\\HP\\Desktop\\ANTI GRAVITY\\promptwarsx2-1\\src\\services\\gemini.js": {"path":"C:\\Users\\HP\\Desktop\\ANTI GRAVITY\\promptwarsx2-1\\src\\services\\gemini.js","statementMap":{"0":{"start":{"line":6,"column":31},"end":{"line":6,"column":63}},"1":{"start":{"line":7,"column":11},"end":{"line":7,"column":24}},"2":{"start":{"line":8,"column":13},"end":{"line":8,"column":28}},"3":{"start":{"line":10,"column":22},"end":{"line":28,"column":94}},"4":{"start":{"line":30,"column":19},"end":{"line":30,"column":23}},"5":{"start":{"line":33,"column":2},"end":{"line":41,"column":3}},"6":{"start":{"line":34,"column":4},"end":{"line":40,"column":5}},"7":{"start":{"line":35,"column":23},"end":{"line":35,"column":85}},"8":{"start":{"line":36,"column":6},"end":{"line":36,"column":67}},"9":{"start":{"line":38,"column":6},"end":{"line":38,"column":77}},"10":{"start":{"line":39,"column":6},"end":{"line":39,"column":49}},"11":{"start":{"line":42,"column":2},"end":{"line":42,"column":22}},"12":{"start":{"line":49,"column":17},"end":{"line":49,"column":43}},"13":{"start":{"line":50,"column":2},"end":{"line":52,"column":3}},"14":{"start":{"line":51,"column":4},"end":{"line":51,"column":49}},"15":{"start":{"line":53,"column":2},"end":{"line":53,"column":40}},"16":{"start":{"line":60,"column":15},"end":{"line":60,"column":33}},"17":{"start":{"line":61,"column":21},"end":{"line":61,"column":131}},"18":{"start":{"line":63,"column":2},"end":{"line":71,"column":3}},"19":{"start":{"line":64,"column":17},"end":{"line":64,"column":54}},"20":{"start":{"line":64,"column":38},"end":{"line":64,"column":53}},"21":{"start":{"line":65,"column":4},"end":{"line":70,"column":5}},"22":{"start":{"line":66,"column":6},"end":{"line":66,"column":122}},"23":{"start":{"line":67,"column":6},"end":{"line":69,"column":7}},"24":{"start":{"line":68,"column":8},"end":{"line":68,"column":80}},"25":{"start":{"line":73,"column":2},"end":{"line":75,"column":3}},"26":{"start":{"line":74,"column":4},"end":{"line":74,"column":80}},"27":{"start":{"line":77,"column":2},"end":{"line":109,"column":3}},"28":{"start":{"line":78,"column":18},"end":{"line":78,"column":32}},"29":{"start":{"line":79,"column":18},"end":{"line":79,"column":73}},"30":{"start":{"line":81,"column":19},"end":{"line":96,"column":6}},"31":{"start":{"line":98,"column":21},"end":{"line":98,"column":36}},"32":{"start":{"line":99,"column":4},"end":{"line":103,"column":6}},"33":{"start":{"line":105,"column":4},"end":{"line":105,"column":56}},"34":{"start":{"line":108,"column":4},"end":{"line":108,"column":55}},"35":{"start":{"line":116,"column":12},"end":{"line":116,"column":34}},"36":{"start":{"line":117,"column":15},"end":{"line":117,"column":68}},"37":{"start":{"line":117,"column":45},"end":{"line":117,"column":60}},"38":{"start":{"line":119,"column":2},"end":{"line":125,"column":3}},"39":{"start":{"line":120,"column":4},"end":{"line":124,"column":6}},"40":{"start":{"line":127,"column":2},"end":{"line":133,"column":3}},"41":{"start":{"line":128,"column":4},"end":{"line":132,"column":6}},"42":{"start":{"line":135,"column":2},"end":{"line":141,"column":3}},"43":{"start":{"line":136,"column":4},"end":{"line":140,"column":6}},"44":{"start":{"line":143,"column":2},"end":{"line":149,"column":3}},"45":{"start":{"line":144,"column":4},"end":{"line":148,"column":6}},"46":{"start":{"line":151,"column":2},"end":{"line":155,"column":4}},"47":{"start":{"line":158,"column":0},"end":{"line":158,"column":88}}},"fnMap":{"0":{"name":"loadElectionData","decl":{"start":{"line":32,"column":9},"end":{"line":32,"column":25}},"loc":{"start":{"line":32,"column":28},"end":{"line":43,"column":1}},"line":32},"1":{"name":"createClient","decl":{"start":{"line":48,"column":9},"end":{"line":48,"column":21}},"loc":{"start":{"line":48,"column":24},"end":{"line":54,"column":1}},"line":48},"2":{"name":"askAssistant","decl":{"start":{"line":59,"column":15},"end":{"line":59,"column":27}},"loc":{"start":{"line":59,"column":70},"end":{"line":110,"column":1}},"line":59},"3":{"name":"(anonymous_3)","decl":{"start":{"line":64,"column":33},"end":{"line":64,"column":34}},"loc":{"start":{"line":64,"column":38},"end":{"line":64,"column":53}},"line":64},"4":{"name":"getFallbackResponse","decl":{"start":{"line":115,"column":9},"end":{"line":115,"column":28}},"loc":{"start":{"line":115,"column":53},"end":{"line":156,"column":1}},"line":115},"5":{"name":"(anonymous_5)","decl":{"start":{"line":117,"column":40},"end":{"line":117,"column":41}},"loc":{"start":{"line":117,"column":45},"end":{"line":117,"column":60}},"line":117}},"branchMap":{"0":{"loc":{"start":{"line":33,"column":2},"end":{"line":41,"column":3}},"type":"if","locations":[{"start":{"line":33,"column":2},"end":{"line":41,"column":3}},{"start":{},"end":{}}],"line":33},"1":{"loc":{"start":{"line":50,"column":2},"end":{"line":52,"column":3}},"type":"if","locations":[{"start":{"line":50,"column":2},"end":{"line":52,"column":3}},{"start":{},"end":{}}],"line":50},"2":{"loc":{"start":{"line":59,"column":38},"end":{"line":59,"column":51}},"type":"default-arg","locations":[{"start":{"line":59,"column":47},"end":{"line":59,"column":51}}],"line":59},"3":{"loc":{"start":{"line":59,"column":53},"end":{"line":59,"column":68}},"type":"default-arg","locations":[{"start":{"line":59,"column":64},"end":{"line":59,"column":68}}],"line":59},"4":{"loc":{"start":{"line":63,"column":2},"end":{"line":71,"column":3}},"type":"if","locations":[{"start":{"line":63,"column":2},"end":{"line":71,"column":3}},{"start":{},"end":{}}],"line":63},"5":{"loc":{"start":{"line":65,"column":4},"end":{"line":70,"column":5}},"type":"if","locations":[{"start":{"line":65,"column":4},"end":{"line":70,"column":5}},{"start":{},"end":{}}],"line":65},"6":{"loc":{"start":{"line":67,"column":6},"end":{"line":69,"column":7}},"type":"if","locations":[{"start":{"line":67,"column":6},"end":{"line":69,"column":7}},{"start":{},"end":{}}],"line":67},"7":{"loc":{"start":{"line":73,"column":2},"end":{"line":75,"column":3}},"type":"if","locations":[{"start":{"line":73,"column":2},"end":{"line":75,"column":3}},{"start":{},"end":{}}],"line":73},"8":{"loc":{"start":{"line":117,"column":15},"end":{"line":117,"column":68}},"type":"cond-expr","locations":[{"start":{"line":117,"column":24},"end":{"line":117,"column":61}},{"start":{"line":117,"column":64},"end":{"line":117,"column":68}}],"line":117},"9":{"loc":{"start":{"line":119,"column":2},"end":{"line":125,"column":3}},"type":"if","locations":[{"start":{"line":119,"column":2},"end":{"line":125,"column":3}},{"start":{},"end":{}}],"line":119},"10":{"loc":{"start":{"line":119,"column":6},"end":{"line":119,"column":58}},"type":"binary-expr","locations":[{"start":{"line":119,"column":6},"end":{"line":119,"column":28}},{"start":{"line":119,"column":32},"end":{"line":119,"column":58}}],"line":119},"11":{"loc":{"start":{"line":121,"column":87},"end":{"line":121,"column":203}},"type":"cond-expr","locations":[{"start":{"line":121,"column":125},"end":{"line":121,"column":168}},{"start":{"line":121,"column":171},"end":{"line":121,"column":203}}],"line":121},"12":{"loc":{"start":{"line":127,"column":2},"end":{"line":133,"column":3}},"type":"if","locations":[{"start":{"line":127,"column":2},"end":{"line":133,"column":3}},{"start":{},"end":{}}],"line":127},"13":{"loc":{"start":{"line":127,"column":6},"end":{"line":127,"column":50}},"type":"binary-expr","locations":[{"start":{"line":127,"column":6},"end":{"line":127,"column":28}},{"start":{"line":127,"column":32},"end":{"line":127,"column":50}}],"line":127},"14":{"loc":{"start":{"line":135,"column":2},"end":{"line":141,"column":3}},"type":"if","locations":[{"start":{"line":135,"column":2},"end":{"line":141,"column":3}},{"start":{},"end":{}}],"line":135},"15":{"loc":{"start":{"line":135,"column":6},"end":{"line":135,"column":69}},"type":"binary-expr","locations":[{"start":{"line":135,"column":6},"end":{"line":135,"column":24}},{"start":{"line":135,"column":28},"end":{"line":135,"column":46}},{"start":{"line":135,"column":50},"end":{"line":135,"column":69}}],"line":135},"16":{"loc":{"start":{"line":143,"column":2},"end":{"line":149,"column":3}},"type":"if","locations":[{"start":{"line":143,"column":2},"end":{"line":149,"column":3}},{"start":{},"end":{}}],"line":143}},"s":{"0":13,"1":13,"2":13,"3":13,"4":13,"5":1,"6":1,"7":1,"8":1,"9":0,"10":0,"11":1,"12":1,"13":1,"14":0,"15":1,"16":1,"17":1,"18":1,"19":0,"20":0,"21":0,"22":0,"23":0,"24":0,"25":1,"26":0,"27":1,"28":1,"29":1,"30":1,"31":0,"32":0,"33":1,"34":1,"35":3,"36":3,"37":0,"38":3,"39":1,"40":2,"41":0,"42":2,"43":0,"44":2,"45":0,"46":2,"47":13},"f":{"0":1,"1":1,"2":1,"3":0,"4":3,"5":0},"b":{"0":[1,0],"1":[0,1],"2":[1],"3":[0],"4":[0,1],"5":[0,0],"6":[0,0],"7":[0,1],"8":[1,2],"9":[1,2],"10":[3,2],"11":[1,0],"12":[0,2],"13":[2,2],"14":[0,2],"15":[2,2,2],"16":[0,2]},"_coverageSchema":"1a1c01bbd47fc00a2c39e90264f33305004495a9","hash":"190f8320506ae9d43df0adc2e7a8095c0b240919"}
,"C:\\Users\\HP\\Desktop\\ANTI GRAVITY\\promptwarsx2-1\\src\\services\\logging.js": {"path":"C:\\Users\\HP\\Desktop\\ANTI GRAVITY\\promptwarsx2-1\\src\\services\\logging.js","statementMap":{"0":{"start":{"line":6,"column":2},"end":{"line":9,"column":3}},"1":{"start":{"line":7,"column":4},"end":{"line":7,"column":53}},"2":{"start":{"line":8,"column":4},"end":{"line":8,"column":11}},"3":{"start":{"line":11,"column":2},"end":{"line":25,"column":3}},"4":{"start":{"line":12,"column":24},"end":{"line":12,"column":56}},"5":{"start":{"line":13,"column":20},"end":{"line":13,"column":80}},"6":{"start":{"line":14,"column":16},"end":{"line":14,"column":45}},"7":{"start":{"line":16,"column":21},"end":{"line":19,"column":5}},"8":{"start":{"line":21,"column":18},"end":{"line":21,"column":99}},"9":{"start":{"line":22,"column":4},"end":{"line":22,"column":27}},"10":{"start":{"line":24,"column":4},"end":{"line":24,"column":53}},"11":{"start":{"line":28,"column":0},"end":{"line":28,"column":40}}},"fnMap":{"0":{"name":"writeStructuredLog","decl":{"start":{"line":5,"column":15},"end":{"line":5,"column":33}},"loc":{"start":{"line":5,"column":67},"end":{"line":26,"column":1}},"line":5}},"branchMap":{"0":{"loc":{"start":{"line":5,"column":53},"end":{"line":5,"column":65}},"type":"default-arg","locations":[{"start":{"line":5,"column":63},"end":{"line":5,"column":65}}],"line":5},"1":{"loc":{"start":{"line":6,"column":2},"end":{"line":9,"column":3}},"type":"if","locations":[{"start":{"line":6,"column":2},"end":{"line":9,"column":3}},{"start":{},"end":{}}],"line":6}},"s":{"0":2,"1":2,"2":2,"3":0,"4":0,"5":0,"6":0,"7":0,"8":0,"9":0,"10":0,"11":3},"f":{"0":2},"b":{"0":[1],"1":[2,0]},"_coverageSchema":"1a1c01bbd47fc00a2c39e90264f33305004495a9","hash":"7d785f5d88164d211efb4d54443b44730c2513f6"}
,"C:\\Users\\HP\\Desktop\\ANTI GRAVITY\\promptwarsx2-1\\src\\services\\monitoring.js": {"path":"C:\\Users\\HP\\Desktop\\ANTI GRAVITY\\promptwarsx2-1\\src\\services\\monitoring.js","statementMap":{"0":{"start":{"line":7,"column":2},"end":{"line":35,"column":3}},"1":{"start":{"line":8,"column":23},"end":{"line":8,"column":58}},"2":{"start":{"line":9,"column":19},"end":{"line":9,"column":55}},"3":{"start":{"line":10,"column":22},"end":{"line":10,"column":54}},"4":{"start":{"line":12,"column":22},"end":{"line":15,"column":5}},"5":{"start":{"line":17,"column":27},"end":{"line":24,"column":5}},"6":{"start":{"line":26,"column":4},"end":{"line":29,"column":7}},"7":{"start":{"line":31,"column":4},"end":{"line":31,"column":29}},"8":{"start":{"line":33,"column":4},"end":{"line":33,"column":69}},"9":{"start":{"line":34,"column":4},"end":{"line":34,"column":30}},"10":{"start":{"line":38,"column":0},"end":{"line":38,"column":33}}},"fnMap":{"0":{"name":"writeMetric","decl":{"start":{"line":6,"column":15},"end":{"line":6,"column":26}},"loc":{"start":{"line":6,"column":59},"end":{"line":36,"column":1}},"line":6}},"branchMap":{"0":{"loc":{"start":{"line":6,"column":46},"end":{"line":6,"column":57}},"type":"default-arg","locations":[{"start":{"line":6,"column":55},"end":{"line":6,"column":57}}],"line":6}},"s":{"0":2,"1":2,"2":2,"3":2,"4":2,"5":2,"6":2,"7":0,"8":2,"9":2,"10":3},"f":{"0":2},"b":{"0":[1]},"_coverageSchema":"1a1c01bbd47fc00a2c39e90264f33305004495a9","hash":"43fd8ef86462efd051ed8529fe116b08680feae4"}
,"C:\\Users\\HP\\Desktop\\ANTI GRAVITY\\promptwarsx2-1\\src\\services\\nlp.js": {"path":"C:\\Users\\HP\\Desktop\\ANTI GRAVITY\\promptwarsx2-1\\src\\services\\nlp.js","statementMap":{"0":{"start":{"line":7,"column":2},"end":{"line":9,"column":3}},"1":{"start":{"line":8,"column":4},"end":{"line":8,"column":54}},"2":{"start":{"line":11,"column":2},"end":{"line":28,"column":3}},"3":{"start":{"line":12,"column":21},"end":{"line":12,"column":54}},"4":{"start":{"line":13,"column":19},"end":{"line":13,"column":55}},"5":{"start":{"line":15,"column":21},"end":{"line":17,"column":6}},"6":{"start":{"line":19,"column":22},"end":{"line":19,"column":46}},"7":{"start":{"line":20,"column":4},"end":{"line":24,"column":6}},"8":{"start":{"line":26,"column":4},"end":{"line":26,"column":62}},"9":{"start":{"line":27,"column":4},"end":{"line":27,"column":54}},"10":{"start":{"line":32,"column":2},"end":{"line":34,"column":3}},"11":{"start":{"line":33,"column":4},"end":{"line":33,"column":44}},"12":{"start":{"line":36,"column":2},"end":{"line":55,"column":3}},"13":{"start":{"line":37,"column":21},"end":{"line":37,"column":54}},"14":{"start":{"line":38,"column":19},"end":{"line":38,"column":55}},"15":{"start":{"line":40,"column":21},"end":{"line":42,"column":6}},"16":{"start":{"line":44,"column":4},"end":{"line":51,"column":6}},"17":{"start":{"line":45,"column":42},"end":{"line":49,"column":7}},"18":{"start":{"line":53,"column":4},"end":{"line":53,"column":70}},"19":{"start":{"line":54,"column":4},"end":{"line":54,"column":44}},"20":{"start":{"line":58,"column":0},"end":{"line":58,"column":55}}},"fnMap":{"0":{"name":"analyzeSentiment","decl":{"start":{"line":6,"column":15},"end":{"line":6,"column":31}},"loc":{"start":{"line":6,"column":38},"end":{"line":29,"column":1}},"line":6},"1":{"name":"analyzeEntities","decl":{"start":{"line":31,"column":15},"end":{"line":31,"column":30}},"loc":{"start":{"line":31,"column":37},"end":{"line":56,"column":1}},"line":31},"2":{"name":"(anonymous_2)","decl":{"start":{"line":45,"column":36},"end":{"line":45,"column":37}},"loc":{"start":{"line":45,"column":42},"end":{"line":49,"column":7}},"line":45}},"branchMap":{"0":{"loc":{"start":{"line":7,"column":2},"end":{"line":9,"column":3}},"type":"if","locations":[{"start":{"line":7,"column":2},"end":{"line":9,"column":3}},{"start":{},"end":{}}],"line":7},"1":{"loc":{"start":{"line":32,"column":2},"end":{"line":34,"column":3}},"type":"if","locations":[{"start":{"line":32,"column":2},"end":{"line":34,"column":3}},{"start":{},"end":{}}],"line":32}},"s":{"0":5,"1":5,"2":0,"3":0,"4":0,"5":0,"6":0,"7":0,"8":0,"9":0,"10":2,"11":2,"12":0,"13":0,"14":0,"15":0,"16":0,"17":0,"18":0,"19":0,"20":18},"f":{"0":5,"1":2,"2":0},"b":{"0":[5,0],"1":[2,0]},"_coverageSchema":"1a1c01bbd47fc00a2c39e90264f33305004495a9","hash":"5a4a23f2976aa583524c1865f0c737a3c9e7158b"}
,"C:\\Users\\HP\\Desktop\\ANTI GRAVITY\\promptwarsx2-1\\src\\services\\secretManager.js": {"path":"C:\\Users\\HP\\Desktop\\ANTI GRAVITY\\promptwarsx2-1\\src\\services\\secretManager.js","statementMap":{"0":{"start":{"line":6,"column":20},"end":{"line":6,"column":29}},"1":{"start":{"line":9,"column":2},"end":{"line":9,"column":70}},"2":{"start":{"line":9,"column":35},"end":{"line":9,"column":70}},"3":{"start":{"line":11,"column":2},"end":{"line":24,"column":3}},"4":{"start":{"line":12,"column":43},"end":{"line":12,"column":82}},"5":{"start":{"line":13,"column":19},"end":{"line":13,"column":51}},"6":{"start":{"line":14,"column":22},"end":{"line":14,"column":54}},"7":{"start":{"line":15,"column":17},"end":{"line":15,"column":78}},"8":{"start":{"line":17,"column":22},"end":{"line":17,"column":64}},"9":{"start":{"line":18,"column":18},"end":{"line":18,"column":55}},"10":{"start":{"line":19,"column":4},"end":{"line":19,"column":39}},"11":{"start":{"line":20,"column":4},"end":{"line":20,"column":17}},"12":{"start":{"line":22,"column":4},"end":{"line":22,"column":85}},"13":{"start":{"line":23,"column":4},"end":{"line":23,"column":43}},"14":{"start":{"line":28,"column":2},"end":{"line":28,"column":22}},"15":{"start":{"line":31,"column":0},"end":{"line":31,"column":43}}},"fnMap":{"0":{"name":"getSecret","decl":{"start":{"line":8,"column":15},"end":{"line":8,"column":24}},"loc":{"start":{"line":8,"column":37},"end":{"line":25,"column":1}},"line":8},"1":{"name":"clearCache","decl":{"start":{"line":27,"column":9},"end":{"line":27,"column":19}},"loc":{"start":{"line":27,"column":22},"end":{"line":29,"column":1}},"line":27}},"branchMap":{"0":{"loc":{"start":{"line":9,"column":2},"end":{"line":9,"column":70}},"type":"if","locations":[{"start":{"line":9,"column":2},"end":{"line":9,"column":70}},{"start":{},"end":{}}],"line":9},"1":{"loc":{"start":{"line":23,"column":11},"end":{"line":23,"column":42}},"type":"binary-expr","locations":[{"start":{"line":23,"column":11},"end":{"line":23,"column":34}},{"start":{"line":23,"column":38},"end":{"line":23,"column":42}}],"line":23}},"s":{"0":4,"1":2,"2":0,"3":2,"4":2,"5":2,"6":2,"7":2,"8":2,"9":0,"10":0,"11":0,"12":2,"13":2,"14":1,"15":4},"f":{"0":2,"1":1},"b":{"0":[0,2],"1":[2,1]},"_coverageSchema":"1a1c01bbd47fc00a2c39e90264f33305004495a9","hash":"83740af13e2eaa8c4440871c2f0f40d6bb4f541c"}
,"C:\\Users\\HP\\Desktop\\ANTI GRAVITY\\promptwarsx2-1\\src\\services\\storage.js": {"path":"C:\\Users\\HP\\Desktop\\ANTI GRAVITY\\promptwarsx2-1\\src\\services\\storage.js","statementMap":{"0":{"start":{"line":7,"column":2},"end":{"line":23,"column":3}},"1":{"start":{"line":8,"column":24},"end":{"line":8,"column":56}},"2":{"start":{"line":9,"column":20},"end":{"line":9,"column":80}},"3":{"start":{"line":10,"column":19},"end":{"line":10,"column":76}},"4":{"start":{"line":11,"column":17},"end":{"line":11,"column":38}},"5":{"start":{"line":13,"column":4},"end":{"line":13,"column":63}},"6":{"start":{"line":14,"column":4},"end":{"line":14,"column":28}},"7":{"start":{"line":16,"column":4},"end":{"line":19,"column":6}},"8":{"start":{"line":21,"column":4},"end":{"line":21,"column":60}},"9":{"start":{"line":22,"column":4},"end":{"line":22,"column":57}},"10":{"start":{"line":27,"column":2},"end":{"line":35,"column":3}},"11":{"start":{"line":28,"column":24},"end":{"line":28,"column":56}},"12":{"start":{"line":29,"column":20},"end":{"line":29,"column":80}},"13":{"start":{"line":30,"column":23},"end":{"line":30,"column":81}},"14":{"start":{"line":31,"column":4},"end":{"line":31,"column":45}},"15":{"start":{"line":33,"column":4},"end":{"line":33,"column":62}},"16":{"start":{"line":34,"column":4},"end":{"line":34,"column":42}},"17":{"start":{"line":38,"column":0},"end":{"line":38,"column":48}}},"fnMap":{"0":{"name":"uploadBuffer","decl":{"start":{"line":6,"column":15},"end":{"line":6,"column":27}},"loc":{"start":{"line":6,"column":100},"end":{"line":24,"column":1}},"line":6},"1":{"name":"downloadFile","decl":{"start":{"line":26,"column":15},"end":{"line":26,"column":27}},"loc":{"start":{"line":26,"column":50},"end":{"line":36,"column":1}},"line":26}},"branchMap":{"0":{"loc":{"start":{"line":6,"column":58},"end":{"line":6,"column":98}},"type":"default-arg","locations":[{"start":{"line":6,"column":72},"end":{"line":6,"column":98}}],"line":6},"1":{"loc":{"start":{"line":10,"column":34},"end":{"line":10,"column":75}},"type":"binary-expr","locations":[{"start":{"line":10,"column":34},"end":{"line":10,"column":44}},{"start":{"line":10,"column":48},"end":{"line":10,"column":75}}],"line":10}},"s":{"0":1,"1":1,"2":1,"3":1,"4":1,"5":1,"6":0,"7":0,"8":1,"9":1,"10":1,"11":1,"12":1,"13":1,"14":0,"15":1,"16":1,"17":3},"f":{"0":1,"1":1},"b":{"0":[1],"1":[1,0]},"_coverageSchema":"1a1c01bbd47fc00a2c39e90264f33305004495a9","hash":"f9946b2f0ab0b141dc11c18d5cb177fe88df8127"}
,"C:\\Users\\HP\\Desktop\\ANTI GRAVITY\\promptwarsx2-1\\src\\services\\translate.js": {"path":"C:\\Users\\HP\\Desktop\\ANTI GRAVITY\\promptwarsx2-1\\src\\services\\translate.js","statementMap":{"0":{"start":{"line":7,"column":2},"end":{"line":9,"column":3}},"1":{"start":{"line":8,"column":4},"end":{"line":8,"column":76}},"2":{"start":{"line":11,"column":2},"end":{"line":27,"column":3}},"3":{"start":{"line":12,"column":26},"end":{"line":12,"column":63}},"4":{"start":{"line":13,"column":22},"end":{"line":13,"column":84}},"5":{"start":{"line":15,"column":20},"end":{"line":15,"column":42}},"6":{"start":{"line":16,"column":4},"end":{"line":16,"column":54}},"7":{"start":{"line":16,"column":24},"end":{"line":16,"column":54}},"8":{"start":{"line":18,"column":26},"end":{"line":18,"column":66}},"9":{"start":{"line":19,"column":4},"end":{"line":23,"column":6}},"10":{"start":{"line":25,"column":4},"end":{"line":25,"column":70}},"11":{"start":{"line":26,"column":4},"end":{"line":26,"column":76}},"12":{"start":{"line":31,"column":2},"end":{"line":39,"column":3}},"13":{"start":{"line":32,"column":26},"end":{"line":32,"column":63}},"14":{"start":{"line":33,"column":22},"end":{"line":33,"column":84}},"15":{"start":{"line":34,"column":25},"end":{"line":34,"column":53}},"16":{"start":{"line":35,"column":4},"end":{"line":35,"column":66}},"17":{"start":{"line":37,"column":4},"end":{"line":37,"column":72}},"18":{"start":{"line":38,"column":4},"end":{"line":38,"column":45}},"19":{"start":{"line":42,"column":0},"end":{"line":42,"column":51}}},"fnMap":{"0":{"name":"translateText","decl":{"start":{"line":6,"column":15},"end":{"line":6,"column":28}},"loc":{"start":{"line":6,"column":74},"end":{"line":28,"column":1}},"line":6},"1":{"name":"detectLanguage","decl":{"start":{"line":30,"column":15},"end":{"line":30,"column":29}},"loc":{"start":{"line":30,"column":36},"end":{"line":40,"column":1}},"line":30}},"branchMap":{"0":{"loc":{"start":{"line":6,"column":51},"end":{"line":6,"column":72}},"type":"default-arg","locations":[{"start":{"line":6,"column":68},"end":{"line":6,"column":72}}],"line":6},"1":{"loc":{"start":{"line":7,"column":2},"end":{"line":9,"column":3}},"type":"if","locations":[{"start":{"line":7,"column":2},"end":{"line":9,"column":3}},{"start":{},"end":{}}],"line":7},"2":{"loc":{"start":{"line":16,"column":4},"end":{"line":16,"column":54}},"type":"if","locations":[{"start":{"line":16,"column":4},"end":{"line":16,"column":54}},{"start":{},"end":{}}],"line":16},"3":{"loc":{"start":{"line":21,"column":24},"end":{"line":21,"column":48}},"type":"binary-expr","locations":[{"start":{"line":21,"column":24},"end":{"line":21,"column":38}},{"start":{"line":21,"column":42},"end":{"line":21,"column":48}}],"line":21},"4":{"loc":{"start":{"line":35,"column":11},"end":{"line":35,"column":65}},"type":"cond-expr","locations":[{"start":{"line":35,"column":39},"end":{"line":35,"column":52}},{"start":{"line":35,"column":55},"end":{"line":35,"column":65}}],"line":35}},"s":{"0":3,"1":3,"2":0,"3":0,"4":0,"5":0,"6":0,"7":0,"8":0,"9":0,"10":0,"11":0,"12":0,"13":0,"14":0,"15":0,"16":0,"17":0,"18":0,"19":14},"f":{"0":3,"1":0},"b":{"0":[3],"1":[3,0],"2":[0,0],"3":[0,0],"4":[0,0]},"_coverageSchema":"1a1c01bbd47fc00a2c39e90264f33305004495a9","hash":"49c69885d7f51327567fa03cb7f651d475fe4907"}
,"C:\\Users\\HP\\Desktop\\ANTI GRAVITY\\promptwarsx2-1\\src\\services\\tts.js": {"path":"C:\\Users\\HP\\Desktop\\ANTI GRAVITY\\promptwarsx2-1\\src\\services\\tts.js","statementMap":{"0":{"start":{"line":7,"column":2},"end":{"line":9,"column":3}},"1":{"start":{"line":8,"column":4},"end":{"line":8,"column":84}},"2":{"start":{"line":11,"column":2},"end":{"line":39,"column":3}},"3":{"start":{"line":12,"column":25},"end":{"line":12,"column":64}},"4":{"start":{"line":13,"column":19},"end":{"line":13,"column":56}},"5":{"start":{"line":15,"column":20},"end":{"line":28,"column":5}},"6":{"start":{"line":30,"column":23},"end":{"line":30,"column":61}},"7":{"start":{"line":31,"column":4},"end":{"line":35,"column":6}},"8":{"start":{"line":37,"column":4},"end":{"line":37,"column":62}},"9":{"start":{"line":38,"column":4},"end":{"line":38,"column":87}},"10":{"start":{"line":42,"column":0},"end":{"line":42,"column":38}}},"fnMap":{"0":{"name":"synthesizeSpeech","decl":{"start":{"line":6,"column":15},"end":{"line":6,"column":31}},"loc":{"start":{"line":6,"column":80},"end":{"line":40,"column":1}},"line":6}},"branchMap":{"0":{"loc":{"start":{"line":6,"column":38},"end":{"line":6,"column":60}},"type":"default-arg","locations":[{"start":{"line":6,"column":53},"end":{"line":6,"column":60}}],"line":6},"1":{"loc":{"start":{"line":6,"column":62},"end":{"line":6,"column":78}},"type":"default-arg","locations":[{"start":{"line":6,"column":74},"end":{"line":6,"column":78}}],"line":6},"2":{"loc":{"start":{"line":7,"column":2},"end":{"line":9,"column":3}},"type":"if","locations":[{"start":{"line":7,"column":2},"end":{"line":9,"column":3}},{"start":{},"end":{}}],"line":7},"3":{"loc":{"start":{"line":19,"column":14},"end":{"line":19,"column":36}},"type":"binary-expr","locations":[{"start":{"line":19,"column":14},"end":{"line":19,"column":23}},{"start":{"line":19,"column":27},"end":{"line":19,"column":36}}],"line":19}},"s":{"0":2,"1":2,"2":0,"3":0,"4":0,"5":0,"6":0,"7":0,"8":0,"9":0,"10":14},"f":{"0":2},"b":{"0":[2],"1":[2],"2":[2,0],"3":[0,0]},"_coverageSchema":"1a1c01bbd47fc00a2c39e90264f33305004495a9","hash":"10c6964f51d2af9c901918f21a6454d83b99cef0"}
,"C:\\Users\\HP\\Desktop\\ANTI GRAVITY\\promptwarsx2-1\\src\\utils\\checksStore.js": {"path":"C:\\Users\\HP\\Desktop\\ANTI GRAVITY\\promptwarsx2-1\\src\\utils\\checksStore.js","statementMap":{"0":{"start":{"line":6,"column":11},"end":{"line":6,"column":24}},"1":{"start":{"line":7,"column":13},"end":{"line":7,"column":28}},"2":{"start":{"line":9,"column":20},"end":{"line":9,"column":75}},"3":{"start":{"line":10,"column":20},"end":{"line":10,"column":22}},"4":{"start":{"line":16,"column":2},"end":{"line":31,"column":3}},"5":{"start":{"line":17,"column":4},"end":{"line":21,"column":5}},"6":{"start":{"line":18,"column":22},"end":{"line":18,"column":61}},"7":{"start":{"line":19,"column":6},"end":{"line":19,"column":78}},"8":{"start":{"line":20,"column":6},"end":{"line":20,"column":21}},"9":{"start":{"line":22,"column":16},"end":{"line":22,"column":52}},"10":{"start":{"line":23,"column":17},"end":{"line":23,"column":32}},"11":{"start":{"line":24,"column":4},"end":{"line":27,"column":6}},"12":{"start":{"line":29,"column":4},"end":{"line":29,"column":78}},"13":{"start":{"line":30,"column":4},"end":{"line":30,"column":51}},"14":{"start":{"line":38,"column":15},"end":{"line":38,"column":27}},"15":{"start":{"line":40,"column":16},"end":{"line":48,"column":3}},"16":{"start":{"line":50,"column":2},"end":{"line":50,"column":29}},"17":{"start":{"line":53,"column":2},"end":{"line":55,"column":3}},"18":{"start":{"line":54,"column":4},"end":{"line":54,"column":52}},"19":{"start":{"line":57,"column":2},"end":{"line":61,"column":3}},"20":{"start":{"line":58,"column":4},"end":{"line":58,"column":73}},"21":{"start":{"line":60,"column":4},"end":{"line":60,"column":79}},"22":{"start":{"line":63,"column":2},"end":{"line":63,"column":15}},"23":{"start":{"line":70,"column":15},"end":{"line":70,"column":54}},"24":{"start":{"line":71,"column":2},"end":{"line":75,"column":3}},"25":{"start":{"line":72,"column":4},"end":{"line":72,"column":73}},"26":{"start":{"line":74,"column":4},"end":{"line":74,"column":79}},"27":{"start":{"line":76,"column":2},"end":{"line":76,"column":14}},"28":{"start":{"line":79,"column":0},"end":{"line":79,"column":81}}},"fnMap":{"0":{"name":"readChecks","decl":{"start":{"line":15,"column":9},"end":{"line":15,"column":19}},"loc":{"start":{"line":15,"column":22},"end":{"line":32,"column":1}},"line":15},"1":{"name":"addCheck","decl":{"start":{"line":37,"column":9},"end":{"line":37,"column":17}},"loc":{"start":{"line":37,"column":25},"end":{"line":64,"column":1}},"line":37},"2":{"name":"clearChecks","decl":{"start":{"line":69,"column":9},"end":{"line":69,"column":20}},"loc":{"start":{"line":69,"column":23},"end":{"line":77,"column":1}},"line":69}},"branchMap":{"0":{"loc":{"start":{"line":17,"column":4},"end":{"line":21,"column":5}},"type":"if","locations":[{"start":{"line":17,"column":4},"end":{"line":21,"column":5}},{"start":{},"end":{}}],"line":17},"1":{"loc":{"start":{"line":25,"column":14},"end":{"line":25,"column":59}},"type":"cond-expr","locations":[{"start":{"line":25,"column":43},"end":{"line":25,"column":54}},{"start":{"line":25,"column":57},"end":{"line":25,"column":59}}],"line":25},"2":{"loc":{"start":{"line":26,"column":18},"end":{"line":26,"column":48}},"type":"binary-expr","locations":[{"start":{"line":26,"column":18},"end":{"line":26,"column":33}},{"start":{"line":26,"column":37},"end":{"line":26,"column":48}}],"line":26},"3":{"loc":{"start":{"line":43,"column":12},"end":{"line":43,"column":37}},"type":"binary-expr","locations":[{"start":{"line":43,"column":12},"end":{"line":43,"column":24}},{"start":{"line":43,"column":28},"end":{"line":43,"column":37}}],"line":43},"4":{"loc":{"start":{"line":44,"column":13},"end":{"line":44,"column":38}},"type":"binary-expr","locations":[{"start":{"line":44,"column":13},"end":{"line":44,"column":26}},{"start":{"line":44,"column":30},"end":{"line":44,"column":38}}],"line":44},"5":{"loc":{"start":{"line":45,"column":18},"end":{"line":45,"column":44}},"type":"binary-expr","locations":[{"start":{"line":45,"column":18},"end":{"line":45,"column":36}},{"start":{"line":45,"column":40},"end":{"line":45,"column":44}}],"line":45},"6":{"loc":{"start":{"line":46,"column":13},"end":{"line":46,"column":34}},"type":"binary-expr","locations":[{"start":{"line":46,"column":13},"end":{"line":46,"column":26}},{"start":{"line":46,"column":30},"end":{"line":46,"column":34}}],"line":46},"7":{"loc":{"start":{"line":47,"column":13},"end":{"line":47,"column":63}},"type":"cond-expr","locations":[{"start":{"line":47,"column":43},"end":{"line":47,"column":56}},{"start":{"line":47,"column":59},"end":{"line":47,"column":63}}],"line":47},"8":{"loc":{"start":{"line":53,"column":2},"end":{"line":55,"column":3}},"type":"if","locations":[{"start":{"line":53,"column":2},"end":{"line":55,"column":3}},{"start":{},"end":{}}],"line":53}},"s":{"0":14,"1":14,"2":14,"3":14,"4":28,"5":28,"6":0,"7":0,"8":0,"9":28,"10":28,"11":24,"12":4,"13":4,"14":25,"15":25,"16":25,"17":25,"18":0,"19":25,"20":25,"21":0,"22":25,"23":2,"24":2,"25":2,"26":0,"27":2,"28":14},"f":{"0":28,"1":25,"2":2},"b":{"0":[0,28],"1":[24,0],"2":[24,0],"3":[25,0],"4":[25,0],"5":[25,17],"6":[25,17],"7":[25,0],"8":[0,25]},"_coverageSchema":"1a1c01bbd47fc00a2c39e90264f33305004495a9","hash":"ee2f1674770f01b991ef049a12357b4589700f86"}
,"C:\\Users\\HP\\Desktop\\ANTI GRAVITY\\promptwarsx2-1\\src\\utils\\errors.js": {"path":"C:\\Users\\HP\\Desktop\\ANTI GRAVITY\\promptwarsx2-1\\src\\utils\\errors.js","statementMap":{"0":{"start":{"line":8,"column":4},"end":{"line":8,"column":19}},"1":{"start":{"line":9,"column":4},"end":{"line":9,"column":38}},"2":{"start":{"line":10,"column":4},"end":{"line":10,"column":33}},"3":{"start":{"line":11,"column":4},"end":{"line":11,"column":21}},"4":{"start":{"line":12,"column":4},"end":{"line":12,"column":30}},"5":{"start":{"line":13,"column":4},"end":{"line":13,"column":52}},"6":{"start":{"line":19,"column":4},"end":{"line":19,"column":44}},"7":{"start":{"line":20,"column":4},"end":{"line":20,"column":27}},"8":{"start":{"line":26,"column":4},"end":{"line":26,"column":53}},"9":{"start":{"line":32,"column":4},"end":{"line":32,"column":77}},"10":{"start":{"line":38,"column":4},"end":{"line":38,"column":79}},"11":{"start":{"line":44,"column":4},"end":{"line":44,"column":40}},"12":{"start":{"line":50,"column":4},"end":{"line":50,"column":37}},"13":{"start":{"line":58,"column":21},"end":{"line":58,"column":42}},"14":{"start":{"line":59,"column":23},"end":{"line":59,"column":60}},"15":{"start":{"line":61,"column":19},"end":{"line":69,"column":3}},"16":{"start":{"line":71,"column":2},"end":{"line":73,"column":3}},"17":{"start":{"line":72,"column":4},"end":{"line":72,"column":41}},"18":{"start":{"line":75,"column":2},"end":{"line":77,"column":3}},"19":{"start":{"line":76,"column":4},"end":{"line":76,"column":37}},"20":{"start":{"line":79,"column":2},"end":{"line":81,"column":3}},"21":{"start":{"line":80,"column":4},"end":{"line":80,"column":55}},"22":{"start":{"line":83,"column":2},"end":{"line":83,"column":40}},"23":{"start":{"line":86,"column":0},"end":{"line":95,"column":2}}},"fnMap":{"0":{"name":"(anonymous_0)","decl":{"start":{"line":7,"column":2},"end":{"line":7,"column":3}},"loc":{"start":{"line":7,"column":66},"end":{"line":14,"column":3}},"line":7},"1":{"name":"(anonymous_1)","decl":{"start":{"line":18,"column":2},"end":{"line":18,"column":3}},"loc":{"start":{"line":18,"column":59},"end":{"line":21,"column":3}},"line":18},"2":{"name":"(anonymous_2)","decl":{"start":{"line":25,"column":2},"end":{"line":25,"column":3}},"loc":{"start":{"line":25,"column":37},"end":{"line":27,"column":3}},"line":25},"3":{"name":"(anonymous_3)","decl":{"start":{"line":31,"column":2},"end":{"line":31,"column":3}},"loc":{"start":{"line":31,"column":16},"end":{"line":33,"column":3}},"line":31},"4":{"name":"(anonymous_4)","decl":{"start":{"line":37,"column":2},"end":{"line":37,"column":3}},"loc":{"start":{"line":37,"column":35},"end":{"line":39,"column":3}},"line":37},"5":{"name":"(anonymous_5)","decl":{"start":{"line":43,"column":2},"end":{"line":43,"column":3}},"loc":{"start":{"line":43,"column":51},"end":{"line":45,"column":3}},"line":43},"6":{"name":"(anonymous_6)","decl":{"start":{"line":49,"column":2},"end":{"line":49,"column":3}},"loc":{"start":{"line":49,"column":41},"end":{"line":51,"column":3}},"line":49},"7":{"name":"errorHandler","decl":{"start":{"line":57,"column":9},"end":{"line":57,"column":21}},"loc":{"start":{"line":57,"column":44},"end":{"line":84,"column":1}},"line":57}},"branchMap":{"0":{"loc":{"start":{"line":7,"column":23},"end":{"line":7,"column":39}},"type":"default-arg","locations":[{"start":{"line":7,"column":36},"end":{"line":7,"column":39}}],"line":7},"1":{"loc":{"start":{"line":7,"column":41},"end":{"line":7,"column":64}},"type":"default-arg","locations":[{"start":{"line":7,"column":48},"end":{"line":7,"column":64}}],"line":7},"2":{"loc":{"start":{"line":18,"column":14},"end":{"line":18,"column":43}},"type":"default-arg","locations":[{"start":{"line":18,"column":24},"end":{"line":18,"column":43}}],"line":18},"3":{"loc":{"start":{"line":18,"column":45},"end":{"line":18,"column":57}},"type":"default-arg","locations":[{"start":{"line":18,"column":55},"end":{"line":18,"column":57}}],"line":18},"4":{"loc":{"start":{"line":25,"column":14},"end":{"line":25,"column":35}},"type":"default-arg","locations":[{"start":{"line":25,"column":25},"end":{"line":25,"column":35}}],"line":25},"5":{"loc":{"start":{"line":37,"column":14},"end":{"line":37,"column":33}},"type":"default-arg","locations":[{"start":{"line":37,"column":24},"end":{"line":37,"column":33}}],"line":37},"6":{"loc":{"start":{"line":43,"column":14},"end":{"line":43,"column":49}},"type":"default-arg","locations":[{"start":{"line":43,"column":24},"end":{"line":43,"column":49}}],"line":43},"7":{"loc":{"start":{"line":49,"column":14},"end":{"line":49,"column":39}},"type":"default-arg","locations":[{"start":{"line":49,"column":24},"end":{"line":49,"column":39}}],"line":49},"8":{"loc":{"start":{"line":58,"column":21},"end":{"line":58,"column":42}},"type":"binary-expr","locations":[{"start":{"line":58,"column":21},"end":{"line":58,"column":35}},{"start":{"line":58,"column":39},"end":{"line":58,"column":42}}],"line":58},"9":{"loc":{"start":{"line":64,"column":12},"end":{"line":64,"column":40}},"type":"binary-expr","locations":[{"start":{"line":64,"column":12},"end":{"line":64,"column":20}},{"start":{"line":64,"column":24},"end":{"line":64,"column":40}}],"line":64},"10":{"loc":{"start":{"line":65,"column":15},"end":{"line":67,"column":21}},"type":"cond-expr","locations":[{"start":{"line":66,"column":10},"end":{"line":66,"column":40}},{"start":{"line":67,"column":10},"end":{"line":67,"column":21}}],"line":65},"11":{"loc":{"start":{"line":65,"column":15},"end":{"line":65,"column":49}},"type":"binary-expr","locations":[{"start":{"line":65,"column":15},"end":{"line":65,"column":27}},{"start":{"line":65,"column":31},"end":{"line":65,"column":49}}],"line":65},"12":{"loc":{"start":{"line":71,"column":2},"end":{"line":73,"column":3}},"type":"if","locations":[{"start":{"line":71,"column":2},"end":{"line":73,"column":3}},{"start":{},"end":{}}],"line":71},"13":{"loc":{"start":{"line":75,"column":2},"end":{"line":77,"column":3}},"type":"if","locations":[{"start":{"line":75,"column":2},"end":{"line":77,"column":3}},{"start":{},"end":{}}],"line":75},"14":{"loc":{"start":{"line":75,"column":6},"end":{"line":75,"column":32}},"type":"binary-expr","locations":[{"start":{"line":75,"column":6},"end":{"line":75,"column":19}},{"start":{"line":75,"column":23},"end":{"line":75,"column":32}}],"line":75},"15":{"loc":{"start":{"line":79,"column":2},"end":{"line":81,"column":3}},"type":"if","locations":[{"start":{"line":79,"column":2},"end":{"line":81,"column":3}},{"start":{},"end":{}}],"line":79}},"s":{"0":10,"1":10,"2":10,"3":10,"4":10,"5":10,"6":2,"7":2,"8":2,"9":1,"10":1,"11":1,"12":1,"13":4,"14":4,"15":4,"16":4,"17":1,"18":4,"19":3,"20":4,"21":1,"22":4,"23":14},"f":{"0":10,"1":2,"2":2,"3":1,"4":1,"5":1,"6":1,"7":4},"b":{"0":[0],"1":[0],"2":[1],"3":[1],"4":[0],"5":[0],"6":[1],"7":[0],"8":[4,1],"9":[4,1],"10":[1,3],"11":[4,1],"12":[1,3],"13":[3,1],"14":[4,3],"15":[1,3]},"_coverageSchema":"1a1c01bbd47fc00a2c39e90264f33305004495a9","hash":"8cd24b9c2cc2540bb1505ff02118e7ff99e53fbc"}
,"C:\\Users\\HP\\Desktop\\ANTI GRAVITY\\promptwarsx2-1\\src\\utils\\sanitizer.js": {"path":"C:\\Users\\HP\\Desktop\\ANTI GRAVITY\\promptwarsx2-1\\src\\utils\\sanitizer.js","statementMap":{"0":{"start":{"line":10,"column":2},"end":{"line":10,"column":43}},"1":{"start":{"line":10,"column":33},"end":{"line":10,"column":43}},"2":{"start":{"line":11,"column":2},"end":{"line":11,"column":39}},"3":{"start":{"line":18,"column":2},"end":{"line":18,"column":43}},"4":{"start":{"line":18,"column":33},"end":{"line":18,"column":43}},"5":{"start":{"line":19,"column":14},"end":{"line":27,"column":3}},"6":{"start":{"line":28,"column":2},"end":{"line":28,"column":58}},"7":{"start":{"line":28,"column":47},"end":{"line":28,"column":56}},"8":{"start":{"line":35,"column":2},"end":{"line":35,"column":43}},"9":{"start":{"line":35,"column":33},"end":{"line":35,"column":43}},"10":{"start":{"line":37,"column":16},"end":{"line":37,"column":21}},"11":{"start":{"line":40,"column":2},"end":{"line":40,"column":39}},"12":{"start":{"line":43,"column":2},"end":{"line":43,"column":87}},"13":{"start":{"line":44,"column":2},"end":{"line":44,"column":61}},"14":{"start":{"line":45,"column":2},"end":{"line":45,"column":57}},"15":{"start":{"line":48,"column":2},"end":{"line":48,"column":52}},"16":{"start":{"line":51,"column":2},"end":{"line":51,"column":60}},"17":{"start":{"line":54,"column":2},"end":{"line":54,"column":27}},"18":{"start":{"line":56,"column":2},"end":{"line":56,"column":17}},"19":{"start":{"line":63,"column":2},"end":{"line":63,"column":46}},"20":{"start":{"line":63,"column":36},"end":{"line":63,"column":46}},"21":{"start":{"line":64,"column":16},"end":{"line":64,"column":39}},"22":{"start":{"line":65,"column":2},"end":{"line":65,"column":31}},"23":{"start":{"line":66,"column":2},"end":{"line":68,"column":3}},"24":{"start":{"line":67,"column":4},"end":{"line":67,"column":46}},"25":{"start":{"line":69,"column":2},"end":{"line":69,"column":17}},"26":{"start":{"line":76,"column":2},"end":{"line":76,"column":40}},"27":{"start":{"line":76,"column":30},"end":{"line":76,"column":40}},"28":{"start":{"line":77,"column":2},"end":{"line":77,"column":60}},"29":{"start":{"line":84,"column":2},"end":{"line":84,"column":46}},"30":{"start":{"line":84,"column":33},"end":{"line":84,"column":46}},"31":{"start":{"line":85,"column":19},"end":{"line":90,"column":3}},"32":{"start":{"line":91,"column":2},"end":{"line":91,"column":43}},"33":{"start":{"line":91,"column":28},"end":{"line":91,"column":41}},"34":{"start":{"line":94,"column":0},"end":{"line":101,"column":2}}},"fnMap":{"0":{"name":"stripHtml","decl":{"start":{"line":9,"column":9},"end":{"line":9,"column":18}},"loc":{"start":{"line":9,"column":26},"end":{"line":12,"column":1}},"line":9},"1":{"name":"escapeHtml","decl":{"start":{"line":17,"column":9},"end":{"line":17,"column":19}},"loc":{"start":{"line":17,"column":27},"end":{"line":29,"column":1}},"line":17},"2":{"name":"(anonymous_2)","decl":{"start":{"line":28,"column":37},"end":{"line":28,"column":38}},"loc":{"start":{"line":28,"column":47},"end":{"line":28,"column":56}},"line":28},"3":{"name":"sanitizeInput","decl":{"start":{"line":34,"column":9},"end":{"line":34,"column":22}},"loc":{"start":{"line":34,"column":30},"end":{"line":57,"column":1}},"line":34},"4":{"name":"sanitizeQuestion","decl":{"start":{"line":62,"column":9},"end":{"line":62,"column":25}},"loc":{"start":{"line":62,"column":53},"end":{"line":70,"column":1}},"line":62},"5":{"name":"sanitizeZoneId","decl":{"start":{"line":75,"column":9},"end":{"line":75,"column":23}},"loc":{"start":{"line":75,"column":28},"end":{"line":78,"column":1}},"line":75},"6":{"name":"hasSqlInjection","decl":{"start":{"line":83,"column":9},"end":{"line":83,"column":24}},"loc":{"start":{"line":83,"column":32},"end":{"line":92,"column":1}},"line":83},"7":{"name":"(anonymous_7)","decl":{"start":{"line":91,"column":23},"end":{"line":91,"column":24}},"loc":{"start":{"line":91,"column":28},"end":{"line":91,"column":41}},"line":91}},"branchMap":{"0":{"loc":{"start":{"line":10,"column":2},"end":{"line":10,"column":43}},"type":"if","locations":[{"start":{"line":10,"column":2},"end":{"line":10,"column":43}},{"start":{},"end":{}}],"line":10},"1":{"loc":{"start":{"line":18,"column":2},"end":{"line":18,"column":43}},"type":"if","locations":[{"start":{"line":18,"column":2},"end":{"line":18,"column":43}},{"start":{},"end":{}}],"line":18},"2":{"loc":{"start":{"line":35,"column":2},"end":{"line":35,"column":43}},"type":"if","locations":[{"start":{"line":35,"column":2},"end":{"line":35,"column":43}},{"start":{},"end":{}}],"line":35},"3":{"loc":{"start":{"line":62,"column":36},"end":{"line":62,"column":51}},"type":"default-arg","locations":[{"start":{"line":62,"column":48},"end":{"line":62,"column":51}}],"line":62},"4":{"loc":{"start":{"line":63,"column":2},"end":{"line":63,"column":46}},"type":"if","locations":[{"start":{"line":63,"column":2},"end":{"line":63,"column":46}},{"start":{},"end":{}}],"line":63},"5":{"loc":{"start":{"line":66,"column":2},"end":{"line":68,"column":3}},"type":"if","locations":[{"start":{"line":66,"column":2},"end":{"line":68,"column":3}},{"start":{},"end":{}}],"line":66},"6":{"loc":{"start":{"line":76,"column":2},"end":{"line":76,"column":40}},"type":"if","locations":[{"start":{"line":76,"column":2},"end":{"line":76,"column":40}},{"start":{},"end":{}}],"line":76},"7":{"loc":{"start":{"line":84,"column":2},"end":{"line":84,"column":46}},"type":"if","locations":[{"start":{"line":84,"column":2},"end":{"line":84,"column":46}},{"start":{},"end":{}}],"line":84}},"s":{"0":7,"1":0,"2":7,"3":6,"4":3,"5":3,"6":3,"7":19,"8":7,"9":0,"10":7,"11":7,"12":7,"13":7,"14":7,"15":7,"16":7,"17":7,"18":7,"19":6,"20":2,"21":4,"22":4,"23":4,"24":1,"25":4,"26":8,"27":2,"28":6,"29":4,"30":0,"31":4,"32":4,"33":9,"34":15},"f":{"0":7,"1":6,"2":19,"3":7,"4":6,"5":8,"6":4,"7":9},"b":{"0":[0,7],"1":[3,3],"2":[0,7],"3":[5],"4":[2,4],"5":[1,3],"6":[2,6],"7":[0,4]},"_coverageSchema":"1a1c01bbd47fc00a2c39e90264f33305004495a9","hash":"b5d6f6e75e03a797e57f1f26784e9db1663f849b"}
}
