{"C:\\Users\\HP\\Desktop\\ANTI GRAVITY\\promptwarsx2-1\\server.js": {"path":"C:\\Users\\HP\\Desktop\\ANTI GRAVITY\\promptwarsx2-1\\server.js","statementMap":{"0":{"start":{"line":6,"column":0},"end":{"line":6,"column":27}},"1":{"start":{"line":8,"column":16},"end":{"line":8,"column":34}},"2":{"start":{"line":9,"column":20},"end":{"line":9,"column":42}},"3":{"start":{"line":10,"column":13},"end":{"line":10,"column":28}},"4":{"start":{"line":11,"column":73},"end":{"line":11,"column":109}},"5":{"start":{"line":12,"column":23},"end":{"line":12,"column":62}},"6":{"start":{"line":13,"column":31},"end":{"line":13,"column":66}},"7":{"start":{"line":14,"column":25},"end":{"line":14,"column":54}},"8":{"start":{"line":16,"column":12},"end":{"line":16,"column":21}},"9":{"start":{"line":17,"column":13},"end":{"line":17,"column":37}},"10":{"start":{"line":20,"column":0},"end":{"line":20,"column":34}},"11":{"start":{"line":21,"column":0},"end":{"line":21,"column":32}},"12":{"start":{"line":22,"column":0},"end":{"line":22,"column":23}},"13":{"start":{"line":23,"column":0},"end":{"line":23,"column":40}},"14":{"start":{"line":24,"column":0},"end":{"line":24,"column":63}},"15":{"start":{"line":25,"column":0},"end":{"line":25,"column":20}},"16":{"start":{"line":28,"column":0},"end":{"line":32,"column":4}},"17":{"start":{"line":35,"column":0},"end":{"line":35,"column":29}},"18":{"start":{"line":38,"column":0},"end":{"line":38,"column":55}},"19":{"start":{"line":39,"column":0},"end":{"line":39,"column":53}},"20":{"start":{"line":40,"column":0},"end":{"line":40,"column":61}},"21":{"start":{"line":41,"column":0},"end":{"line":41,"column":59}},"22":{"start":{"line":42,"column":0},"end":{"line":42,"column":55}},"23":{"start":{"line":43,"column":0},"end":{"line":43,"column":61}},"24":{"start":{"line":44,"column":0},"end":{"line":44,"column":69}},"25":{"start":{"line":45,"column":0},"end":{"line":45,"column":53}},"26":{"start":{"line":48,"column":0},"end":{"line":50,"column":3}},"27":{"start":{"line":49,"column":2},"end":{"line":49,"column":61}},"28":{"start":{"line":52,"column":0},"end":{"line":54,"column":3}},"29":{"start":{"line":53,"column":2},"end":{"line":53,"column":65}},"30":{"start":{"line":57,"column":0},"end":{"line":62,"column":3}},"31":{"start":{"line":58,"column":2},"end":{"line":61,"column":5}},"32":{"start":{"line":65,"column":0},"end":{"line":65,"column":22}},"33":{"start":{"line":68,"column":0},"end":{"line":76,"column":1}},"34":{"start":{"line":69,"column":2},"end":{"line":75,"column":5}},"35":{"start":{"line":70,"column":4},"end":{"line":70,"column":63}},"36":{"start":{"line":71,"column":4},"end":{"line":71,"column":76}},"37":{"start":{"line":72,"column":4},"end":{"line":72,"column":62}},"38":{"start":{"line":73,"column":4},"end":{"line":73,"column":73}},"39":{"start":{"line":74,"column":4},"end":{"line":74,"column":70}},"40":{"start":{"line":78,"column":0},"end":{"line":78,"column":21}}},"fnMap":{"0":{"name":"(anonymous_0)","decl":{"start":{"line":48,"column":13},"end":{"line":48,"column":14}},"loc":{"start":{"line":48,"column":27},"end":{"line":50,"column":1}},"line":48},"1":{"name":"(anonymous_1)","decl":{"start":{"line":52,"column":22},"end":{"line":52,"column":23}},"loc":{"start":{"line":52,"column":36},"end":{"line":54,"column":1}},"line":52},"2":{"name":"(anonymous_2)","decl":{"start":{"line":57,"column":8},"end":{"line":57,"column":9}},"loc":{"start":{"line":57,"column":22},"end":{"line":62,"column":1}},"line":57},"3":{"name":"(anonymous_3)","decl":{"start":{"line":69,"column":19},"end":{"line":69,"column":20}},"loc":{"start":{"line":69,"column":25},"end":{"line":75,"column":3}},"line":69}},"branchMap":{"0":{"loc":{"start":{"line":17,"column":13},"end":{"line":17,"column":37}},"type":"binary-expr","locations":[{"start":{"line":17,"column":13},"end":{"line":17,"column":29}},{"start":{"line":17,"column":33},"end":{"line":17,"column":37}}],"line":17},"1":{"loc":{"start":{"line":29,"column":10},"end":{"line":29,"column":58}},"type":"cond-expr","locations":[{"start":{"line":29,"column":50},"end":{"line":29,"column":54}},{"start":{"line":29,"column":57},"end":{"line":29,"column":58}}],"line":29},"2":{"loc":{"start":{"line":68,"column":0},"end":{"line":76,"column":1}},"type":"if","locations":[{"start":{"line":68,"column":0},"end":{"line":76,"column":1}},{"start":{},"end":{}}],"line":68},"3":{"loc":{"start":{"line":71,"column":35},"end":{"line":71,"column":72}},"type":"binary-expr","locations":[{"start":{"line":71,"column":35},"end":{"line":71,"column":55}},{"start":{"line":71,"column":59},"end":{"line":71,"column":72}}],"line":71}},"s":{"0":13,"1":13,"2":13,"3":13,"4":13,"5":13,"6":13,"7":13,"8":13,"9":13,"10":13,"11":13,"12":13,"13":13,"14":13,"15":13,"16":13,"17":13,"18":13,"19":13,"20":13,"21":13,"22":13,"23":13,"24":13,"25":13,"26":13,"27":0,"28":13,"29":0,"30":13,"31":1,"32":13,"33":13,"34":0,"35":0,"36":0,"37":0,"38":0,"39":0,"40":13},"f":{"0":0,"1":0,"2":1,"3":0},"b":{"0":[13,0],"1":[0,13],"2":[0,13],"3":[0,0]},"_coverageSchema":"1a1c01bbd47fc00a2c39e90264f33305004495a9","hash":"eba7a7365079740d67d6e618e69d0b9f50b7b926"}
,"C:\\Users\\HP\\Desktop\\ANTI GRAVITY\\promptwarsx2-1\\src\\middleware\\logging.js": {"path":"C:\\Users\\HP\\Desktop\\ANTI GRAVITY\\promptwarsx2-1\\src\\middleware\\logging.js","statementMap":{"0":{"start":{"line":5,"column":15},"end":{"line":5,"column":32}},"1":{"start":{"line":6,"column":16},"end":{"line":6,"column":34}},"2":{"start":{"line":9,"column":15},"end":{"line":25,"column":2}},"3":{"start":{"line":28,"column":0},"end":{"line":45,"column":1}},"4":{"start":{"line":29,"column":2},"end":{"line":44,"column":3}},"5":{"start":{"line":30,"column":31},"end":{"line":30,"column":71}},"6":{"start":{"line":31,"column":4},"end":{"line":37,"column":6}},"7":{"start":{"line":38,"column":4},"end":{"line":38,"column":51}},"8":{"start":{"line":40,"column":4},"end":{"line":43,"column":6}},"9":{"start":{"line":48,"column":19},"end":{"line":51,"column":2}},"10":{"start":{"line":49,"column":32},"end":{"line":49,"column":59}},"11":{"start":{"line":50,"column":17},"end":{"line":50,"column":42}},"12":{"start":{"line":53,"column":0},"end":{"line":53,"column":40}}},"fnMap":{"0":{"name":"(anonymous_0)","decl":{"start":{"line":49,"column":19},"end":{"line":49,"column":20}},"loc":{"start":{"line":49,"column":32},"end":{"line":49,"column":59}},"line":49},"1":{"name":"(anonymous_1)","decl":{"start":{"line":50,"column":8},"end":{"line":50,"column":9}},"loc":{"start":{"line":50,"column":17},"end":{"line":50,"column":42}},"line":50}},"branchMap":{"0":{"loc":{"start":{"line":10,"column":9},"end":{"line":10,"column":40}},"type":"binary-expr","locations":[{"start":{"line":10,"column":9},"end":{"line":10,"column":30}},{"start":{"line":10,"column":34},"end":{"line":10,"column":40}}],"line":10},"1":{"loc":{"start":{"line":28,"column":0},"end":{"line":45,"column":1}},"type":"if","locations":[{"start":{"line":28,"column":0},"end":{"line":45,"column":1}},{"start":{},"end":{}}],"line":28}},"s":{"0":16,"1":16,"2":16,"3":16,"4":0,"5":0,"6":0,"7":0,"8":0,"9":16,"10":29,"11":29,"12":16},"f":{"0":29,"1":29},"b":{"0":[16,16],"1":[0,16]},"_coverageSchema":"1a1c01bbd47fc00a2c39e90264f33305004495a9","hash":"cb0d195d960abf8d3c245ceaea9ae0899311ea31"}
,"C:\\Users\\HP\\Desktop\\ANTI GRAVITY\\promptwarsx2-1\\src\\middleware\\rateLimiter.js": {"path":"C:\\Users\\HP\\Desktop\\ANTI GRAVITY\\promptwarsx2-1\\src\\middleware\\rateLimiter.js","statementMap":{"0":{"start":{"line":5,"column":18},"end":{"line":5,"column":47}},"1":{"start":{"line":8,"column":19},"end":{"line":21,"column":2}},"2":{"start":{"line":20,"column":25},"end":{"line":20,"column":78}},"3":{"start":{"line":24,"column":25},"end":{"line":36,"column":2}},"4":{"start":{"line":39,"column":19},"end":{"line":51,"column":2}},"5":{"start":{"line":53,"column":0},"end":{"line":53,"column":62}}},"fnMap":{"0":{"name":"(anonymous_0)","decl":{"start":{"line":20,"column":16},"end":{"line":20,"column":17}},"loc":{"start":{"line":20,"column":25},"end":{"line":20,"column":78}},"line":20}},"branchMap":{"0":{"loc":{"start":{"line":9,"column":12},"end":{"line":9,"column":72}},"type":"binary-expr","locations":[{"start":{"line":9,"column":12},"end":{"line":9,"column":54}},{"start":{"line":9,"column":58},"end":{"line":9,"column":72}}],"line":9},"1":{"loc":{"start":{"line":10,"column":7},"end":{"line":10,"column":50}},"type":"binary-expr","locations":[{"start":{"line":10,"column":7},"end":{"line":10,"column":43}},{"start":{"line":10,"column":47},"end":{"line":10,"column":50}}],"line":10},"2":{"loc":{"start":{"line":20,"column":25},"end":{"line":20,"column":78}},"type":"binary-expr","locations":[{"start":{"line":20,"column":25},"end":{"line":20,"column":31}},{"start":{"line":20,"column":35},"end":{"line":20,"column":65}},{"start":{"line":20,"column":69},"end":{"line":20,"column":78}}],"line":20}},"s":{"0":13,"1":13,"2":26,"3":13,"4":13,"5":13},"f":{"0":26},"b":{"0":[13,0],"1":[13,0],"2":[26,0,0]},"_coverageSchema":"1a1c01bbd47fc00a2c39e90264f33305004495a9","hash":"1b9bb88fc198cdd0e534d77df6c5f140597ec25e"}
,"C:\\Users\\HP\\Desktop\\ANTI GRAVITY\\promptwarsx2-1\\src\\middleware\\recaptcha.js": {"path":"C:\\Users\\HP\\Desktop\\ANTI GRAVITY\\promptwarsx2-1\\src\\middleware\\recaptcha.js","statementMap":{"0":{"start":{"line":7,"column":2},"end":{"line":9,"column":3}},"1":{"start":{"line":8,"column":4},"end":{"line":8,"column":18}},"2":{"start":{"line":11,"column":16},"end":{"line":11,"column":75}},"3":{"start":{"line":13,"column":2},"end":{"line":21,"column":3}},"4":{"start":{"line":14,"column":4},"end":{"line":20,"column":7}},"5":{"start":{"line":23,"column":2},"end":{"line":70,"column":3}},"6":{"start":{"line":26,"column":8},"end":{"line":26,"column":53}},"7":{"start":{"line":27,"column":19},"end":{"line":27,"column":57}},"8":{"start":{"line":29,"column":6},"end":{"line":29,"column":74}},"9":{"start":{"line":31,"column":23},"end":{"line":40,"column":6}},"10":{"start":{"line":42,"column":4},"end":{"line":50,"column":5}},"11":{"start":{"line":43,"column":6},"end":{"line":49,"column":9}},"12":{"start":{"line":52,"column":4},"end":{"line":60,"column":5}},"13":{"start":{"line":53,"column":6},"end":{"line":59,"column":9}},"14":{"start":{"line":62,"column":4},"end":{"line":62,"column":53}},"15":{"start":{"line":63,"column":4},"end":{"line":63,"column":11}},"16":{"start":{"line":65,"column":4},"end":{"line":68,"column":6}},"17":{"start":{"line":69,"column":4},"end":{"line":69,"column":11}},"18":{"start":{"line":73,"column":0},"end":{"line":73,"column":37}}},"fnMap":{"0":{"name":"verifyRecaptcha","decl":{"start":{"line":6,"column":15},"end":{"line":6,"column":30}},"loc":{"start":{"line":6,"column":47},"end":{"line":71,"column":1}},"line":6}},"branchMap":{"0":{"loc":{"start":{"line":7,"column":2},"end":{"line":9,"column":3}},"type":"if","locations":[{"start":{"line":7,"column":2},"end":{"line":9,"column":3}},{"start":{},"end":{}}],"line":7},"1":{"loc":{"start":{"line":11,"column":16},"end":{"line":11,"column":75}},"type":"binary-expr","locations":[{"start":{"line":11,"column":16},"end":{"line":11,"column":39}},{"start":{"line":11,"column":43},"end":{"line":11,"column":75}}],"line":11},"2":{"loc":{"start":{"line":13,"column":2},"end":{"line":21,"column":3}},"type":"if","locations":[{"start":{"line":13,"column":2},"end":{"line":21,"column":3}},{"start":{},"end":{}}],"line":13},"3":{"loc":{"start":{"line":29,"column":6},"end":{"line":29,"column":74}},"type":"binary-expr","locations":[{"start":{"line":29,"column":6},"end":{"line":29,"column":38}},{"start":{"line":29,"column":42},"end":{"line":29,"column":74}}],"line":29},"4":{"loc":{"start":{"line":42,"column":4},"end":{"line":50,"column":5}},"type":"if","locations":[{"start":{"line":42,"column":4},"end":{"line":50,"column":5}},{"start":{},"end":{}}],"line":42},"5":{"loc":{"start":{"line":52,"column":4},"end":{"line":60,"column":5}},"type":"if","locations":[{"start":{"line":52,"column":4},"end":{"line":60,"column":5}},{"start":{},"end":{}}],"line":52}},"s":{"0":6,"1":1,"2":5,"3":5,"4":1,"5":4,"6":4,"7":4,"8":4,"9":4,"10":3,"11":1,"12":2,"13":1,"14":1,"15":1,"16":1,"17":1,"18":14},"f":{"0":6},"b":{"0":[1,5],"1":[5,2],"2":[1,4],"3":[4,0],"4":[1,2],"5":[1,1]},"_coverageSchema":"1a1c01bbd47fc00a2c39e90264f33305004495a9","hash":"989eb55134b2eabb3dd12e4828a904c6b964d14c"}
,"C:\\Users\\HP\\Desktop\\ANTI GRAVITY\\promptwarsx2-1\\src\\middleware\\security.js": {"path":"C:\\Users\\HP\\Desktop\\ANTI GRAVITY\\promptwarsx2-1\\src\\middleware\\security.js","statementMap":{"0":{"start":{"line":6,"column":15},"end":{"line":6,"column":32}},"1":{"start":{"line":7,"column":13},"end":{"line":7,"column":28}},"2":{"start":{"line":13,"column":2},"end":{"line":49,"column":5}},"3":{"start":{"line":56,"column":25},"end":{"line":58,"column":56}},"4":{"start":{"line":60,"column":2},"end":{"line":72,"column":5}},"5":{"start":{"line":62,"column":6},"end":{"line":66,"column":7}},"6":{"start":{"line":63,"column":8},"end":{"line":63,"column":29}},"7":{"start":{"line":65,"column":8},"end":{"line":65,"column":29}},"8":{"start":{"line":79,"column":2},"end":{"line":81,"column":3}},"9":{"start":{"line":80,"column":4},"end":{"line":80,"column":18}},"10":{"start":{"line":84,"column":2},"end":{"line":86,"column":3}},"11":{"start":{"line":85,"column":4},"end":{"line":85,"column":18}},"12":{"start":{"line":88,"column":22},"end":{"line":88,"column":62}},"13":{"start":{"line":89,"column":22},"end":{"line":89,"column":49}},"14":{"start":{"line":91,"column":2},"end":{"line":96,"column":3}},"15":{"start":{"line":92,"column":4},"end":{"line":95,"column":7}},"16":{"start":{"line":98,"column":2},"end":{"line":98,"column":9}},"17":{"start":{"line":101,"column":0},"end":{"line":105,"column":2}}},"fnMap":{"0":{"name":"createHelmetMiddleware","decl":{"start":{"line":12,"column":9},"end":{"line":12,"column":31}},"loc":{"start":{"line":12,"column":34},"end":{"line":50,"column":1}},"line":12},"1":{"name":"createCorsMiddleware","decl":{"start":{"line":55,"column":9},"end":{"line":55,"column":29}},"loc":{"start":{"line":55,"column":32},"end":{"line":73,"column":1}},"line":55},"2":{"name":"(anonymous_2)","decl":{"start":{"line":61,"column":12},"end":{"line":61,"column":13}},"loc":{"start":{"line":61,"column":34},"end":{"line":67,"column":5}},"line":61},"3":{"name":"csrfProtection","decl":{"start":{"line":78,"column":9},"end":{"line":78,"column":23}},"loc":{"start":{"line":78,"column":40},"end":{"line":99,"column":1}},"line":78}},"branchMap":{"0":{"loc":{"start":{"line":56,"column":25},"end":{"line":58,"column":56}},"type":"cond-expr","locations":[{"start":{"line":57,"column":6},"end":{"line":57,"column":40}},{"start":{"line":58,"column":6},"end":{"line":58,"column":56}}],"line":56},"1":{"loc":{"start":{"line":62,"column":6},"end":{"line":66,"column":7}},"type":"if","locations":[{"start":{"line":62,"column":6},"end":{"line":66,"column":7}},{"start":{"line":64,"column":13},"end":{"line":66,"column":7}}],"line":62},"2":{"loc":{"start":{"line":62,"column":10},"end":{"line":62,"column":52}},"type":"binary-expr","locations":[{"start":{"line":62,"column":10},"end":{"line":62,"column":17}},{"start":{"line":62,"column":21},"end":{"line":62,"column":52}}],"line":62},"3":{"loc":{"start":{"line":79,"column":2},"end":{"line":81,"column":3}},"type":"if","locations":[{"start":{"line":79,"column":2},"end":{"line":81,"column":3}},{"start":{},"end":{}}],"line":79},"4":{"loc":{"start":{"line":84,"column":2},"end":{"line":86,"column":3}},"type":"if","locations":[{"start":{"line":84,"column":2},"end":{"line":86,"column":3}},{"start":{},"end":{}}],"line":84},"5":{"loc":{"start":{"line":88,"column":22},"end":{"line":88,"column":62}},"type":"binary-expr","locations":[{"start":{"line":88,"column":22},"end":{"line":88,"column":33}},{"start":{"line":88,"column":37},"end":{"line":88,"column":62}}],"line":88},"6":{"loc":{"start":{"line":91,"column":2},"end":{"line":96,"column":3}},"type":"if","locations":[{"start":{"line":91,"column":2},"end":{"line":96,"column":3}},{"start":{},"end":{}}],"line":91},"7":{"loc":{"start":{"line":91,"column":6},"end":{"line":91,"column":65}},"type":"binary-expr","locations":[{"start":{"line":91,"column":6},"end":{"line":91,"column":18}},{"start":{"line":91,"column":22},"end":{"line":91,"column":34}},{"start":{"line":91,"column":38},"end":{"line":91,"column":65}}],"line":91}},"s":{"0":22,"1":22,"2":14,"3":14,"4":14,"5":29,"6":29,"7":0,"8":5,"9":3,"10":2,"11":1,"12":1,"13":1,"14":1,"15":1,"16":0,"17":22},"f":{"0":14,"1":14,"2":29,"3":5},"b":{"0":[13,1],"1":[29,0],"2":[29,0],"3":[3,2],"4":[1,1],"5":[1,1],"6":[1,0],"7":[1,0,0]},"_coverageSchema":"1a1c01bbd47fc00a2c39e90264f33305004495a9","hash":"a4c07b42855309385aaaf2694c2902b0813c2936"}
,"C:\\Users\\HP\\Desktop\\ANTI GRAVITY\\promptwarsx2-1\\src\\middleware\\validation.js": {"path":"C:\\Users\\HP\\Desktop\\ANTI GRAVITY\\promptwarsx2-1\\src\\middleware\\validation.js","statementMap":{"0":{"start":{"line":5,"column":49},"end":{"line":5,"column":77}},"1":{"start":{"line":9,"column":17},"end":{"line":9,"column":38}},"2":{"start":{"line":10,"column":2},"end":{"line":22,"column":3}},"3":{"start":{"line":11,"column":4},"end":{"line":21,"column":7}},"4":{"start":{"line":16,"column":44},"end":{"line":19,"column":9}},"5":{"start":{"line":23,"column":2},"end":{"line":23,"column":9}},"6":{"start":{"line":27,"column":22},"end":{"line":46,"column":1}},"7":{"start":{"line":49,"column":28},"end":{"line":62,"column":1}},"8":{"start":{"line":65,"column":22},"end":{"line":78,"column":1}},"9":{"start":{"line":81,"column":25},"end":{"line":87,"column":1}},"10":{"start":{"line":90,"column":24},"end":{"line":97,"column":1}},"11":{"start":{"line":100,"column":28},"end":{"line":108,"column":1}},"12":{"start":{"line":110,"column":0},"end":{"line":118,"column":2}}},"fnMap":{"0":{"name":"validate","decl":{"start":{"line":8,"column":9},"end":{"line":8,"column":17}},"loc":{"start":{"line":8,"column":34},"end":{"line":24,"column":1}},"line":8},"1":{"name":"(anonymous_1)","decl":{"start":{"line":16,"column":36},"end":{"line":16,"column":37}},"loc":{"start":{"line":16,"column":44},"end":{"line":19,"column":9}},"line":16}},"branchMap":{"0":{"loc":{"start":{"line":10,"column":2},"end":{"line":22,"column":3}},"type":"if","locations":[{"start":{"line":10,"column":2},"end":{"line":22,"column":3}},{"start":{},"end":{}}],"line":10}},"s":{"0":13,"1":11,"2":11,"3":5,"4":6,"5":6,"6":13,"7":13,"8":13,"9":13,"10":13,"11":13,"12":13},"f":{"0":11,"1":6},"b":{"0":[5,6]},"_coverageSchema":"1a1c01bbd47fc00a2c39e90264f33305004495a9","hash":"c7d7c934c116b97715e0b0b1cbcddeeb07a6cf79"}
,"C:\\Users\\HP\\Desktop\\ANTI GRAVITY\\promptwarsx2-1\\src\\routes\\accessibility.js": {"path":"C:\\Users\\HP\\Desktop\\ANTI GRAVITY\\promptwarsx2-1\\src\\routes\\accessibility.js","statementMap":{"0":{"start":{"line":5,"column":16},"end":{"line":5,"column":34}},"1":{"start":{"line":6,"column":15},"end":{"line":6,"column":31}},"2":{"start":{"line":7,"column":11},"end":{"line":7,"column":24}},"3":{"start":{"line":8,"column":13},"end":{"line":8,"column":28}},"4":{"start":{"line":11,"column":0},"end":{"line":44,"column":3}},"5":{"start":{"line":12,"column":2},"end":{"line":43,"column":3}},"6":{"start":{"line":13,"column":21},"end":{"line":19,"column":5}},"7":{"start":{"line":20,"column":17},"end":{"line":20,"column":62}},"8":{"start":{"line":22,"column":24},"end":{"line":36,"column":5}},"9":{"start":{"line":25,"column":39},"end":{"line":31,"column":7}},"10":{"start":{"line":38,"column":4},"end":{"line":38,"column":51}},"11":{"start":{"line":40,"column":4},"end":{"line":42,"column":78}},"12":{"start":{"line":47,"column":0},"end":{"line":62,"column":3}},"13":{"start":{"line":48,"column":2},"end":{"line":61,"column":5}},"14":{"start":{"line":64,"column":0},"end":{"line":64,"column":24}}},"fnMap":{"0":{"name":"(anonymous_0)","decl":{"start":{"line":11,"column":25},"end":{"line":11,"column":26}},"loc":{"start":{"line":11,"column":39},"end":{"line":44,"column":1}},"line":11},"1":{"name":"(anonymous_1)","decl":{"start":{"line":25,"column":28},"end":{"line":25,"column":29}},"loc":{"start":{"line":25,"column":39},"end":{"line":31,"column":7}},"line":25},"2":{"name":"(anonymous_2)","decl":{"start":{"line":47,"column":29},"end":{"line":47,"column":30}},"loc":{"start":{"line":47,"column":43},"end":{"line":62,"column":1}},"line":47}},"branchMap":{},"s":{"0":13,"1":13,"2":13,"3":13,"4":13,"5":3,"6":3,"7":3,"8":3,"9":15,"10":3,"11":0,"12":13,"13":1,"14":13},"f":{"0":3,"1":15,"2":1},"b":{},"_coverageSchema":"1a1c01bbd47fc00a2c39e90264f33305004495a9","hash":"309e3a81497d8d70f40100a7d992681876cfe5a7"}
,"C:\\Users\\HP\\Desktop\\ANTI GRAVITY\\promptwarsx2-1\\src\\routes\\assistant.js": {"path":"C:\\Users\\HP\\Desktop\\ANTI GRAVITY\\promptwarsx2-1\\src\\routes\\assistant.js","statementMap":{"0":{"start":{"line":5,"column":16},"end":{"line":5,"column":34}},"1":{"start":{"line":6,"column":15},"end":{"line":6,"column":31}},"2":{"start":{"line":12,"column":4},"end":{"line":12,"column":33}},"3":{"start":{"line":13,"column":29},"end":{"line":13,"column":55}},"4":{"start":{"line":14,"column":29},"end":{"line":14,"column":55}},"5":{"start":{"line":15,"column":26},"end":{"line":15,"column":58}},"6":{"start":{"line":20,"column":4},"end":{"line":20,"column":39}},"7":{"start":{"line":21,"column":41},"end":{"line":21,"column":77}},"8":{"start":{"line":22,"column":29},"end":{"line":22,"column":58}},"9":{"start":{"line":25,"column":0},"end":{"line":81,"column":3}},"10":{"start":{"line":26,"column":2},"end":{"line":80,"column":3}},"11":{"start":{"line":27,"column":21},"end":{"line":27,"column":56}},"12":{"start":{"line":28,"column":54},"end":{"line":28,"column":62}},"13":{"start":{"line":30,"column":36},"end":{"line":42,"column":6}},"14":{"start":{"line":37,"column":46},"end":{"line":41,"column":7}},"15":{"start":{"line":45,"column":27},"end":{"line":45,"column":44}},"16":{"start":{"line":46,"column":4},"end":{"line":59,"column":5}},"17":{"start":{"line":47,"column":6},"end":{"line":58,"column":7}},"18":{"start":{"line":48,"column":27},"end":{"line":52,"column":9}},"19":{"start":{"line":53,"column":8},"end":{"line":55,"column":9}},"20":{"start":{"line":54,"column":10},"end":{"line":54,"column":55}},"21":{"start":{"line":61,"column":4},"end":{"line":77,"column":7}},"22":{"start":{"line":79,"column":4},"end":{"line":79,"column":16}},"23":{"start":{"line":84,"column":0},"end":{"line":107,"column":3}},"24":{"start":{"line":85,"column":2},"end":{"line":106,"column":3}},"25":{"start":{"line":86,"column":35},"end":{"line":86,"column":43}},"26":{"start":{"line":87,"column":19},"end":{"line":87,"column":72}},"27":{"start":{"line":89,"column":4},"end":{"line":94,"column":5}},"28":{"start":{"line":90,"column":6},"end":{"line":93,"column":9}},"29":{"start":{"line":96,"column":4},"end":{"line":103,"column":7}},"30":{"start":{"line":105,"column":4},"end":{"line":105,"column":16}},"31":{"start":{"line":110,"column":0},"end":{"line":117,"column":3}},"32":{"start":{"line":111,"column":2},"end":{"line":116,"column":3}},"33":{"start":{"line":112,"column":19},"end":{"line":112,"column":56}},"34":{"start":{"line":113,"column":4},"end":{"line":113,"column":46}},"35":{"start":{"line":115,"column":4},"end":{"line":115,"column":16}},"36":{"start":{"line":120,"column":0},"end":{"line":123,"column":3}},"37":{"start":{"line":121,"column":14},"end":{"line":121,"column":48}},"38":{"start":{"line":122,"column":2},"end":{"line":122,"column":70}},"39":{"start":{"line":126,"column":0},"end":{"line":138,"column":3}},"40":{"start":{"line":127,"column":31},"end":{"line":127,"column":39}},"41":{"start":{"line":128,"column":2},"end":{"line":132,"column":3}},"42":{"start":{"line":129,"column":4},"end":{"line":131,"column":76}},"43":{"start":{"line":133,"column":31},"end":{"line":133,"column":60}},"44":{"start":{"line":134,"column":15},"end":{"line":134,"column":33}},"45":{"start":{"line":135,"column":20},"end":{"line":135,"column":61}},"46":{"start":{"line":136,"column":17},"end":{"line":136,"column":41}},"47":{"start":{"line":137,"column":2},"end":{"line":137,"column":59}},"48":{"start":{"line":140,"column":0},"end":{"line":140,"column":24}}},"fnMap":{"0":{"name":"(anonymous_0)","decl":{"start":{"line":25,"column":53},"end":{"line":25,"column":54}},"loc":{"start":{"line":25,"column":79},"end":{"line":81,"column":1}},"line":25},"1":{"name":"(anonymous_1)","decl":{"start":{"line":37,"column":39},"end":{"line":37,"column":40}},"loc":{"start":{"line":37,"column":46},"end":{"line":41,"column":7}},"line":37},"2":{"name":"(anonymous_2)","decl":{"start":{"line":84,"column":47},"end":{"line":84,"column":48}},"loc":{"start":{"line":84,"column":73},"end":{"line":107,"column":1}},"line":84},"3":{"name":"(anonymous_3)","decl":{"start":{"line":110,"column":47},"end":{"line":110,"column":48}},"loc":{"start":{"line":110,"column":73},"end":{"line":117,"column":1}},"line":110},"4":{"name":"(anonymous_4)","decl":{"start":{"line":120,"column":27},"end":{"line":120,"column":28}},"loc":{"start":{"line":120,"column":41},"end":{"line":123,"column":1}},"line":120},"5":{"name":"(anonymous_5)","decl":{"start":{"line":126,"column":27},"end":{"line":126,"column":28}},"loc":{"start":{"line":126,"column":41},"end":{"line":138,"column":1}},"line":126}},"branchMap":{"0":{"loc":{"start":{"line":34,"column":8},"end":{"line":34,"column":24}},"type":"binary-expr","locations":[{"start":{"line":34,"column":8},"end":{"line":34,"column":16}},{"start":{"line":34,"column":20},"end":{"line":34,"column":24}}],"line":34},"1":{"loc":{"start":{"line":35,"column":8},"end":{"line":35,"column":33}},"type":"binary-expr","locations":[{"start":{"line":35,"column":8},"end":{"line":35,"column":27}},{"start":{"line":35,"column":31},"end":{"line":35,"column":33}}],"line":35},"2":{"loc":{"start":{"line":46,"column":4},"end":{"line":59,"column":5}},"type":"if","locations":[{"start":{"line":46,"column":4},"end":{"line":59,"column":5}},{"start":{},"end":{}}],"line":46},"3":{"loc":{"start":{"line":46,"column":8},"end":{"line":46,"column":37}},"type":"binary-expr","locations":[{"start":{"line":46,"column":8},"end":{"line":46,"column":16}},{"start":{"line":46,"column":20},"end":{"line":46,"column":37}}],"line":46},"4":{"loc":{"start":{"line":53,"column":8},"end":{"line":55,"column":9}},"type":"if","locations":[{"start":{"line":53,"column":8},"end":{"line":55,"column":9}},{"start":{},"end":{}}],"line":53},"5":{"loc":{"start":{"line":66,"column":10},"end":{"line":66,"column":71}},"type":"cond-expr","locations":[{"start":{"line":66,"column":42},"end":{"line":66,"column":59}},{"start":{"line":66,"column":62},"end":{"line":66,"column":71}}],"line":66},"6":{"loc":{"start":{"line":66,"column":10},"end":{"line":66,"column":39}},"type":"binary-expr","locations":[{"start":{"line":66,"column":10},"end":{"line":66,"column":18}},{"start":{"line":66,"column":22},"end":{"line":66,"column":39}}],"line":66},"7":{"loc":{"start":{"line":71,"column":19},"end":{"line":71,"column":45}},"type":"binary-expr","locations":[{"start":{"line":71,"column":19},"end":{"line":71,"column":39}},{"start":{"line":71,"column":43},"end":{"line":71,"column":45}}],"line":71},"8":{"loc":{"start":{"line":87,"column":48},"end":{"line":87,"column":71}},"type":"binary-expr","locations":[{"start":{"line":87,"column":48},"end":{"line":87,"column":60}},{"start":{"line":87,"column":64},"end":{"line":87,"column":71}}],"line":87},"9":{"loc":{"start":{"line":89,"column":4},"end":{"line":94,"column":5}},"type":"if","locations":[{"start":{"line":89,"column":4},"end":{"line":94,"column":5}},{"start":{},"end":{}}],"line":89},"10":{"loc":{"start":{"line":128,"column":2},"end":{"line":132,"column":3}},"type":"if","locations":[{"start":{"line":128,"column":2},"end":{"line":132,"column":3}},{"start":{},"end":{}}],"line":128}},"s":{"0":13,"1":13,"2":13,"3":13,"4":13,"5":13,"6":13,"7":13,"8":13,"9":13,"10":2,"11":2,"12":2,"13":2,"14":0,"15":2,"16":2,"17":0,"18":0,"19":0,"20":0,"21":2,"22":0,"23":13,"24":0,"25":0,"26":0,"27":0,"28":0,"29":0,"30":0,"31":13,"32":0,"33":0,"34":0,"35":0,"36":13,"37":0,"38":0,"39":13,"40":0,"41":0,"42":0,"43":0,"44":0,"45":0,"46":0,"47":0,"48":13},"f":{"0":2,"1":0,"2":0,"3":0,"4":0,"5":0},"b":{"0":[2,2],"1":[2,2],"2":[0,2],"3":[2,0],"4":[0,0],"5":[0,2],"6":[2,0],"7":[2,1],"8":[0,0],"9":[0,0],"10":[0,0]},"_coverageSchema":"1a1c01bbd47fc00a2c39e90264f33305004495a9","hash":"74f1eb31a07410dfff25a9163c97c93b11cf102a"}
,"C:\\Users\\HP\\Desktop\\ANTI GRAVITY\\promptwarsx2-1\\src\\routes\\checks.js": {"path":"C:\\Users\\HP\\Desktop\\ANTI GRAVITY\\promptwarsx2-1\\src\\routes\\checks.js","statementMap":{"0":{"start":{"line":4,"column":16},"end":{"line":4,"column":34}},"1":{"start":{"line":5,"column":15},"end":{"line":5,"column":31}},"2":{"start":{"line":6,"column":46},"end":{"line":6,"column":77}},"3":{"start":{"line":7,"column":28},"end":{"line":7,"column":63}},"4":{"start":{"line":10,"column":0},"end":{"line":13,"column":3}},"5":{"start":{"line":11,"column":15},"end":{"line":11,"column":27}},"6":{"start":{"line":12,"column":2},"end":{"line":12,"column":36}},"7":{"start":{"line":16,"column":0},"end":{"line":25,"column":3}},"8":{"start":{"line":17,"column":16},"end":{"line":23,"column":4}},"9":{"start":{"line":24,"column":2},"end":{"line":24,"column":55}},"10":{"start":{"line":28,"column":0},"end":{"line":31,"column":3}},"11":{"start":{"line":29,"column":2},"end":{"line":29,"column":16}},"12":{"start":{"line":30,"column":2},"end":{"line":30,"column":61}},"13":{"start":{"line":33,"column":0},"end":{"line":33,"column":24}}},"fnMap":{"0":{"name":"(anonymous_0)","decl":{"start":{"line":10,"column":16},"end":{"line":10,"column":17}},"loc":{"start":{"line":10,"column":30},"end":{"line":13,"column":1}},"line":10},"1":{"name":"(anonymous_1)","decl":{"start":{"line":16,"column":34},"end":{"line":16,"column":35}},"loc":{"start":{"line":16,"column":48},"end":{"line":25,"column":1}},"line":16},"2":{"name":"(anonymous_2)","decl":{"start":{"line":28,"column":19},"end":{"line":28,"column":20}},"loc":{"start":{"line":28,"column":33},"end":{"line":31,"column":1}},"line":28}},"branchMap":{"0":{"loc":{"start":{"line":18,"column":13},"end":{"line":18,"column":41}},"type":"binary-expr","locations":[{"start":{"line":18,"column":13},"end":{"line":18,"column":29}},{"start":{"line":18,"column":33},"end":{"line":18,"column":41}}],"line":18},"1":{"loc":{"start":{"line":19,"column":12},"end":{"line":19,"column":35}},"type":"binary-expr","locations":[{"start":{"line":19,"column":12},"end":{"line":19,"column":27}},{"start":{"line":19,"column":31},"end":{"line":19,"column":35}}],"line":19},"2":{"loc":{"start":{"line":20,"column":18},"end":{"line":20,"column":47}},"type":"binary-expr","locations":[{"start":{"line":20,"column":18},"end":{"line":20,"column":39}},{"start":{"line":20,"column":43},"end":{"line":20,"column":47}}],"line":20},"3":{"loc":{"start":{"line":21,"column":13},"end":{"line":21,"column":37}},"type":"binary-expr","locations":[{"start":{"line":21,"column":13},"end":{"line":21,"column":29}},{"start":{"line":21,"column":33},"end":{"line":21,"column":37}}],"line":21},"4":{"loc":{"start":{"line":22,"column":13},"end":{"line":22,"column":69}},"type":"cond-expr","locations":[{"start":{"line":22,"column":46},"end":{"line":22,"column":62}},{"start":{"line":22,"column":65},"end":{"line":22,"column":69}}],"line":22}},"s":{"0":13,"1":13,"2":13,"3":13,"4":13,"5":1,"6":1,"7":13,"8":1,"9":1,"10":13,"11":0,"12":0,"13":13},"f":{"0":1,"1":1,"2":0},"b":{"0":[1,0],"1":[1,0],"2":[1,1],"3":[1,1],"4":[0,1]},"_coverageSchema":"1a1c01bbd47fc00a2c39e90264f33305004495a9","hash":"3d6b735a3acc0cf5d8609f6bc45347d5b698c7a6"}
,"C:\\Users\\HP\\Desktop\\ANTI GRAVITY\\promptwarsx2-1\\src\\routes\\civic.js": {"path":"C:\\Users\\HP\\Desktop\\ANTI GRAVITY\\promptwarsx2-1\\src\\routes\\civic.js","statementMap":{"0":{"start":{"line":6,"column":16},"end":{"line":6,"column":34}},"1":{"start":{"line":7,"column":15},"end":{"line":7,"column":31}},"2":{"start":{"line":8,"column":35},"end":{"line":8,"column":63}},"3":{"start":{"line":9,"column":21},"end":{"line":9,"column":49}},"4":{"start":{"line":10,"column":23},"end":{"line":10,"column":53}},"5":{"start":{"line":11,"column":28},"end":{"line":11,"column":62}},"6":{"start":{"line":12,"column":23},"end":{"line":12,"column":59}},"7":{"start":{"line":15,"column":0},"end":{"line":15,"column":23}},"8":{"start":{"line":19,"column":17},"end":{"line":19,"column":38}},"9":{"start":{"line":20,"column":2},"end":{"line":29,"column":3}},"10":{"start":{"line":21,"column":4},"end":{"line":28,"column":7}},"11":{"start":{"line":26,"column":44},"end":{"line":26,"column":77}},"12":{"start":{"line":30,"column":2},"end":{"line":30,"column":14}},"13":{"start":{"line":37,"column":0},"end":{"line":41,"column":3}},"14":{"start":{"line":38,"column":17},"end":{"line":38,"column":50}},"15":{"start":{"line":39,"column":2},"end":{"line":39,"column":59}},"16":{"start":{"line":39,"column":23},"end":{"line":39,"column":59}},"17":{"start":{"line":40,"column":2},"end":{"line":40,"column":19}},"18":{"start":{"line":47,"column":0},"end":{"line":65,"column":2}},"19":{"start":{"line":58,"column":20},"end":{"line":58,"column":46}},"20":{"start":{"line":59,"column":4},"end":{"line":59,"column":24}},"21":{"start":{"line":59,"column":17},"end":{"line":59,"column":24}},"22":{"start":{"line":60,"column":36},"end":{"line":60,"column":44}},"23":{"start":{"line":61,"column":19},"end":{"line":61,"column":71}},"24":{"start":{"line":62,"column":4},"end":{"line":62,"column":61}},"25":{"start":{"line":62,"column":25},"end":{"line":62,"column":61}},"26":{"start":{"line":63,"column":4},"end":{"line":63,"column":21}},"27":{"start":{"line":71,"column":0},"end":{"line":88,"column":2}},"28":{"start":{"line":81,"column":20},"end":{"line":81,"column":46}},"29":{"start":{"line":82,"column":4},"end":{"line":82,"column":24}},"30":{"start":{"line":82,"column":17},"end":{"line":82,"column":24}},"31":{"start":{"line":83,"column":24},"end":{"line":83,"column":32}},"32":{"start":{"line":84,"column":19},"end":{"line":84,"column":65}},"33":{"start":{"line":85,"column":4},"end":{"line":85,"column":61}},"34":{"start":{"line":85,"column":25},"end":{"line":85,"column":61}},"35":{"start":{"line":86,"column":4},"end":{"line":86,"column":21}},"36":{"start":{"line":94,"column":0},"end":{"line":109,"column":2}},"37":{"start":{"line":102,"column":20},"end":{"line":102,"column":46}},"38":{"start":{"line":103,"column":4},"end":{"line":103,"column":24}},"39":{"start":{"line":103,"column":17},"end":{"line":103,"column":24}},"40":{"start":{"line":104,"column":25},"end":{"line":104,"column":33}},"41":{"start":{"line":105,"column":19},"end":{"line":105,"column":64}},"42":{"start":{"line":106,"column":4},"end":{"line":106,"column":61}},"43":{"start":{"line":106,"column":25},"end":{"line":106,"column":61}},"44":{"start":{"line":107,"column":4},"end":{"line":107,"column":21}},"45":{"start":{"line":111,"column":0},"end":{"line":111,"column":24}}},"fnMap":{"0":{"name":"handleValidation","decl":{"start":{"line":18,"column":9},"end":{"line":18,"column":25}},"loc":{"start":{"line":18,"column":36},"end":{"line":31,"column":1}},"line":18},"1":{"name":"(anonymous_1)","decl":{"start":{"line":26,"column":36},"end":{"line":26,"column":37}},"loc":{"start":{"line":26,"column":44},"end":{"line":26,"column":77}},"line":26},"2":{"name":"(anonymous_2)","decl":{"start":{"line":37,"column":25},"end":{"line":37,"column":26}},"loc":{"start":{"line":37,"column":45},"end":{"line":41,"column":1}},"line":37},"3":{"name":"(anonymous_3)","decl":{"start":{"line":57,"column":2},"end":{"line":57,"column":3}},"loc":{"start":{"line":57,"column":22},"end":{"line":64,"column":3}},"line":57},"4":{"name":"(anonymous_4)","decl":{"start":{"line":80,"column":2},"end":{"line":80,"column":3}},"loc":{"start":{"line":80,"column":22},"end":{"line":87,"column":3}},"line":80},"5":{"name":"(anonymous_5)","decl":{"start":{"line":101,"column":2},"end":{"line":101,"column":3}},"loc":{"start":{"line":101,"column":22},"end":{"line":108,"column":3}},"line":101}},"branchMap":{"0":{"loc":{"start":{"line":20,"column":2},"end":{"line":29,"column":3}},"type":"if","locations":[{"start":{"line":20,"column":2},"end":{"line":29,"column":3}},{"start":{},"end":{}}],"line":20},"1":{"loc":{"start":{"line":39,"column":2},"end":{"line":39,"column":59}},"type":"if","locations":[{"start":{"line":39,"column":2},"end":{"line":39,"column":59}},{"start":{},"end":{}}],"line":39},"2":{"loc":{"start":{"line":59,"column":4},"end":{"line":59,"column":24}},"type":"if","locations":[{"start":{"line":59,"column":4},"end":{"line":59,"column":24}},{"start":{},"end":{}}],"line":59},"3":{"loc":{"start":{"line":62,"column":4},"end":{"line":62,"column":61}},"type":"if","locations":[{"start":{"line":62,"column":4},"end":{"line":62,"column":61}},{"start":{},"end":{}}],"line":62},"4":{"loc":{"start":{"line":82,"column":4},"end":{"line":82,"column":24}},"type":"if","locations":[{"start":{"line":82,"column":4},"end":{"line":82,"column":24}},{"start":{},"end":{}}],"line":82},"5":{"loc":{"start":{"line":85,"column":4},"end":{"line":85,"column":61}},"type":"if","locations":[{"start":{"line":85,"column":4},"end":{"line":85,"column":61}},{"start":{},"end":{}}],"line":85},"6":{"loc":{"start":{"line":103,"column":4},"end":{"line":103,"column":24}},"type":"if","locations":[{"start":{"line":103,"column":4},"end":{"line":103,"column":24}},{"start":{},"end":{}}],"line":103},"7":{"loc":{"start":{"line":106,"column":4},"end":{"line":106,"column":61}},"type":"if","locations":[{"start":{"line":106,"column":4},"end":{"line":106,"column":61}},{"start":{},"end":{}}],"line":106}},"s":{"0":13,"1":13,"2":13,"3":13,"4":13,"5":13,"6":13,"7":13,"8":0,"9":0,"10":0,"11":0,"12":0,"13":13,"14":0,"15":0,"16":0,"17":0,"18":13,"19":0,"20":0,"21":0,"22":0,"23":0,"24":0,"25":0,"26":0,"27":13,"28":0,"29":0,"30":0,"31":0,"32":0,"33":0,"34":0,"35":0,"36":13,"37":0,"38":0,"39":0,"40":0,"41":0,"42":0,"43":0,"44":0,"45":13},"f":{"0":0,"1":0,"2":0,"3":0,"4":0,"5":0},"b":{"0":[0,0],"1":[0,0],"2":[0,0],"3":[0,0],"4":[0,0],"5":[0,0],"6":[0,0],"7":[0,0]},"_coverageSchema":"1a1c01bbd47fc00a2c39e90264f33305004495a9","hash":"8045a48e6af6808d2b9243434c46612c09fbbef5"}
,"C:\\Users\\HP\\Desktop\\ANTI GRAVITY\\promptwarsx2-1\\src\\routes\\health.js": {"path":"C:\\Users\\HP\\Desktop\\ANTI GRAVITY\\promptwarsx2-1\\src\\routes\\health.js","statementMap":{"0":{"start":{"line":4,"column":16},"end":{"line":4,"column":34}},"1":{"start":{"line":5,"column":15},"end":{"line":5,"column":31}},"2":{"start":{"line":6,"column":21},"end":{"line":6,"column":52}},"3":{"start":{"line":8,"column":18},"end":{"line":8,"column":28}},"4":{"start":{"line":10,"column":0},"end":{"line":47,"column":3}},"5":{"start":{"line":11,"column":17},"end":{"line":11,"column":60}},"6":{"start":{"line":12,"column":19},"end":{"line":12,"column":40}},"7":{"start":{"line":14,"column":17},"end":{"line":35,"column":3}},"8":{"start":{"line":38,"column":2},"end":{"line":44,"column":5}},"9":{"start":{"line":46,"column":2},"end":{"line":46,"column":44}},"10":{"start":{"line":49,"column":0},"end":{"line":51,"column":3}},"11":{"start":{"line":50,"column":2},"end":{"line":50,"column":43}},"12":{"start":{"line":53,"column":0},"end":{"line":55,"column":3}},"13":{"start":{"line":54,"column":2},"end":{"line":54,"column":43}},"14":{"start":{"line":57,"column":0},"end":{"line":57,"column":24}}},"fnMap":{"0":{"name":"(anonymous_0)","decl":{"start":{"line":10,"column":16},"end":{"line":10,"column":17}},"loc":{"start":{"line":10,"column":30},"end":{"line":47,"column":1}},"line":10},"1":{"name":"(anonymous_1)","decl":{"start":{"line":49,"column":21},"end":{"line":49,"column":22}},"loc":{"start":{"line":49,"column":35},"end":{"line":51,"column":1}},"line":49},"2":{"name":"(anonymous_2)","decl":{"start":{"line":53,"column":20},"end":{"line":53,"column":21}},"loc":{"start":{"line":53,"column":34},"end":{"line":55,"column":1}},"line":53}},"branchMap":{"0":{"loc":{"start":{"line":25,"column":17},"end":{"line":25,"column":54}},"type":"binary-expr","locations":[{"start":{"line":25,"column":17},"end":{"line":25,"column":37}},{"start":{"line":25,"column":41},"end":{"line":25,"column":54}}],"line":25}},"s":{"0":13,"1":13,"2":13,"3":13,"4":13,"5":5,"6":5,"7":5,"8":5,"9":5,"10":13,"11":1,"12":13,"13":0,"14":13},"f":{"0":5,"1":1,"2":0},"b":{"0":[5,0]},"_coverageSchema":"1a1c01bbd47fc00a2c39e90264f33305004495a9","hash":"e1f7db5d8d6b3a97b057dc53d1364373f8e7a902"}
,"C:\\Users\\HP\\Desktop\\ANTI GRAVITY\\promptwarsx2-1\\src\\routes\\timeline.js": {"path":"C:\\Users\\HP\\Desktop\\ANTI GRAVITY\\promptwarsx2-1\\src\\routes\\timeline.js","statementMap":{"0":{"start":{"line":4,"column":16},"end":{"line":4,"column":34}},"1":{"start":{"line":5,"column":15},"end":{"line":5,"column":31}},"2":{"start":{"line":6,"column":11},"end":{"line":6,"column":24}},"3":{"start":{"line":7,"column":13},"end":{"line":7,"column":28}},"4":{"start":{"line":10,"column":19},"end":{"line":16,"column":3}},"5":{"start":{"line":17,"column":14},"end":{"line":17,"column":47}},"6":{"start":{"line":18,"column":15},"end":{"line":18,"column":30}},"7":{"start":{"line":19,"column":2},"end":{"line":19,"column":64}},"8":{"start":{"line":23,"column":0},"end":{"line":49,"column":3}},"9":{"start":{"line":24,"column":34},"end":{"line":24,"column":48}},"10":{"start":{"line":27,"column":14},"end":{"line":27,"column":24}},"11":{"start":{"line":28,"column":19},"end":{"line":46,"column":4}},"12":{"start":{"line":29,"column":17},"end":{"line":29,"column":34}},"13":{"start":{"line":30,"column":22},"end":{"line":30,"column":69}},"14":{"start":{"line":31,"column":4},"end":{"line":45,"column":6}},"15":{"start":{"line":32,"column":60},"end":{"line":32,"column":75}},"16":{"start":{"line":48,"column":2},"end":{"line":48,"column":69}},"17":{"start":{"line":51,"column":0},"end":{"line":51,"column":24}}},"fnMap":{"0":{"name":"loadTimeline","decl":{"start":{"line":9,"column":9},"end":{"line":9,"column":21}},"loc":{"start":{"line":9,"column":24},"end":{"line":20,"column":1}},"line":9},"1":{"name":"(anonymous_1)","decl":{"start":{"line":23,"column":16},"end":{"line":23,"column":17}},"loc":{"start":{"line":23,"column":30},"end":{"line":49,"column":1}},"line":23},"2":{"name":"(anonymous_2)","decl":{"start":{"line":28,"column":48},"end":{"line":28,"column":49}},"loc":{"start":{"line":28,"column":68},"end":{"line":46,"column":3}},"line":28},"3":{"name":"(anonymous_3)","decl":{"start":{"line":32,"column":53},"end":{"line":32,"column":54}},"loc":{"start":{"line":32,"column":60},"end":{"line":32,"column":75}},"line":32}},"branchMap":{"0":{"loc":{"start":{"line":37,"column":8},"end":{"line":43,"column":24}},"type":"cond-expr","locations":[{"start":{"line":38,"column":12},"end":{"line":38,"column":18}},{"start":{"line":39,"column":12},"end":{"line":43,"column":24}}],"line":37},"1":{"loc":{"start":{"line":39,"column":12},"end":{"line":43,"column":24}},"type":"cond-expr","locations":[{"start":{"line":40,"column":14},"end":{"line":40,"column":21}},{"start":{"line":41,"column":14},"end":{"line":43,"column":24}}],"line":39},"2":{"loc":{"start":{"line":41,"column":14},"end":{"line":43,"column":24}},"type":"cond-expr","locations":[{"start":{"line":42,"column":16},"end":{"line":42,"column":26}},{"start":{"line":43,"column":16},"end":{"line":43,"column":24}}],"line":41}},"s":{"0":13,"1":13,"2":13,"3":13,"4":2,"5":2,"6":2,"7":2,"8":13,"9":2,"10":2,"11":2,"12":10,"13":10,"14":10,"15":24,"16":2,"17":13},"f":{"0":2,"1":2,"2":10,"3":24},"b":{"0":[10,0],"1":[0,0],"2":[0,0]},"_coverageSchema":"1a1c01bbd47fc00a2c39e90264f33305004495a9","hash":"ca79f7b7d90587fd502aa2fab9bc259d8e78f8ad"}
,"C:\\Users\\HP\\Desktop\\ANTI GRAVITY\\promptwarsx2-1\\src\\routes\\translate.js": {"path":"C:\\Users\\HP\\Desktop\\ANTI GRAVITY\\promptwarsx2-1\\src\\routes\\translate.js","statementMap":{"0":{"start":{"line":4,"column":16},"end":{"line":4,"column":34}},"1":{"start":{"line":5,"column":15},"end":{"line":5,"column":31}},"2":{"start":{"line":6,"column":42},"end":{"line":6,"column":74}},"3":{"start":{"line":7,"column":32},"end":{"line":7,"column":67}},"4":{"start":{"line":10,"column":0},"end":{"line":18,"column":3}},"5":{"start":{"line":11,"column":2},"end":{"line":17,"column":3}},"6":{"start":{"line":12,"column":53},"end":{"line":12,"column":61}},"7":{"start":{"line":13,"column":19},"end":{"line":13,"column":76}},"8":{"start":{"line":14,"column":4},"end":{"line":14,"column":46}},"9":{"start":{"line":16,"column":4},"end":{"line":16,"column":16}},"10":{"start":{"line":21,"column":0},"end":{"line":34,"column":3}},"11":{"start":{"line":22,"column":2},"end":{"line":33,"column":3}},"12":{"start":{"line":23,"column":21},"end":{"line":23,"column":29}},"13":{"start":{"line":24,"column":4},"end":{"line":28,"column":5}},"14":{"start":{"line":25,"column":6},"end":{"line":27,"column":74}},"15":{"start":{"line":29,"column":19},"end":{"line":29,"column":45}},"16":{"start":{"line":30,"column":4},"end":{"line":30,"column":46}},"17":{"start":{"line":32,"column":4},"end":{"line":32,"column":16}},"18":{"start":{"line":36,"column":0},"end":{"line":36,"column":24}}},"fnMap":{"0":{"name":"(anonymous_0)","decl":{"start":{"line":10,"column":38},"end":{"line":10,"column":39}},"loc":{"start":{"line":10,"column":64},"end":{"line":18,"column":1}},"line":10},"1":{"name":"(anonymous_1)","decl":{"start":{"line":21,"column":23},"end":{"line":21,"column":24}},"loc":{"start":{"line":21,"column":49},"end":{"line":34,"column":1}},"line":21}},"branchMap":{"0":{"loc":{"start":{"line":24,"column":4},"end":{"line":28,"column":5}},"type":"if","locations":[{"start":{"line":24,"column":4},"end":{"line":28,"column":5}},{"start":{},"end":{}}],"line":24}},"s":{"0":13,"1":13,"2":13,"3":13,"4":13,"5":1,"6":1,"7":1,"8":1,"9":0,"10":13,"11":0,"12":0,"13":0,"14":0,"15":0,"16":0,"17":0,"18":13},"f":{"0":1,"1":0},"b":{"0":[0,0]},"_coverageSchema":"1a1c01bbd47fc00a2c39e90264f33305004495a9","hash":"0a74ed02dc641365239fe18927e509ba25e0b7e8"}
,"C:\\Users\\HP\\Desktop\\ANTI GRAVITY\\promptwarsx2-1\\src\\routes\\zones.js": {"path":"C:\\Users\\HP\\Desktop\\ANTI GRAVITY\\promptwarsx2-1\\src\\routes\\zones.js","statementMap":{"0":{"start":{"line":4,"column":16},"end":{"line":4,"column":34}},"1":{"start":{"line":5,"column":15},"end":{"line":5,"column":31}},"2":{"start":{"line":6,"column":11},"end":{"line":6,"column":24}},"3":{"start":{"line":7,"column":13},"end":{"line":7,"column":28}},"4":{"start":{"line":8,"column":29},"end":{"line":8,"column":64}},"5":{"start":{"line":9,"column":26},"end":{"line":9,"column":52}},"6":{"start":{"line":12,"column":19},"end":{"line":18,"column":3}},"7":{"start":{"line":19,"column":14},"end":{"line":19,"column":47}},"8":{"start":{"line":20,"column":2},"end":{"line":20,"column":31}},"9":{"start":{"line":24,"column":0},"end":{"line":33,"column":3}},"10":{"start":{"line":25,"column":16},"end":{"line":25,"column":27}},"11":{"start":{"line":26,"column":18},"end":{"line":31,"column":5}},"12":{"start":{"line":26,"column":36},"end":{"line":31,"column":3}},"13":{"start":{"line":32,"column":2},"end":{"line":32,"column":68}},"14":{"start":{"line":36,"column":0},"end":{"line":41,"column":3}},"15":{"start":{"line":37,"column":16},"end":{"line":37,"column":27}},"16":{"start":{"line":38,"column":15},"end":{"line":38,"column":56}},"17":{"start":{"line":38,"column":33},"end":{"line":38,"column":55}},"18":{"start":{"line":39,"column":2},"end":{"line":39,"column":52}},"19":{"start":{"line":39,"column":13},"end":{"line":39,"column":52}},"20":{"start":{"line":40,"column":2},"end":{"line":40,"column":42}},"21":{"start":{"line":43,"column":0},"end":{"line":43,"column":24}}},"fnMap":{"0":{"name":"loadZones","decl":{"start":{"line":11,"column":9},"end":{"line":11,"column":18}},"loc":{"start":{"line":11,"column":21},"end":{"line":21,"column":1}},"line":11},"1":{"name":"(anonymous_1)","decl":{"start":{"line":24,"column":16},"end":{"line":24,"column":17}},"loc":{"start":{"line":24,"column":30},"end":{"line":33,"column":1}},"line":24},"2":{"name":"(anonymous_2)","decl":{"start":{"line":26,"column":28},"end":{"line":26,"column":29}},"loc":{"start":{"line":26,"column":36},"end":{"line":31,"column":3}},"line":26},"3":{"name":"(anonymous_3)","decl":{"start":{"line":36,"column":37},"end":{"line":36,"column":38}},"loc":{"start":{"line":36,"column":57},"end":{"line":41,"column":1}},"line":36},"4":{"name":"(anonymous_4)","decl":{"start":{"line":38,"column":26},"end":{"line":38,"column":27}},"loc":{"start":{"line":38,"column":33},"end":{"line":38,"column":55}},"line":38}},"branchMap":{"0":{"loc":{"start":{"line":39,"column":2},"end":{"line":39,"column":52}},"type":"if","locations":[{"start":{"line":39,"column":2},"end":{"line":39,"column":52}},{"start":{},"end":{}}],"line":39}},"s":{"0":13,"1":13,"2":13,"3":13,"4":13,"5":13,"6":4,"7":4,"8":4,"9":13,"10":2,"11":2,"12":10,"13":2,"14":13,"15":2,"16":2,"17":6,"18":2,"19":1,"20":1,"21":13},"f":{"0":4,"1":2,"2":10,"3":2,"4":6},"b":{"0":[1,1]},"_coverageSchema":"1a1c01bbd47fc00a2c39e90264f33305004495a9","hash":"af5548815c202adb69952b91287e80c6949822cb"}
,"C:\\Users\\HP\\Desktop\\ANTI GRAVITY\\promptwarsx2-1\\src\\services\\civic.js": {"path":"C:\\Users\\HP\\Desktop\\ANTI GRAVITY\\promptwarsx2-1\\src\\services\\civic.js","statementMap":{"0":{"start":{"line":5,"column":19},"end":{"line":5,"column":40}},"1":{"start":{"line":9,"column":4},"end":{"line":9,"column":44}},"2":{"start":{"line":10,"column":4},"end":{"line":10,"column":51}},"3":{"start":{"line":11,"column":4},"end":{"line":11,"column":39}},"4":{"start":{"line":13,"column":4},"end":{"line":15,"column":5}},"5":{"start":{"line":14,"column":6},"end":{"line":14,"column":113}},"6":{"start":{"line":25,"column":4},"end":{"line":27,"column":5}},"7":{"start":{"line":26,"column":6},"end":{"line":26,"column":87}},"8":{"start":{"line":29,"column":4},"end":{"line":31,"column":5}},"9":{"start":{"line":30,"column":6},"end":{"line":30,"column":85}},"10":{"start":{"line":33,"column":4},"end":{"line":62,"column":5}},"11":{"start":{"line":34,"column":21},"end":{"line":38,"column":7}},"12":{"start":{"line":40,"column":6},"end":{"line":42,"column":7}},"13":{"start":{"line":41,"column":8},"end":{"line":41,"column":39}},"14":{"start":{"line":44,"column":23},"end":{"line":44,"column":76}},"15":{"start":{"line":46,"column":6},"end":{"line":55,"column":8}},"16":{"start":{"line":57,"column":6},"end":{"line":57,"column":79}},"17":{"start":{"line":58,"column":6},"end":{"line":61,"column":8}},"18":{"start":{"line":70,"column":4},"end":{"line":72,"column":5}},"19":{"start":{"line":71,"column":6},"end":{"line":71,"column":87}},"20":{"start":{"line":74,"column":4},"end":{"line":86,"column":5}},"21":{"start":{"line":75,"column":23},"end":{"line":77,"column":8}},"22":{"start":{"line":79,"column":6},"end":{"line":82,"column":8}},"23":{"start":{"line":84,"column":6},"end":{"line":84,"column":78}},"24":{"start":{"line":85,"column":6},"end":{"line":85,"column":77}},"25":{"start":{"line":93,"column":4},"end":{"line":95,"column":5}},"26":{"start":{"line":94,"column":6},"end":{"line":94,"column":87}},"27":{"start":{"line":97,"column":4},"end":{"line":113,"column":5}},"28":{"start":{"line":98,"column":23},"end":{"line":101,"column":8}},"29":{"start":{"line":103,"column":6},"end":{"line":109,"column":8}},"30":{"start":{"line":111,"column":6},"end":{"line":111,"column":83}},"31":{"start":{"line":112,"column":6},"end":{"line":112,"column":89}},"32":{"start":{"line":118,"column":0},"end":{"line":118,"column":36}}},"fnMap":{"0":{"name":"(anonymous_0)","decl":{"start":{"line":8,"column":2},"end":{"line":8,"column":3}},"loc":{"start":{"line":8,"column":16},"end":{"line":16,"column":3}},"line":8},"1":{"name":"(anonymous_1)","decl":{"start":{"line":24,"column":2},"end":{"line":24,"column":3}},"loc":{"start":{"line":24,"column":47},"end":{"line":63,"column":3}},"line":24},"2":{"name":"(anonymous_2)","decl":{"start":{"line":69,"column":2},"end":{"line":69,"column":3}},"loc":{"start":{"line":69,"column":23},"end":{"line":87,"column":3}},"line":69},"3":{"name":"(anonymous_3)","decl":{"start":{"line":92,"column":2},"end":{"line":92,"column":3}},"loc":{"start":{"line":92,"column":36},"end":{"line":114,"column":3}},"line":92}},"branchMap":{"0":{"loc":{"start":{"line":13,"column":4},"end":{"line":15,"column":5}},"type":"if","locations":[{"start":{"line":13,"column":4},"end":{"line":15,"column":5}},{"start":{},"end":{}}],"line":13},"1":{"loc":{"start":{"line":24,"column":30},"end":{"line":24,"column":45}},"type":"default-arg","locations":[{"start":{"line":24,"column":43},"end":{"line":24,"column":45}}],"line":24},"2":{"loc":{"start":{"line":25,"column":4},"end":{"line":27,"column":5}},"type":"if","locations":[{"start":{"line":25,"column":4},"end":{"line":27,"column":5}},{"start":{},"end":{}}],"line":25},"3":{"loc":{"start":{"line":29,"column":4},"end":{"line":31,"column":5}},"type":"if","locations":[{"start":{"line":29,"column":4},"end":{"line":31,"column":5}},{"start":{},"end":{}}],"line":29},"4":{"loc":{"start":{"line":40,"column":6},"end":{"line":42,"column":7}},"type":"if","locations":[{"start":{"line":40,"column":6},"end":{"line":42,"column":7}},{"start":{},"end":{}}],"line":40},"5":{"loc":{"start":{"line":50,"column":28},"end":{"line":50,"column":64}},"type":"binary-expr","locations":[{"start":{"line":50,"column":28},"end":{"line":50,"column":58}},{"start":{"line":50,"column":62},"end":{"line":50,"column":64}}],"line":50},"6":{"loc":{"start":{"line":51,"column":26},"end":{"line":51,"column":60}},"type":"binary-expr","locations":[{"start":{"line":51,"column":26},"end":{"line":51,"column":54}},{"start":{"line":51,"column":58},"end":{"line":51,"column":60}}],"line":51},"7":{"loc":{"start":{"line":52,"column":17},"end":{"line":52,"column":42}},"type":"binary-expr","locations":[{"start":{"line":52,"column":17},"end":{"line":52,"column":36}},{"start":{"line":52,"column":40},"end":{"line":52,"column":42}}],"line":52},"8":{"loc":{"start":{"line":53,"column":20},"end":{"line":53,"column":48}},"type":"binary-expr","locations":[{"start":{"line":53,"column":20},"end":{"line":53,"column":42}},{"start":{"line":53,"column":46},"end":{"line":53,"column":48}}],"line":53},"9":{"loc":{"start":{"line":70,"column":4},"end":{"line":72,"column":5}},"type":"if","locations":[{"start":{"line":70,"column":4},"end":{"line":72,"column":5}},{"start":{},"end":{}}],"line":70},"10":{"loc":{"start":{"line":81,"column":14},"end":{"line":81,"column":43}},"type":"binary-expr","locations":[{"start":{"line":81,"column":14},"end":{"line":81,"column":37}},{"start":{"line":81,"column":41},"end":{"line":81,"column":43}}],"line":81},"11":{"loc":{"start":{"line":93,"column":4},"end":{"line":95,"column":5}},"type":"if","locations":[{"start":{"line":93,"column":4},"end":{"line":95,"column":5}},{"start":{},"end":{}}],"line":93},"12":{"loc":{"start":{"line":106,"column":19},"end":{"line":106,"column":46}},"type":"binary-expr","locations":[{"start":{"line":106,"column":19},"end":{"line":106,"column":40}},{"start":{"line":106,"column":44},"end":{"line":106,"column":46}}],"line":106},"13":{"loc":{"start":{"line":107,"column":21},"end":{"line":107,"column":50}},"type":"binary-expr","locations":[{"start":{"line":107,"column":21},"end":{"line":107,"column":44}},{"start":{"line":107,"column":48},"end":{"line":107,"column":50}}],"line":107}},"s":{"0":14,"1":14,"2":14,"3":14,"4":14,"5":14,"6":4,"7":1,"8":3,"9":1,"10":2,"11":2,"12":2,"13":1,"14":2,"15":1,"16":1,"17":1,"18":2,"19":0,"20":2,"21":2,"22":1,"23":1,"24":1,"25":2,"26":0,"27":2,"28":2,"29":1,"30":1,"31":1,"32":14},"f":{"0":14,"1":4,"2":2,"3":2},"b":{"0":[14,0],"1":[3],"2":[1,3],"3":[1,2],"4":[1,1],"5":[1,0],"6":[1,1],"7":[1,1],"8":[1,1],"9":[0,2],"10":[1,0],"11":[0,2],"12":[1,0],"13":[1,0]},"_coverageSchema":"1a1c01bbd47fc00a2c39e90264f33305004495a9","hash":"fd89dd9fce90de95260a05b9a6a6a95666d61db1"}
,"C:\\Users\\HP\\Desktop\\ANTI GRAVITY\\promptwarsx2-1\\src\\services\\cloudTasks.js": {"path":"C:\\Users\\HP\\Desktop\\ANTI GRAVITY\\promptwarsx2-1\\src\\services\\cloudTasks.js","statementMap":{"0":{"start":{"line":7,"column":2},"end":{"line":37,"column":3}},"1":{"start":{"line":8,"column":33},"end":{"line":8,"column":63}},"2":{"start":{"line":9,"column":19},"end":{"line":9,"column":41}},"3":{"start":{"line":10,"column":20},"end":{"line":10,"column":52}},"4":{"start":{"line":11,"column":21},"end":{"line":11,"column":70}},"5":{"start":{"line":12,"column":19},"end":{"line":12,"column":65}},"6":{"start":{"line":14,"column":17},"end":{"line":21,"column":5}},"7":{"start":{"line":23,"column":4},"end":{"line":27,"column":5}},"8":{"start":{"line":24,"column":6},"end":{"line":26,"column":8}},"9":{"start":{"line":29,"column":23},"end":{"line":29,"column":64}},"10":{"start":{"line":30,"column":4},"end":{"line":30,"column":50}},"11":{"start":{"line":32,"column":4},"end":{"line":35,"column":6}},"12":{"start":{"line":36,"column":4},"end":{"line":36,"column":46}},"13":{"start":{"line":40,"column":0},"end":{"line":40,"column":32}}},"fnMap":{"0":{"name":"createTask","decl":{"start":{"line":6,"column":15},"end":{"line":6,"column":25}},"loc":{"start":{"line":6,"column":64},"end":{"line":38,"column":1}},"line":6}},"branchMap":{"0":{"loc":{"start":{"line":6,"column":46},"end":{"line":6,"column":62}},"type":"default-arg","locations":[{"start":{"line":6,"column":61},"end":{"line":6,"column":62}}],"line":6},"1":{"loc":{"start":{"line":11,"column":21},"end":{"line":11,"column":70}},"type":"binary-expr","locations":[{"start":{"line":11,"column":21},"end":{"line":11,"column":53}},{"start":{"line":11,"column":57},"end":{"line":11,"column":70}}],"line":11},"2":{"loc":{"start":{"line":17,"column":16},"end":{"line":17,"column":66}},"type":"binary-expr","locations":[{"start":{"line":17,"column":16},"end":{"line":17,"column":39}},{"start":{"line":17,"column":43},"end":{"line":17,"column":66}}],"line":17},"3":{"loc":{"start":{"line":23,"column":4},"end":{"line":27,"column":5}},"type":"if","locations":[{"start":{"line":23,"column":4},"end":{"line":27,"column":5}},{"start":{},"end":{}}],"line":23}},"s":{"0":2,"1":2,"2":2,"3":2,"4":2,"5":2,"6":0,"7":0,"8":0,"9":0,"10":0,"11":2,"12":2,"13":3},"f":{"0":2},"b":{"0":[1],"1":[2,2],"2":[0,0],"3":[0,0]},"_coverageSchema":"1a1c01bbd47fc00a2c39e90264f33305004495a9","hash":"f40b38251247eaf7d1c9cc601cb66f1428db1e97"}
,"C:\\Users\\HP\\Desktop\\ANTI GRAVITY\\promptwarsx2-1\\src\\services\\firestore.js": {"path":"C:\\Users\\HP\\Desktop\\ANTI GRAVITY\\promptwarsx2-1\\src\\services\\firestore.js","statementMap":{"0":{"start":{"line":6,"column":9},"end":{"line":6,"column":13}},"1":{"start":{"line":9,"column":2},"end":{"line":9,"column":59}},"2":{"start":{"line":9,"column":47},"end":{"line":9,"column":59}},"3":{"start":{"line":10,"column":2},"end":{"line":10,"column":20}},"4":{"start":{"line":10,"column":10},"end":{"line":10,"column":20}},"5":{"start":{"line":12,"column":2},"end":{"line":19,"column":3}},"6":{"start":{"line":13,"column":26},"end":{"line":13,"column":60}},"7":{"start":{"line":14,"column":4},"end":{"line":14,"column":72}},"8":{"start":{"line":15,"column":4},"end":{"line":15,"column":14}},"9":{"start":{"line":17,"column":4},"end":{"line":17,"column":68}},"10":{"start":{"line":18,"column":4},"end":{"line":18,"column":16}},"11":{"start":{"line":23,"column":20},"end":{"line":23,"column":34}},"12":{"start":{"line":24,"column":2},"end":{"line":24,"column":30}},"13":{"start":{"line":24,"column":18},"end":{"line":24,"column":30}},"14":{"start":{"line":26,"column":2},"end":{"line":32,"column":3}},"15":{"start":{"line":27,"column":16},"end":{"line":27,"column":71}},"16":{"start":{"line":28,"column":4},"end":{"line":28,"column":61}},"17":{"start":{"line":30,"column":4},"end":{"line":30,"column":59}},"18":{"start":{"line":31,"column":4},"end":{"line":31,"column":16}},"19":{"start":{"line":36,"column":20},"end":{"line":36,"column":34}},"20":{"start":{"line":37,"column":2},"end":{"line":37,"column":31}},"21":{"start":{"line":37,"column":18},"end":{"line":37,"column":31}},"22":{"start":{"line":39,"column":2},"end":{"line":48,"column":3}},"23":{"start":{"line":40,"column":4},"end":{"line":43,"column":34}},"24":{"start":{"line":44,"column":4},"end":{"line":44,"column":16}},"25":{"start":{"line":46,"column":4},"end":{"line":46,"column":60}},"26":{"start":{"line":47,"column":4},"end":{"line":47,"column":17}},"27":{"start":{"line":52,"column":20},"end":{"line":52,"column":34}},"28":{"start":{"line":53,"column":2},"end":{"line":53,"column":28}},"29":{"start":{"line":53,"column":18},"end":{"line":53,"column":28}},"30":{"start":{"line":55,"column":2},"end":{"line":64,"column":3}},"31":{"start":{"line":56,"column":21},"end":{"line":59,"column":12}},"32":{"start":{"line":60,"column":4},"end":{"line":60,"column":71}},"33":{"start":{"line":60,"column":39},"end":{"line":60,"column":68}},"34":{"start":{"line":62,"column":4},"end":{"line":62,"column":60}},"35":{"start":{"line":63,"column":4},"end":{"line":63,"column":14}},"36":{"start":{"line":68,"column":2},"end":{"line":72,"column":5}},"37":{"start":{"line":75,"column":0},"end":{"line":81,"column":2}}},"fnMap":{"0":{"name":"getFirestore","decl":{"start":{"line":8,"column":9},"end":{"line":8,"column":21}},"loc":{"start":{"line":8,"column":24},"end":{"line":20,"column":1}},"line":8},"1":{"name":"getDocument","decl":{"start":{"line":22,"column":15},"end":{"line":22,"column":26}},"loc":{"start":{"line":22,"column":46},"end":{"line":33,"column":1}},"line":22},"2":{"name":"setDocument","decl":{"start":{"line":35,"column":15},"end":{"line":35,"column":26}},"loc":{"start":{"line":35,"column":52},"end":{"line":49,"column":1}},"line":35},"3":{"name":"queryCollection","decl":{"start":{"line":51,"column":15},"end":{"line":51,"column":30}},"loc":{"start":{"line":51,"column":67},"end":{"line":65,"column":1}},"line":51},"4":{"name":"(anonymous_4)","decl":{"start":{"line":60,"column":29},"end":{"line":60,"column":30}},"loc":{"start":{"line":60,"column":39},"end":{"line":60,"column":68}},"line":60},"5":{"name":"logAnalytics","decl":{"start":{"line":67,"column":15},"end":{"line":67,"column":27}},"loc":{"start":{"line":67,"column":41},"end":{"line":73,"column":1}},"line":67}},"branchMap":{"0":{"loc":{"start":{"line":9,"column":2},"end":{"line":9,"column":59}},"type":"if","locations":[{"start":{"line":9,"column":2},"end":{"line":9,"column":59}},{"start":{},"end":{}}],"line":9},"1":{"loc":{"start":{"line":10,"column":2},"end":{"line":10,"column":20}},"type":"if","locations":[{"start":{"line":10,"column":2},"end":{"line":10,"column":20}},{"start":{},"end":{}}],"line":10},"2":{"loc":{"start":{"line":24,"column":2},"end":{"line":24,"column":30}},"type":"if","locations":[{"start":{"line":24,"column":2},"end":{"line":24,"column":30}},{"start":{},"end":{}}],"line":24},"3":{"loc":{"start":{"line":28,"column":11},"end":{"line":28,"column":60}},"type":"cond-expr","locations":[{"start":{"line":28,"column":24},"end":{"line":28,"column":53}},{"start":{"line":28,"column":56},"end":{"line":28,"column":60}}],"line":28},"4":{"loc":{"start":{"line":37,"column":2},"end":{"line":37,"column":31}},"type":"if","locations":[{"start":{"line":37,"column":2},"end":{"line":37,"column":31}},{"start":{},"end":{}}],"line":37},"5":{"loc":{"start":{"line":53,"column":2},"end":{"line":53,"column":28}},"type":"if","locations":[{"start":{"line":53,"column":2},"end":{"line":53,"column":28}},{"start":{},"end":{}}],"line":53}},"s":{"0":20,"1":18,"2":9,"3":9,"4":0,"5":9,"6":9,"7":9,"8":9,"9":0,"10":0,"11":5,"12":5,"13":2,"14":3,"15":3,"16":2,"17":1,"18":1,"19":6,"20":6,"21":3,"22":3,"23":3,"24":2,"25":1,"26":1,"27":4,"28":4,"29":2,"30":2,"31":2,"32":1,"33":2,"34":1,"35":1,"36":2,"37":20},"f":{"0":18,"1":5,"2":6,"3":4,"4":2,"5":2},"b":{"0":[9,9],"1":[0,9],"2":[2,3],"3":[1,1],"4":[3,3],"5":[2,2]},"_coverageSchema":"1a1c01bbd47fc00a2c39e90264f33305004495a9","hash":"af5f792b56be0e9bcdf9083e60bd3120dbe82527"}
,"C:\\Users\\HP\\Desktop\\ANTI GRAVITY\\promptwarsx2-1\\src\\services\\gemini.js": {"path":"C:\\Users\\HP\\Desktop\\ANTI GRAVITY\\promptwarsx2-1\\src\\services\\gemini.js","statementMap":{"0":{"start":{"line":7,"column":31},"end":{"line":7,"column":63}},"1":{"start":{"line":8,"column":11},"end":{"line":8,"column":24}},"2":{"start":{"line":9,"column":13},"end":{"line":9,"column":28}},"3":{"start":{"line":11,"column":22},"end":{"line":45,"column":98}},"4":{"start":{"line":47,"column":19},"end":{"line":47,"column":23}},"5":{"start":{"line":50,"column":2},"end":{"line":64,"column":3}},"6":{"start":{"line":51,"column":4},"end":{"line":63,"column":5}},"7":{"start":{"line":52,"column":23},"end":{"line":58,"column":7}},"8":{"start":{"line":59,"column":6},"end":{"line":59,"column":67}},"9":{"start":{"line":61,"column":6},"end":{"line":61,"column":77}},"10":{"start":{"line":62,"column":6},"end":{"line":62,"column":49}},"11":{"start":{"line":65,"column":2},"end":{"line":65,"column":22}},"12":{"start":{"line":72,"column":17},"end":{"line":72,"column":43}},"13":{"start":{"line":73,"column":2},"end":{"line":75,"column":3}},"14":{"start":{"line":74,"column":4},"end":{"line":74,"column":49}},"15":{"start":{"line":76,"column":2},"end":{"line":76,"column":40}},"16":{"start":{"line":83,"column":2},"end":{"line":83,"column":50}},"17":{"start":{"line":83,"column":40},"end":{"line":83,"column":50}},"18":{"start":{"line":84,"column":2},"end":{"line":87,"column":6}},"19":{"start":{"line":84,"column":41},"end":{"line":87,"column":3}},"20":{"start":{"line":94,"column":2},"end":{"line":94,"column":25}},"21":{"start":{"line":94,"column":15},"end":{"line":94,"column":25}},"22":{"start":{"line":95,"column":15},"end":{"line":95,"column":54}},"23":{"start":{"line":95,"column":38},"end":{"line":95,"column":53}},"24":{"start":{"line":96,"column":2},"end":{"line":96,"column":23}},"25":{"start":{"line":96,"column":13},"end":{"line":96,"column":23}},"26":{"start":{"line":98,"column":12},"end":{"line":98,"column":111}},"27":{"start":{"line":99,"column":2},"end":{"line":101,"column":3}},"28":{"start":{"line":100,"column":4},"end":{"line":100,"column":67}},"29":{"start":{"line":102,"column":2},"end":{"line":104,"column":3}},"30":{"start":{"line":103,"column":4},"end":{"line":103,"column":56}},"31":{"start":{"line":105,"column":2},"end":{"line":105,"column":13}},"32":{"start":{"line":112,"column":12},"end":{"line":112,"column":34}},"33":{"start":{"line":113,"column":15},"end":{"line":113,"column":70}},"34":{"start":{"line":113,"column":47},"end":{"line":113,"column":62}},"35":{"start":{"line":115,"column":20},"end":{"line":115,"column":22}},"36":{"start":{"line":117,"column":2},"end":{"line":149,"column":3}},"37":{"start":{"line":118,"column":4},"end":{"line":118,"column":59}},"38":{"start":{"line":119,"column":4},"end":{"line":119,"column":65}},"39":{"start":{"line":120,"column":4},"end":{"line":120,"column":53}},"40":{"start":{"line":121,"column":9},"end":{"line":149,"column":3}},"41":{"start":{"line":126,"column":4},"end":{"line":126,"column":67}},"42":{"start":{"line":127,"column":4},"end":{"line":127,"column":58}},"43":{"start":{"line":128,"column":4},"end":{"line":128,"column":63}},"44":{"start":{"line":129,"column":9},"end":{"line":149,"column":3}},"45":{"start":{"line":134,"column":4},"end":{"line":134,"column":48}},"46":{"start":{"line":135,"column":4},"end":{"line":135,"column":65}},"47":{"start":{"line":136,"column":4},"end":{"line":136,"column":69}},"48":{"start":{"line":137,"column":9},"end":{"line":149,"column":3}},"49":{"start":{"line":142,"column":4},"end":{"line":142,"column":49}},"50":{"start":{"line":143,"column":4},"end":{"line":143,"column":72}},"51":{"start":{"line":144,"column":4},"end":{"line":144,"column":64}},"52":{"start":{"line":146,"column":4},"end":{"line":146,"column":56}},"53":{"start":{"line":147,"column":4},"end":{"line":147,"column":55}},"54":{"start":{"line":148,"column":4},"end":{"line":148,"column":59}},"55":{"start":{"line":152,"column":2},"end":{"line":158,"column":3}},"56":{"start":{"line":153,"column":4},"end":{"line":157,"column":7}},"57":{"start":{"line":154,"column":6},"end":{"line":156,"column":7}},"58":{"start":{"line":155,"column":8},"end":{"line":155,"column":28}},"59":{"start":{"line":160,"column":2},"end":{"line":160,"column":31}},"60":{"start":{"line":167,"column":12},"end":{"line":167,"column":34}},"61":{"start":{"line":168,"column":2},"end":{"line":168,"column":73}},"62":{"start":{"line":168,"column":51},"end":{"line":168,"column":73}},"63":{"start":{"line":169,"column":2},"end":{"line":169,"column":78}},"64":{"start":{"line":169,"column":60},"end":{"line":169,"column":78}},"65":{"start":{"line":170,"column":2},"end":{"line":170,"column":78}},"66":{"start":{"line":170,"column":61},"end":{"line":170,"column":78}},"67":{"start":{"line":171,"column":2},"end":{"line":171,"column":77}},"68":{"start":{"line":171,"column":60},"end":{"line":171,"column":77}},"69":{"start":{"line":172,"column":2},"end":{"line":172,"column":75}},"70":{"start":{"line":172,"column":57},"end":{"line":172,"column":75}},"71":{"start":{"line":173,"column":2},"end":{"line":174,"column":27}},"72":{"start":{"line":174,"column":4},"end":{"line":174,"column":27}},"73":{"start":{"line":175,"column":2},"end":{"line":176,"column":21}},"74":{"start":{"line":176,"column":4},"end":{"line":176,"column":21}},"75":{"start":{"line":177,"column":2},"end":{"line":177,"column":59}},"76":{"start":{"line":177,"column":41},"end":{"line":177,"column":59}},"77":{"start":{"line":178,"column":2},"end":{"line":178,"column":19}},"78":{"start":{"line":190,"column":15},"end":{"line":190,"column":33}},"79":{"start":{"line":191,"column":21},"end":{"line":191,"column":131}},"80":{"start":{"line":193,"column":2},"end":{"line":193,"column":47}},"81":{"start":{"line":195,"column":2},"end":{"line":197,"column":3}},"82":{"start":{"line":196,"column":4},"end":{"line":196,"column":80}},"83":{"start":{"line":199,"column":17},"end":{"line":199,"column":41}},"84":{"start":{"line":200,"column":20},"end":{"line":200,"column":61}},"85":{"start":{"line":202,"column":2},"end":{"line":255,"column":3}},"86":{"start":{"line":203,"column":18},"end":{"line":203,"column":32}},"87":{"start":{"line":204,"column":18},"end":{"line":204,"column":73}},"88":{"start":{"line":206,"column":29},"end":{"line":206,"column":74}},"89":{"start":{"line":207,"column":24},"end":{"line":210,"column":5}},"90":{"start":{"line":212,"column":19},"end":{"line":239,"column":6}},"91":{"start":{"line":241,"column":21},"end":{"line":241,"column":36}},"92":{"start":{"line":242,"column":4},"end":{"line":249,"column":6}},"93":{"start":{"line":251,"column":4},"end":{"line":251,"column":56}},"94":{"start":{"line":254,"column":4},"end":{"line":254,"column":55}},"95":{"start":{"line":262,"column":12},"end":{"line":262,"column":34}},"96":{"start":{"line":263,"column":15},"end":{"line":263,"column":70}},"97":{"start":{"line":263,"column":47},"end":{"line":263,"column":62}},"98":{"start":{"line":264,"column":17},"end":{"line":264,"column":41}},"99":{"start":{"line":265,"column":20},"end":{"line":265,"column":61}},"100":{"start":{"line":267,"column":2},"end":{"line":276,"column":3}},"101":{"start":{"line":268,"column":4},"end":{"line":275,"column":6}},"102":{"start":{"line":278,"column":2},"end":{"line":287,"column":3}},"103":{"start":{"line":279,"column":4},"end":{"line":286,"column":6}},"104":{"start":{"line":289,"column":2},"end":{"line":298,"column":3}},"105":{"start":{"line":290,"column":4},"end":{"line":297,"column":6}},"106":{"start":{"line":300,"column":2},"end":{"line":309,"column":3}},"107":{"start":{"line":301,"column":4},"end":{"line":308,"column":6}},"108":{"start":{"line":311,"column":2},"end":{"line":320,"column":3}},"109":{"start":{"line":312,"column":4},"end":{"line":319,"column":6}},"110":{"start":{"line":322,"column":2},"end":{"line":335,"column":3}},"111":{"start":{"line":327,"column":4},"end":{"line":334,"column":6}},"112":{"start":{"line":337,"column":2},"end":{"line":346,"column":3}},"113":{"start":{"line":338,"column":4},"end":{"line":345,"column":6}},"114":{"start":{"line":348,"column":2},"end":{"line":357,"column":3}},"115":{"start":{"line":349,"column":4},"end":{"line":356,"column":6}},"116":{"start":{"line":359,"column":2},"end":{"line":368,"column":3}},"117":{"start":{"line":360,"column":4},"end":{"line":367,"column":6}},"118":{"start":{"line":370,"column":2},"end":{"line":379,"column":3}},"119":{"start":{"line":371,"column":4},"end":{"line":378,"column":6}},"120":{"start":{"line":381,"column":2},"end":{"line":390,"column":3}},"121":{"start":{"line":382,"column":4},"end":{"line":389,"column":6}},"122":{"start":{"line":392,"column":2},"end":{"line":399,"column":4}},"123":{"start":{"line":406,"column":15},"end":{"line":417,"column":3}},"124":{"start":{"line":418,"column":2},"end":{"line":418,"column":38}},"125":{"start":{"line":421,"column":0},"end":{"line":431,"column":2}}},"fnMap":{"0":{"name":"loadElectionData","decl":{"start":{"line":49,"column":9},"end":{"line":49,"column":25}},"loc":{"start":{"line":49,"column":28},"end":{"line":66,"column":1}},"line":49},"1":{"name":"createClient","decl":{"start":{"line":71,"column":9},"end":{"line":71,"column":21}},"loc":{"start":{"line":71,"column":24},"end":{"line":77,"column":1}},"line":71},"2":{"name":"buildConversationHistory","decl":{"start":{"line":82,"column":9},"end":{"line":82,"column":33}},"loc":{"start":{"line":82,"column":43},"end":{"line":88,"column":1}},"line":82},"3":{"name":"(anonymous_3)","decl":{"start":{"line":84,"column":31},"end":{"line":84,"column":32}},"loc":{"start":{"line":84,"column":41},"end":{"line":87,"column":3}},"line":84},"4":{"name":"getZoneContext","decl":{"start":{"line":93,"column":9},"end":{"line":93,"column":23}},"loc":{"start":{"line":93,"column":38},"end":{"line":106,"column":1}},"line":93},"5":{"name":"(anonymous_5)","decl":{"start":{"line":95,"column":31},"end":{"line":95,"column":32}},"loc":{"start":{"line":95,"column":38},"end":{"line":95,"column":53}},"line":95},"6":{"name":"generateFollowUps","decl":{"start":{"line":111,"column":9},"end":{"line":111,"column":26}},"loc":{"start":{"line":111,"column":51},"end":{"line":161,"column":1}},"line":111},"7":{"name":"(anonymous_7)","decl":{"start":{"line":113,"column":40},"end":{"line":113,"column":41}},"loc":{"start":{"line":113,"column":47},"end":{"line":113,"column":62}},"line":113},"8":{"name":"(anonymous_8)","decl":{"start":{"line":153,"column":21},"end":{"line":153,"column":22}},"loc":{"start":{"line":153,"column":30},"end":{"line":157,"column":5}},"line":153},"9":{"name":"classifyIntent","decl":{"start":{"line":166,"column":9},"end":{"line":166,"column":23}},"loc":{"start":{"line":166,"column":34},"end":{"line":179,"column":1}},"line":166},"10":{"name":"askAssistant","decl":{"start":{"line":184,"column":15},"end":{"line":184,"column":27}},"loc":{"start":{"line":189,"column":2},"end":{"line":256,"column":1}},"line":189},"11":{"name":"getFallbackResponse","decl":{"start":{"line":261,"column":9},"end":{"line":261,"column":28}},"loc":{"start":{"line":261,"column":53},"end":{"line":400,"column":1}},"line":261},"12":{"name":"(anonymous_12)","decl":{"start":{"line":263,"column":40},"end":{"line":263,"column":41}},"loc":{"start":{"line":263,"column":47},"end":{"line":263,"column":62}},"line":263},"13":{"name":"getProactiveTip","decl":{"start":{"line":405,"column":9},"end":{"line":405,"column":24}},"loc":{"start":{"line":405,"column":33},"end":{"line":419,"column":1}},"line":405}},"branchMap":{"0":{"loc":{"start":{"line":50,"column":2},"end":{"line":64,"column":3}},"type":"if","locations":[{"start":{"line":50,"column":2},"end":{"line":64,"column":3}},{"start":{},"end":{}}],"line":50},"1":{"loc":{"start":{"line":73,"column":2},"end":{"line":75,"column":3}},"type":"if","locations":[{"start":{"line":73,"column":2},"end":{"line":75,"column":3}},{"start":{},"end":{}}],"line":73},"2":{"loc":{"start":{"line":83,"column":2},"end":{"line":83,"column":50}},"type":"if","locations":[{"start":{"line":83,"column":2},"end":{"line":83,"column":50}},{"start":{},"end":{}}],"line":83},"3":{"loc":{"start":{"line":83,"column":6},"end":{"line":83,"column":38}},"type":"binary-expr","locations":[{"start":{"line":83,"column":6},"end":{"line":83,"column":14}},{"start":{"line":83,"column":18},"end":{"line":83,"column":38}}],"line":83},"4":{"loc":{"start":{"line":85,"column":10},"end":{"line":85,"column":48}},"type":"cond-expr","locations":[{"start":{"line":85,"column":32},"end":{"line":85,"column":38}},{"start":{"line":85,"column":41},"end":{"line":85,"column":48}}],"line":85},"5":{"loc":{"start":{"line":94,"column":2},"end":{"line":94,"column":25}},"type":"if","locations":[{"start":{"line":94,"column":2},"end":{"line":94,"column":25}},{"start":{},"end":{}}],"line":94},"6":{"loc":{"start":{"line":96,"column":2},"end":{"line":96,"column":23}},"type":"if","locations":[{"start":{"line":96,"column":2},"end":{"line":96,"column":23}},{"start":{},"end":{}}],"line":96},"7":{"loc":{"start":{"line":99,"column":2},"end":{"line":101,"column":3}},"type":"if","locations":[{"start":{"line":99,"column":2},"end":{"line":101,"column":3}},{"start":{},"end":{}}],"line":99},"8":{"loc":{"start":{"line":102,"column":2},"end":{"line":104,"column":3}},"type":"if","locations":[{"start":{"line":102,"column":2},"end":{"line":104,"column":3}},{"start":{},"end":{}}],"line":102},"9":{"loc":{"start":{"line":113,"column":15},"end":{"line":113,"column":70}},"type":"cond-expr","locations":[{"start":{"line":113,"column":24},"end":{"line":113,"column":63}},{"start":{"line":113,"column":66},"end":{"line":113,"column":70}}],"line":113},"10":{"loc":{"start":{"line":117,"column":2},"end":{"line":149,"column":3}},"type":"if","locations":[{"start":{"line":117,"column":2},"end":{"line":149,"column":3}},{"start":{"line":121,"column":9},"end":{"line":149,"column":3}}],"line":117},"11":{"loc":{"start":{"line":117,"column":6},"end":{"line":117,"column":57}},"type":"binary-expr","locations":[{"start":{"line":117,"column":6},"end":{"line":117,"column":28}},{"start":{"line":117,"column":32},"end":{"line":117,"column":57}}],"line":117},"12":{"loc":{"start":{"line":121,"column":9},"end":{"line":149,"column":3}},"type":"if","locations":[{"start":{"line":121,"column":9},"end":{"line":149,"column":3}},{"start":{"line":129,"column":9},"end":{"line":149,"column":3}}],"line":121},"13":{"loc":{"start":{"line":122,"column":4},"end":{"line":124,"column":25}},"type":"binary-expr","locations":[{"start":{"line":122,"column":4},"end":{"line":122,"column":26}},{"start":{"line":123,"column":4},"end":{"line":123,"column":26}},{"start":{"line":124,"column":4},"end":{"line":124,"column":25}}],"line":122},"14":{"loc":{"start":{"line":129,"column":9},"end":{"line":149,"column":3}},"type":"if","locations":[{"start":{"line":129,"column":9},"end":{"line":149,"column":3}},{"start":{"line":137,"column":9},"end":{"line":149,"column":3}}],"line":129},"15":{"loc":{"start":{"line":130,"column":4},"end":{"line":132,"column":24}},"type":"binary-expr","locations":[{"start":{"line":130,"column":4},"end":{"line":130,"column":22}},{"start":{"line":131,"column":4},"end":{"line":131,"column":24}},{"start":{"line":132,"column":4},"end":{"line":132,"column":24}}],"line":130},"16":{"loc":{"start":{"line":137,"column":9},"end":{"line":149,"column":3}},"type":"if","locations":[{"start":{"line":137,"column":9},"end":{"line":149,"column":3}},{"start":{"line":145,"column":9},"end":{"line":149,"column":3}}],"line":137},"17":{"loc":{"start":{"line":138,"column":4},"end":{"line":140,"column":24}},"type":"binary-expr","locations":[{"start":{"line":138,"column":4},"end":{"line":138,"column":24}},{"start":{"line":139,"column":4},"end":{"line":139,"column":23}},{"start":{"line":140,"column":4},"end":{"line":140,"column":24}}],"line":138},"18":{"loc":{"start":{"line":152,"column":2},"end":{"line":158,"column":3}},"type":"if","locations":[{"start":{"line":152,"column":2},"end":{"line":158,"column":3}},{"start":{},"end":{}}],"line":152},"
[...]
,"C:\\Users\\HP\\Desktop\\ANTI GRAVITY\\promptwarsx2-1\\src\\utils\\checksStore.js": {"path":"C:\\Users\\HP\\Desktop\\ANTI GRAVITY\\promptwarsx2-1\\src\\utils\\checksStore.js","statementMap":{"0":{"start":{"line":6,"column":11},"end":{"line":6,"column":24}},"1":{"start":{"line":7,"column":13},"end":{"line":7,"column":28}},"2":{"start":{"line":9,"column":20},"end":{"line":9,"column":75}},"3":{"start":{"line":10,"column":20},"end":{"line":10,"column":22}},"4":{"start":{"line":16,"column":2},"end":{"line":31,"column":3}},"5":{"start":{"line":17,"column":4},"end":{"line":21,"column":5}},"6":{"start":{"line":18,"column":22},"end":{"line":18,"column":61}},"7":{"start":{"line":19,"column":6},"end":{"line":19,"column":78}},"8":{"start":{"line":20,"column":6},"end":{"line":20,"column":21}},"9":{"start":{"line":22,"column":16},"end":{"line":22,"column":52}},"10":{"start":{"line":23,"column":17},"end":{"line":23,"column":32}},"11":{"start":{"line":24,"column":4},"end":{"line":27,"column":6}},"12":{"start":{"line":29,"column":4},"end":{"line":29,"column":78}},"13":{"start":{"line":30,"column":4},"end":{"line":30,"column":51}},"14":{"start":{"line":38,"column":15},"end":{"line":38,"column":27}},"15":{"start":{"line":40,"column":16},"end":{"line":48,"column":3}},"16":{"start":{"line":50,"column":2},"end":{"line":50,"column":29}},"17":{"start":{"line":53,"column":2},"end":{"line":55,"column":3}},"18":{"start":{"line":54,"column":4},"end":{"line":54,"column":52}},"19":{"start":{"line":57,"column":2},"end":{"line":61,"column":3}},"20":{"start":{"line":58,"column":4},"end":{"line":58,"column":73}},"21":{"start":{"line":60,"column":4},"end":{"line":60,"column":79}},"22":{"start":{"line":63,"column":2},"end":{"line":63,"column":15}},"23":{"start":{"line":70,"column":15},"end":{"line":70,"column":54}},"24":{"start":{"line":71,"column":2},"end":{"line":75,"column":3}},"25":{"start":{"line":72,"column":4},"end":{"line":72,"column":73}},"26":{"start":{"line":74,"column":4},"end":{"line":74,"column":79}},"27":{"start":{"line":76,"column":2},"end":{"line":76,"column":14}},"28":{"start":{"line":79,"column":0},"end":{"line":85,"column":2}}},"fnMap":{"0":{"name":"readChecks","decl":{"start":{"line":15,"column":9},"end":{"line":15,"column":19}},"loc":{"start":{"line":15,"column":22},"end":{"line":32,"column":1}},"line":15},"1":{"name":"addCheck","decl":{"start":{"line":37,"column":9},"end":{"line":37,"column":17}},"loc":{"start":{"line":37,"column":25},"end":{"line":64,"column":1}},"line":37},"2":{"name":"clearChecks","decl":{"start":{"line":69,"column":9},"end":{"line":69,"column":20}},"loc":{"start":{"line":69,"column":23},"end":{"line":77,"column":1}},"line":69}},"branchMap":{"0":{"loc":{"start":{"line":17,"column":4},"end":{"line":21,"column":5}},"type":"if","locations":[{"start":{"line":17,"column":4},"end":{"line":21,"column":5}},{"start":{},"end":{}}],"line":17},"1":{"loc":{"start":{"line":25,"column":14},"end":{"line":25,"column":59}},"type":"cond-expr","locations":[{"start":{"line":25,"column":43},"end":{"line":25,"column":54}},{"start":{"line":25,"column":57},"end":{"line":25,"column":59}}],"line":25},"2":{"loc":{"start":{"line":26,"column":18},"end":{"line":26,"column":48}},"type":"binary-expr","locations":[{"start":{"line":26,"column":18},"end":{"line":26,"column":33}},{"start":{"line":26,"column":37},"end":{"line":26,"column":48}}],"line":26},"3":{"loc":{"start":{"line":43,"column":12},"end":{"line":43,"column":37}},"type":"binary-expr","locations":[{"start":{"line":43,"column":12},"end":{"line":43,"column":24}},{"start":{"line":43,"column":28},"end":{"line":43,"column":37}}],"line":43},"4":{"loc":{"start":{"line":44,"column":13},"end":{"line":44,"column":38}},"type":"binary-expr","locations":[{"start":{"line":44,"column":13},"end":{"line":44,"column":26}},{"start":{"line":44,"column":30},"end":{"line":44,"column":38}}],"line":44},"5":{"loc":{"start":{"line":45,"column":18},"end":{"line":45,"column":44}},"type":"binary-expr","locations":[{"start":{"line":45,"column":18},"end":{"line":45,"column":36}},{"start":{"line":45,"column":40},"end":{"line":45,"column":44}}],"line":45},"6":{"loc":{"start":{"line":46,"column":13},"end":{"line":46,"column":34}},"type":"binary-expr","locations":[{"start":{"line":46,"column":13},"end":{"line":46,"column":26}},{"start":{"line":46,"column":30},"end":{"line":46,"column":34}}],"line":46},"7":{"loc":{"start":{"line":47,"column":13},"end":{"line":47,"column":63}},"type":"cond-expr","locations":[{"start":{"line":47,"column":43},"end":{"line":47,"column":56}},{"start":{"line":47,"column":59},"end":{"line":47,"column":63}}],"line":47},"8":{"loc":{"start":{"line":53,"column":2},"end":{"line":55,"column":3}},"type":"if","locations":[{"start":{"line":53,"column":2},"end":{"line":55,"column":3}},{"start":{},"end":{}}],"line":53}},"s":{"0":14,"1":14,"2":14,"3":14,"4":25,"5":25,"6":0,"7":0,"8":0,"9":25,"10":25,"11":25,"12":0,"13":0,"14":22,"15":22,"16":22,"17":22,"18":11,"19":22,"20":22,"21":0,"22":22,"23":2,"24":2,"25":2,"26":0,"27":2,"28":14},"f":{"0":25,"1":22,"2":2},"b":{"0":[0,25],"1":[25,0],"2":[25,0],"3":[22,0],"4":[22,0],"5":[22,17],"6":[22,17],"7":[22,0],"8":[11,11]},"_coverageSchema":"1a1c01bbd47fc00a2c39e90264f33305004495a9","hash":"502cd591eb55084f3409b3712cc1c56f1f29a161"}
,"C:\\Users\\HP\\Desktop\\ANTI GRAVITY\\promptwarsx2-1\\src\\utils\\errors.js": {"path":"C:\\Users\\HP\\Desktop\\ANTI GRAVITY\\promptwarsx2-1\\src\\utils\\errors.js","statementMap":{"0":{"start":{"line":8,"column":4},"end":{"line":8,"column":19}},"1":{"start":{"line":9,"column":4},"end":{"line":9,"column":38}},"2":{"start":{"line":10,"column":4},"end":{"line":10,"column":33}},"3":{"start":{"line":11,"column":4},"end":{"line":11,"column":21}},"4":{"start":{"line":12,"column":4},"end":{"line":12,"column":30}},"5":{"start":{"line":13,"column":4},"end":{"line":13,"column":52}},"6":{"start":{"line":19,"column":4},"end":{"line":19,"column":44}},"7":{"start":{"line":20,"column":4},"end":{"line":20,"column":27}},"8":{"start":{"line":26,"column":4},"end":{"line":26,"column":53}},"9":{"start":{"line":32,"column":4},"end":{"line":32,"column":77}},"10":{"start":{"line":38,"column":4},"end":{"line":38,"column":79}},"11":{"start":{"line":44,"column":4},"end":{"line":44,"column":40}},"12":{"start":{"line":50,"column":4},"end":{"line":50,"column":37}},"13":{"start":{"line":58,"column":21},"end":{"line":58,"column":42}},"14":{"start":{"line":59,"column":23},"end":{"line":59,"column":60}},"15":{"start":{"line":61,"column":19},"end":{"line":70,"column":3}},"16":{"start":{"line":72,"column":2},"end":{"line":74,"column":3}},"17":{"start":{"line":73,"column":4},"end":{"line":73,"column":41}},"18":{"start":{"line":76,"column":2},"end":{"line":78,"column":3}},"19":{"start":{"line":77,"column":4},"end":{"line":77,"column":37}},"20":{"start":{"line":80,"column":2},"end":{"line":82,"column":3}},"21":{"start":{"line":81,"column":4},"end":{"line":81,"column":55}},"22":{"start":{"line":84,"column":2},"end":{"line":84,"column":40}},"23":{"start":{"line":87,"column":0},"end":{"line":96,"column":2}}},"fnMap":{"0":{"name":"(anonymous_0)","decl":{"start":{"line":7,"column":2},"end":{"line":7,"column":3}},"loc":{"start":{"line":7,"column":66},"end":{"line":14,"column":3}},"line":7},"1":{"name":"(anonymous_1)","decl":{"start":{"line":18,"column":2},"end":{"line":18,"column":3}},"loc":{"start":{"line":18,"column":59},"end":{"line":21,"column":3}},"line":18},"2":{"name":"(anonymous_2)","decl":{"start":{"line":25,"column":2},"end":{"line":25,"column":3}},"loc":{"start":{"line":25,"column":37},"end":{"line":27,"column":3}},"line":25},"3":{"name":"(anonymous_3)","decl":{"start":{"line":31,"column":2},"end":{"line":31,"column":3}},"loc":{"start":{"line":31,"column":16},"end":{"line":33,"column":3}},"line":31},"4":{"name":"(anonymous_4)","decl":{"start":{"line":37,"column":2},"end":{"line":37,"column":3}},"loc":{"start":{"line":37,"column":35},"end":{"line":39,"column":3}},"line":37},"5":{"name":"(anonymous_5)","decl":{"start":{"line":43,"column":2},"end":{"line":43,"column":3}},"loc":{"start":{"line":43,"column":51},"end":{"line":45,"column":3}},"line":43},"6":{"name":"(anonymous_6)","decl":{"start":{"line":49,"column":2},"end":{"line":49,"column":3}},"loc":{"start":{"line":49,"column":41},"end":{"line":51,"column":3}},"line":49},"7":{"name":"errorHandler","decl":{"start":{"line":57,"column":9},"end":{"line":57,"column":21}},"loc":{"start":{"line":57,"column":44},"end":{"line":85,"column":1}},"line":57}},"branchMap":{"0":{"loc":{"start":{"line":7,"column":23},"end":{"line":7,"column":39}},"type":"default-arg","locations":[{"start":{"line":7,"column":36},"end":{"line":7,"column":39}}],"line":7},"1":{"loc":{"start":{"line":7,"column":41},"end":{"line":7,"column":64}},"type":"default-arg","locations":[{"start":{"line":7,"column":48},"end":{"line":7,"column":64}}],"line":7},"2":{"loc":{"start":{"line":18,"column":14},"end":{"line":18,"column":43}},"type":"default-arg","locations":[{"start":{"line":18,"column":24},"end":{"line":18,"column":43}}],"line":18},"3":{"loc":{"start":{"line":18,"column":45},"end":{"line":18,"column":57}},"type":"default-arg","locations":[{"start":{"line":18,"column":55},"end":{"line":18,"column":57}}],"line":18},"4":{"loc":{"start":{"line":25,"column":14},"end":{"line":25,"column":35}},"type":"default-arg","locations":[{"start":{"line":25,"column":25},"end":{"line":25,"column":35}}],"line":25},"5":{"loc":{"start":{"line":37,"column":14},"end":{"line":37,"column":33}},"type":"default-arg","locations":[{"start":{"line":37,"column":24},"end":{"line":37,"column":33}}],"line":37},"6":{"loc":{"start":{"line":43,"column":14},"end":{"line":43,"column":49}},"type":"default-arg","locations":[{"start":{"line":43,"column":24},"end":{"line":43,"column":49}}],"line":43},"7":{"loc":{"start":{"line":49,"column":14},"end":{"line":49,"column":39}},"type":"default-arg","locations":[{"start":{"line":49,"column":24},"end":{"line":49,"column":39}}],"line":49},"8":{"loc":{"start":{"line":58,"column":21},"end":{"line":58,"column":42}},"type":"binary-expr","locations":[{"start":{"line":58,"column":21},"end":{"line":58,"column":35}},{"start":{"line":58,"column":39},"end":{"line":58,"column":42}}],"line":58},"9":{"loc":{"start":{"line":64,"column":12},"end":{"line":64,"column":40}},"type":"binary-expr","locations":[{"start":{"line":64,"column":12},"end":{"line":64,"column":20}},{"start":{"line":64,"column":24},"end":{"line":64,"column":40}}],"line":64},"10":{"loc":{"start":{"line":66,"column":8},"end":{"line":68,"column":23}},"type":"cond-expr","locations":[{"start":{"line":67,"column":12},"end":{"line":67,"column":42}},{"start":{"line":68,"column":12},"end":{"line":68,"column":23}}],"line":66},"11":{"loc":{"start":{"line":66,"column":8},"end":{"line":66,"column":42}},"type":"binary-expr","locations":[{"start":{"line":66,"column":8},"end":{"line":66,"column":20}},{"start":{"line":66,"column":24},"end":{"line":66,"column":42}}],"line":66},"12":{"loc":{"start":{"line":72,"column":2},"end":{"line":74,"column":3}},"type":"if","locations":[{"start":{"line":72,"column":2},"end":{"line":74,"column":3}},{"start":{},"end":{}}],"line":72},"13":{"loc":{"start":{"line":76,"column":2},"end":{"line":78,"column":3}},"type":"if","locations":[{"start":{"line":76,"column":2},"end":{"line":78,"column":3}},{"start":{},"end":{}}],"line":76},"14":{"loc":{"start":{"line":76,"column":6},"end":{"line":76,"column":32}},"type":"binary-expr","locations":[{"start":{"line":76,"column":6},"end":{"line":76,"column":19}},{"start":{"line":76,"column":23},"end":{"line":76,"column":32}}],"line":76},"15":{"loc":{"start":{"line":80,"column":2},"end":{"line":82,"column":3}},"type":"if","locations":[{"start":{"line":80,"column":2},"end":{"line":82,"column":3}},{"start":{},"end":{}}],"line":80}},"s":{"0":10,"1":10,"2":10,"3":10,"4":10,"5":10,"6":2,"7":2,"8":2,"9":1,"10":1,"11":1,"12":1,"13":4,"14":4,"15":4,"16":4,"17":1,"18":4,"19":3,"20":4,"21":1,"22":4,"23":14},"f":{"0":10,"1":2,"2":2,"3":1,"4":1,"5":1,"6":1,"7":4},"b":{"0":[0],"1":[0],"2":[1],"3":[1],"4":[0],"5":[0],"6":[1],"7":[0],"8":[4,1],"9":[4,1],"10":[1,3],"11":[4,1],"12":[1,3],"13":[3,1],"14":[4,3],"15":[1,3]},"_coverageSchema":"1a1c01bbd47fc00a2c39e90264f33305004495a9","hash":"18286217a0f552727ca0fbba1714566cac3396e3"}
,"C:\\Users\\HP\\Desktop\\ANTI GRAVITY\\promptwarsx2-1\\src\\utils\\sanitizer.js": {"path":"C:\\Users\\HP\\Desktop\\ANTI GRAVITY\\promptwarsx2-1\\src\\utils\\sanitizer.js","statementMap":{"0":{"start":{"line":10,"column":2},"end":{"line":10,"column":43}},"1":{"start":{"line":10,"column":33},"end":{"line":10,"column":43}},"2":{"start":{"line":11,"column":2},"end":{"line":11,"column":39}},"3":{"start":{"line":18,"column":2},"end":{"line":18,"column":43}},"4":{"start":{"line":18,"column":33},"end":{"line":18,"column":43}},"5":{"start":{"line":19,"column":14},"end":{"line":27,"column":3}},"6":{"start":{"line":28,"column":2},"end":{"line":28,"column":58}},"7":{"start":{"line":28,"column":47},"end":{"line":28,"column":56}},"8":{"start":{"line":35,"column":2},"end":{"line":35,"column":43}},"9":{"start":{"line":35,"column":33},"end":{"line":35,"column":43}},"10":{"start":{"line":37,"column":16},"end":{"line":37,"column":21}},"11":{"start":{"line":40,"column":2},"end":{"line":40,"column":39}},"12":{"start":{"line":43,"column":2},"end":{"line":46,"column":4}},"13":{"start":{"line":47,"column":2},"end":{"line":47,"column":61}},"14":{"start":{"line":48,"column":2},"end":{"line":48,"column":57}},"15":{"start":{"line":51,"column":2},"end":{"line":51,"column":52}},"16":{"start":{"line":54,"column":2},"end":{"line":54,"column":60}},"17":{"start":{"line":57,"column":2},"end":{"line":57,"column":27}},"18":{"start":{"line":59,"column":2},"end":{"line":59,"column":17}},"19":{"start":{"line":66,"column":2},"end":{"line":66,"column":46}},"20":{"start":{"line":66,"column":36},"end":{"line":66,"column":46}},"21":{"start":{"line":67,"column":16},"end":{"line":67,"column":39}},"22":{"start":{"line":68,"column":2},"end":{"line":68,"column":31}},"23":{"start":{"line":69,"column":2},"end":{"line":71,"column":3}},"24":{"start":{"line":70,"column":4},"end":{"line":70,"column":46}},"25":{"start":{"line":72,"column":2},"end":{"line":72,"column":17}},"26":{"start":{"line":79,"column":2},"end":{"line":79,"column":40}},"27":{"start":{"line":79,"column":30},"end":{"line":79,"column":40}},"28":{"start":{"line":80,"column":2},"end":{"line":80,"column":60}},"29":{"start":{"line":87,"column":2},"end":{"line":87,"column":46}},"30":{"start":{"line":87,"column":33},"end":{"line":87,"column":46}},"31":{"start":{"line":88,"column":19},"end":{"line":93,"column":3}},"32":{"start":{"line":94,"column":2},"end":{"line":94,"column":45}},"33":{"start":{"line":94,"column":30},"end":{"line":94,"column":43}},"34":{"start":{"line":101,"column":2},"end":{"line":101,"column":43}},"35":{"start":{"line":101,"column":33},"end":{"line":101,"column":43}},"36":{"start":{"line":103,"column":2},"end":{"line":108,"column":12}},"37":{"start":{"line":111,"column":0},"end":{"line":119,"column":2}}},"fnMap":{"0":{"name":"stripHtml","decl":{"start":{"line":9,"column":9},"end":{"line":9,"column":18}},"loc":{"start":{"line":9,"column":26},"end":{"line":12,"column":1}},"line":9},"1":{"name":"escapeHtml","decl":{"start":{"line":17,"column":9},"end":{"line":17,"column":19}},"loc":{"start":{"line":17,"column":27},"end":{"line":29,"column":1}},"line":17},"2":{"name":"(anonymous_2)","decl":{"start":{"line":28,"column":37},"end":{"line":28,"column":38}},"loc":{"start":{"line":28,"column":47},"end":{"line":28,"column":56}},"line":28},"3":{"name":"sanitizeInput","decl":{"start":{"line":34,"column":9},"end":{"line":34,"column":22}},"loc":{"start":{"line":34,"column":30},"end":{"line":60,"column":1}},"line":34},"4":{"name":"sanitizeQuestion","decl":{"start":{"line":65,"column":9},"end":{"line":65,"column":25}},"loc":{"start":{"line":65,"column":53},"end":{"line":73,"column":1}},"line":65},"5":{"name":"sanitizeZoneId","decl":{"start":{"line":78,"column":9},"end":{"line":78,"column":23}},"loc":{"start":{"line":78,"column":28},"end":{"line":81,"column":1}},"line":78},"6":{"name":"hasSqlInjection","decl":{"start":{"line":86,"column":9},"end":{"line":86,"column":24}},"loc":{"start":{"line":86,"column":32},"end":{"line":95,"column":1}},"line":86},"7":{"name":"(anonymous_7)","decl":{"start":{"line":94,"column":23},"end":{"line":94,"column":24}},"loc":{"start":{"line":94,"column":30},"end":{"line":94,"column":43}},"line":94},"8":{"name":"cleanText","decl":{"start":{"line":100,"column":9},"end":{"line":100,"column":18}},"loc":{"start":{"line":100,"column":26},"end":{"line":109,"column":1}},"line":100}},"branchMap":{"0":{"loc":{"start":{"line":10,"column":2},"end":{"line":10,"column":43}},"type":"if","locations":[{"start":{"line":10,"column":2},"end":{"line":10,"column":43}},{"start":{},"end":{}}],"line":10},"1":{"loc":{"start":{"line":18,"column":2},"end":{"line":18,"column":43}},"type":"if","locations":[{"start":{"line":18,"column":2},"end":{"line":18,"column":43}},{"start":{},"end":{}}],"line":18},"2":{"loc":{"start":{"line":35,"column":2},"end":{"line":35,"column":43}},"type":"if","locations":[{"start":{"line":35,"column":2},"end":{"line":35,"column":43}},{"start":{},"end":{}}],"line":35},"3":{"loc":{"start":{"line":65,"column":36},"end":{"line":65,"column":51}},"type":"default-arg","locations":[{"start":{"line":65,"column":48},"end":{"line":65,"column":51}}],"line":65},"4":{"loc":{"start":{"line":66,"column":2},"end":{"line":66,"column":46}},"type":"if","locations":[{"start":{"line":66,"column":2},"end":{"line":66,"column":46}},{"start":{},"end":{}}],"line":66},"5":{"loc":{"start":{"line":69,"column":2},"end":{"line":71,"column":3}},"type":"if","locations":[{"start":{"line":69,"column":2},"end":{"line":71,"column":3}},{"start":{},"end":{}}],"line":69},"6":{"loc":{"start":{"line":79,"column":2},"end":{"line":79,"column":40}},"type":"if","locations":[{"start":{"line":79,"column":2},"end":{"line":79,"column":40}},{"start":{},"end":{}}],"line":79},"7":{"loc":{"start":{"line":87,"column":2},"end":{"line":87,"column":46}},"type":"if","locations":[{"start":{"line":87,"column":2},"end":{"line":87,"column":46}},{"start":{},"end":{}}],"line":87},"8":{"loc":{"start":{"line":101,"column":2},"end":{"line":101,"column":43}},"type":"if","locations":[{"start":{"line":101,"column":2},"end":{"line":101,"column":43}},{"start":{},"end":{}}],"line":101}},"s":{"0":5,"1":0,"2":5,"3":6,"4":3,"5":3,"6":3,"7":19,"8":7,"9":0,"10":7,"11":7,"12":7,"13":7,"14":7,"15":7,"16":7,"17":7,"18":7,"19":7,"20":2,"21":5,"22":5,"23":5,"24":1,"25":5,"26":8,"27":2,"28":6,"29":0,"30":0,"31":0,"32":0,"33":0,"34":1,"35":0,"36":1,"37":15},"f":{"0":5,"1":6,"2":19,"3":7,"4":7,"5":8,"6":0,"7":0,"8":1},"b":{"0":[0,5],"1":[3,3],"2":[0,7],"3":[6],"4":[2,5],"5":[1,4],"6":[2,6],"7":[0,0],"8":[0,1]},"_coverageSchema":"1a1c01bbd47fc00a2c39e90264f33305004495a9","hash":"3ed793748c7d726eaf95ffc3579750f259ecf5f1"}
}
