TN:
SF:server.js
FN:47,(anonymous_0)
FN:51,(anonymous_1)
FN:56,(anonymous_2)
FN:68,(anonymous_3)
FNF:4
FNH:1
FNDA:0,(anonymous_0)
FNDA:0,(anonymous_1)
FNDA:1,(anonymous_2)
FNDA:0,(anonymous_3)
DA:6,13
DA:8,13
DA:9,13
DA:10,13
DA:11,13
DA:12,13
DA:13,13
DA:14,13
DA:16,13
DA:17,13
DA:20,13
DA:21,13
DA:22,13
DA:23,13
DA:24,13
DA:25,13
DA:28,13
DA:35,13
DA:38,13
DA:39,13
DA:40,13
DA:41,13
DA:42,13
DA:43,13
DA:44,13
DA:47,13
DA:48,0
DA:51,13
DA:52,0
DA:56,13
DA:57,1
DA:64,13
DA:67,13
DA:68,0
DA:69,0
DA:70,0
DA:71,0
DA:72,0
DA:73,0
DA:77,13
LF:40
LH:32
BRDA:17,0,0,13
BRDA:17,0,1,0
BRDA:29,1,0,0
BRDA:29,1,1,13
BRDA:67,2,0,0
BRDA:67,2,1,13
BRDA:70,3,0,0
BRDA:70,3,1,0
BRF:8
BRH:3
end_of_record
TN:
SF:src\middleware\logging.js
FN:44,(anonymous_0)
FN:45,(anonymous_1)
FNF:2
FNH:2
FNDA:30,(anonymous_0)
FNDA:30,(anonymous_1)
DA:5,16
DA:6,16
DA:9,16
DA:28,16
DA:29,0
DA:30,0
DA:31,0
DA:36,0
DA:38,0
DA:43,16
DA:44,30
DA:45,30
DA:48,16
LF:13
LH:8
BRDA:10,0,0,16
BRDA:10,0,1,16
BRDA:28,1,0,0
BRDA:28,1,1,16
BRF:4
BRH:3
end_of_record
TN:
SF:src\middleware\rateLimiter.js
FN:20,(anonymous_0)
FNF:1
FNH:1
FNDA:29,(anonymous_0)
DA:5,13
DA:8,13
DA:20,29
DA:24,13
DA:39,13
DA:53,13
LF:6
LH:6
BRDA:9,0,0,13
BRDA:9,0,1,0
BRDA:10,1,0,13
BRDA:10,1,1,0
BRDA:20,2,0,29
BRDA:20,2,1,0
BRDA:20,2,2,0
BRF:7
BRH:3
end_of_record
TN:
SF:src\middleware\recaptcha.js
FN:6,verifyRecaptcha
FNF:1
FNH:1
FNDA:2,verifyRecaptcha
DA:7,2
DA:8,2
DA:11,0
DA:13,0
DA:14,0
DA:20,0
DA:21,0
DA:22,0
DA:23,0
DA:25,0
DA:36,0
DA:37,0
DA:43,0
DA:44,0
DA:50,0
DA:51,0
DA:53,0
DA:54,0
DA:58,3
LF:19
LH:3
BRDA:7,0,0,2
BRDA:7,0,1,0
BRDA:11,1,0,0
BRDA:11,1,1,0
BRDA:13,2,0,0
BRDA:13,2,1,0
BRDA:23,3,0,0
BRDA:23,3,1,0
BRDA:36,4,0,0
BRDA:36,4,1,0
BRDA:43,5,0,0
BRDA:43,5,1,0
BRF:12
BRH:1
end_of_record
TN:
SF:src\middleware\security.js
FN:12,createHelmetMiddleware
FN:50,createCorsMiddleware
FN:56,(anonymous_2)
FN:73,csrfProtection
FNF:4
FNH:4
FNDA:14,createHelmetMiddleware
FNDA:14,createCorsMiddleware
FNDA:30,(anonymous_2)
FNDA:5,csrfProtection
DA:6,22
DA:7,22
DA:13,14
DA:51,14
DA:55,14
DA:57,30
DA:58,30
DA:60,0
DA:74,5
DA:75,3
DA:79,2
DA:80,1
DA:83,1
DA:84,1
DA:86,1
DA:87,1
DA:93,0
DA:96,22
LF:18
LH:16
BRDA:51,0,0,13
BRDA:51,0,1,1
BRDA:57,1,0,30
BRDA:57,1,1,0
BRDA:57,2,0,30
BRDA:57,2,1,0
BRDA:74,3,0,3
BRDA:74,3,1,2
BRDA:79,4,0,1
BRDA:79,4,1,1
BRDA:83,5,0,1
BRDA:83,5,1,1
BRDA:86,6,0,1
BRDA:86,6,1,0
BRDA:86,7,0,1
BRDA:86,7,1,0
BRDA:86,7,2,0
BRF:17
BRH:12
end_of_record
TN:
SF:src\middleware\validation.js
FN:8,validate
FN:16,(anonymous_1)
FNF:2
FNH:2
FNDA:11,validate
FNDA:6,(anonymous_1)
DA:5,13
DA:9,11
DA:10,11
DA:11,5
DA:16,6
DA:23,6
DA:27,13
DA:45,13
DA:61,13
DA:74,13
DA:82,13
DA:95,13
DA:103,13
LF:13
LH:13
BRDA:10,0,0,5
BRDA:10,0,1,6
BRF:2
BRH:2
end_of_record
TN:
SF:src\routes\accessibility.js
FN:11,(anonymous_0)
FN:19,(anonymous_1)
FN:38,(anonymous_2)
FNF:3
FNH:3
FNDA:3,(anonymous_0)
FNDA:15,(anonymous_1)
FNDA:1,(anonymous_2)
DA:5,13
DA:6,13
DA:7,13
DA:8,13
DA:11,13
DA:12,3
DA:13,3
DA:14,3
DA:16,3
DA:19,15
DA:31,3
DA:33,0
DA:38,13
DA:39,1
DA:55,13
LF:15
LH:14
BRF:0
BRH:0
end_of_record
TN:
SF:src\routes\assistant.js
FN:14,(anonymous_0)
FN:21,(anonymous_1)
FN:42,(anonymous_2)
FN:68,(anonymous_3)
FNF:4
FNH:1
FNDA:2,(anonymous_0)
FNDA:0,(anonymous_1)
FNDA:0,(anonymous_2)
FNDA:0,(anonymous_3)
DA:4,13
DA:5,13
DA:6,13
DA:7,13
DA:8,13
DA:9,13
DA:10,13
DA:11,13
DA:14,13
DA:15,2
DA:16,2
DA:17,2
DA:19,2
DA:21,0
DA:24,2
DA:37,0
DA:42,13
DA:43,0
DA:44,0
DA:45,0
DA:47,0
DA:48,0
DA:54,0
DA:63,0
DA:68,13
DA:69,0
DA:70,0
DA:71,0
DA:73,0
DA:77,13
LF:30
LH:17
BRDA:20,0,0,2
BRDA:20,0,1,2
BRDA:45,1,0,0
BRDA:45,1,1,0
BRDA:47,2,0,0
BRDA:47,2,1,0
BRF:6
BRH:2
end_of_record
TN:
SF:src\routes\checks.js
FN:10,(anonymous_0)
FN:16,(anonymous_1)
FN:28,(anonymous_2)
FNF:3
FNH:2
FNDA:1,(anonymous_0)
FNDA:1,(anonymous_1)
FNDA:0,(anonymous_2)
DA:4,13
DA:5,13
DA:6,13
DA:7,13
DA:10,13
DA:11,1
DA:12,1
DA:16,13
DA:17,1
DA:24,1
DA:28,13
DA:29,0
DA:30,0
DA:33,13
LF:14
LH:12
BRDA:18,0,0,1
BRDA:18,0,1,0
BRDA:19,1,0,1
BRDA:19,1,1,0
BRDA:20,2,0,1
BRDA:20,2,1,1
BRDA:21,3,0,1
BRDA:21,3,1,1
BRDA:22,4,0,0
BRDA:22,4,1,1
BRF:10
BRH:7
end_of_record
TN:
SF:src\routes\health.js
FN:10,(anonymous_0)
FN:49,(anonymous_1)
FN:53,(anonymous_2)
FNF:3
FNH:2
FNDA:8,(anonymous_0)
FNDA:1,(anonymous_1)
FNDA:0,(anonymous_2)
DA:4,13
DA:5,13
DA:6,13
DA:8,13
DA:10,13
DA:11,8
DA:12,8
DA:14,8
DA:38,8
DA:46,8
DA:49,13
DA:50,1
DA:53,13
DA:54,0
DA:57,13
LF:15
LH:14
BRDA:25,0,0,8
BRDA:25,0,1,0
BRF:2
BRH:1
end_of_record
TN:
SF:src\routes\timeline.js
FN:9,loadTimeline
FN:17,(anonymous_1)
FN:22,(anonymous_2)
FN:26,(anonymous_3)
FNF:4
FNH:4
FNDA:2,loadTimeline
FNDA:2,(anonymous_1)
FNDA:14,(anonymous_2)
FNDA:34,(anonymous_3)
DA:4,13
DA:5,13
DA:6,13
DA:7,13
DA:10,2
DA:11,2
DA:12,2
DA:13,2
DA:17,13
DA:18,2
DA:21,2
DA:22,2
DA:23,14
DA:24,14
DA:25,14
DA:26,34
DA:35,2
DA:38,13
LF:18
LH:18
BRDA:30,0,0,0
BRDA:30,0,1,14
BRDA:30,1,0,0
BRDA:30,1,1,14
BRDA:30,2,0,0
BRDA:30,2,1,14
BRF:6
BRH:3
end_of_record
TN:
SF:src\routes\translate.js
FN:10,(anonymous_0)
FN:21,(anonymous_1)
FNF:2
FNH:1
FNDA:1,(anonymous_0)
FNDA:0,(anonymous_1)
DA:4,13
DA:5,13
DA:6,13
DA:7,13
DA:10,13
DA:11,1
DA:12,1
DA:13,1
DA:14,1
DA:16,0
DA:21,13
DA:22,0
DA:23,0
DA:24,0
DA:25,0
DA:27,0
DA:28,0
DA:30,0
DA:34,13
LF:19
LH:11
BRDA:24,0,0,0
BRDA:24,0,1,0
BRF:2
BRH:0
end_of_record
TN:
SF:src\routes\zones.js
FN:11,loadZones
FN:18,(anonymous_1)
FN:20,(anonymous_2)
FN:30,(anonymous_3)
FN:32,(anonymous_4)
FNF:5
FNH:5
FNDA:4,loadZones
FNDA:2,(anonymous_1)
FNDA:10,(anonymous_2)
FNDA:2,(anonymous_3)
FNDA:6,(anonymous_4)
DA:4,13
DA:5,13
DA:6,13
DA:7,13
DA:8,13
DA:9,13
DA:12,4
DA:13,4
DA:14,4
DA:18,13
DA:19,2
DA:20,10
DA:26,2
DA:30,13
DA:31,2
DA:32,6
DA:33,2
DA:34,1
DA:37,13
LF:19
LH:19
BRDA:33,0,0,1
BRDA:33,0,1,1
BRF:2
BRH:2
end_of_record
TN:
SF:src\services\cloudTasks.js
FN:6,createTask
FNF:1
FNH:1
FNDA:2,createTask
DA:7,2
DA:8,2
DA:9,2
DA:10,2
DA:11,2
DA:12,2
DA:14,0
DA:23,0
DA:24,0
DA:29,0
DA:30,0
DA:32,2
DA:33,2
DA:37,3
LF:14
LH:9
BRDA:6,0,0,1
BRDA:11,1,0,2
BRDA:11,1,1,2
BRDA:17,2,0,0
BRDA:17,2,1,0
BRDA:23,3,0,0
BRDA:23,3,1,0
BRF:7
BRH:3
end_of_record
TN:
SF:src\services\firestore.js
FN:8,getFirestore
FN:22,getDocument
FN:35,setDocument
FN:48,queryCollection
FN:55,(anonymous_4)
FN:62,logAnalytics
FNF:6
FNH:5
FNDA:7,getFirestore
FNDA:2,getDocument
FNDA:2,setDocument
FNDA:1,queryCollection
FNDA:0,(anonymous_4)
FNDA:1,logAnalytics
DA:6,7
DA:9,7
DA:10,0
DA:12,0
DA:13,0
DA:14,0
DA:15,0
DA:17,0
DA:18,0
DA:23,2
DA:24,2
DA:26,0
DA:27,0
DA:28,0
DA:30,0
DA:31,0
DA:36,2
DA:37,2
DA:39,0
DA:40,0
DA:41,0
DA:43,0
DA:44,0
DA:49,1
DA:50,1
DA:52,0
DA:53,0
DA:55,0
DA:57,0
DA:58,0
DA:63,1
DA:70,7
LF:32
LH:10
BRDA:9,0,0,7
BRDA:9,0,1,0
BRDA:10,1,0,0
BRDA:10,1,1,0
BRDA:24,2,0,2
BRDA:24,2,1,0
BRDA:28,3,0,0
BRDA:28,3,1,0
BRDA:37,4,0,2
BRDA:37,4,1,0
BRDA:50,5,0,1
BRDA:50,5,1,0
BRF:12
BRH:4
end_of_record
TN:
SF:src\services\gemini.js
FN:32,loadElectionData
FN:48,createClient
FN:59,askAssistant
FN:64,(anonymous_3)
FN:115,getFallbackResponse
FN:117,(anonymous_5)
FNF:6
FNH:4
FNDA:1,loadElectionData
FNDA:1,createClient
FNDA:1,askAssistant
FNDA:0,(anonymous_3)
FNDA:3,getFallbackResponse
FNDA:0,(anonymous_5)
DA:6,13
DA:7,13
DA:8,13
DA:10,13
DA:30,13
DA:33,1
DA:34,1
DA:35,1
DA:36,1
DA:38,0
DA:39,0
DA:42,1
DA:49,1
DA:50,1
DA:51,0
DA:53,1
DA:60,1
DA:61,1
DA:63,1
DA:64,0
DA:65,0
DA:66,0
DA:67,0
DA:68,0
DA:73,1
DA:74,0
DA:77,1
DA:78,1
DA:79,1
DA:81,1
DA:98,0
DA:99,0
DA:105,1
DA:108,1
DA:116,3
DA:117,3
DA:119,3
DA:120,1
DA:127,2
DA:128,0
DA:135,2
DA:136,0
DA:143,2
DA:144,0
DA:151,2
DA:158,13
LF:46
LH:32
BRDA:33,0,0,1
BRDA:33,0,1,0
BRDA:50,1,0,0
BRDA:50,1,1,1
BRDA:59,2,0,1
BRDA:59,3,0,0
BRDA:63,4,0,0
BRDA:63,4,1,1
BRDA:65,5,0,0
BRDA:65,5,1,0
BRDA:67,6,0,0
BRDA:67,6,1,0
BRDA:73,7,0,0
BRDA:73,7,1,1
BRDA:117,8,0,1
BRDA:117,8,1,2
BRDA:119,9,0,1
BRDA:119,9,1,2
BRDA:119,10,0,3
BRDA:119,10,1,2
BRDA:121,11,0,1
BRDA:121,11,1,0
BRDA:127,12,0,0
BRDA:127,12,1,2
BRDA:127,13,0,2
BRDA:127,13,1,2
BRDA:135,14,0,0
BRDA:135,14,1,2
BRDA:135,15,0,2
BRDA:135,15,1,2
BRDA:135,15,2,2
BRDA:143,16,0,0
BRDA:143,16,1,2
BRF:33
BRH:20
end_of_record
TN:
SF:src\services\logging.js
FN:5,writeStructuredLog
FNF:1
FNH:1
FNDA:2,writeStructuredLog
DA:6,2
DA:7,2
DA:8,2
DA:11,0
DA:12,0
DA:13,0
DA:14,0
DA:16,0
DA:21,0
DA:22,0
DA:24,0
DA:28,3
LF:12
LH:4
BRDA:5,0,0,1
BRDA:6,1,0,2
BRDA:6,1,1,0
BRF:3
BRH:2
end_of_record
TN:
SF:src\services\monitoring.js
FN:6,writeMetric
FNF:1
FNH:1
FNDA:2,writeMetric
DA:7,2
DA:8,2
DA:9,2
DA:10,2
DA:12,2
DA:17,2
DA:26,2
DA:31,0
DA:33,2
DA:34,2
DA:38,3
LF:11
LH:10
BRDA:6,0,0,1
BRF:1
BRH:1
end_of_record
TN:
SF:src\services\nlp.js
FN:6,analyzeSentiment
FN:31,analyzeEntities
FN:45,(anonymous_2)
FNF:3
FNH:2
FNDA:5,analyzeSentiment
FNDA:2,analyzeEntities
FNDA:0,(anonymous_2)
DA:7,5
DA:8,5
DA:11,0
DA:12,0
DA:13,0
DA:15,0
DA:19,0
DA:20,0
DA:26,0
DA:27,0
DA:32,2
DA:33,2
DA:36,0
DA:37,0
DA:38,0
DA:40,0
DA:44,0
DA:45,0
DA:53,0
DA:54,0
DA:58,18
LF:21
LH:5
BRDA:7,0,0,5
BRDA:7,0,1,0
BRDA:32,1,0,2
BRDA:32,1,1,0
BRF:4
BRH:2
end_of_record
TN:
SF:src\services\secretManager.js
FN:8,getSecret
FN:27,clearCache
FNF:2
FNH:2
FNDA:2,getSecret
FNDA:1,clearCache
DA:6,4
DA:9,2
DA:11,2
DA:12,2
DA:13,2
DA:14,2
DA:15,2
DA:17,2
DA:18,0
DA:19,0
DA:20,0
DA:22,2
DA:23,2
DA:28,1
DA:31,4
LF:15
LH:12
BRDA:9,0,0,0
BRDA:9,0,1,2
BRDA:23,1,0,2
BRDA:23,1,1,1
BRF:4
BRH:3
end_of_record
TN:
SF:src\services\storage.js
FN:6,uploadBuffer
FN:26,downloadFile
FNF:2
FNH:2
FNDA:1,uploadBuffer
FNDA:1,downloadFile
DA:7,1
DA:8,1
DA:9,1
DA:10,1
DA:11,1
DA:13,1
DA:14,0
DA:16,0
DA:21,1
DA:22,1
DA:27,1
DA:28,1
DA:29,1
DA:30,1
DA:31,0
DA:33,1
DA:34,1
DA:38,3
LF:18
LH:15
BRDA:6,0,0,1
BRDA:10,1,0,1
BRDA:10,1,1,0
BRF:3
BRH:2
end_of_record
TN:
SF:src\services\translate.js
FN:6,translateText
FN:30,detectLanguage
FNF:2
FNH:1
FNDA:3,translateText
FNDA:0,detectLanguage
DA:7,3
DA:8,3
DA:11,0
DA:12,0
DA:13,0
DA:15,0
DA:16,0
DA:18,0
DA:19,0
DA:25,0
DA:26,0
DA:31,0
DA:32,0
DA:33,0
DA:34,0
DA:35,0
DA:37,0
DA:38,0
DA:42,14
LF:19
LH:3
BRDA:6,0,0,3
BRDA:7,1,0,3
BRDA:7,1,1,0
BRDA:16,2,0,0
BRDA:16,2,1,0
BRDA:21,3,0,0
BRDA:21,3,1,0
BRDA:35,4,0,0
BRDA:35,4,1,0
BRF:9
BRH:2
end_of_record
TN:
SF:src\services\tts.js
FN:6,synthesizeSpeech
FNF:1
FNH:1
FNDA:2,synthesizeSpeech
DA:7,2
DA:8,2
DA:11,0
DA:12,0
DA:13,0
DA:15,0
DA:30,0
DA:31,0
DA:37,0
DA:38,0
DA:42,14
LF:11
LH:3
BRDA:6,0,0,2
BRDA:6,1,0,2
BRDA:7,2,0,2
BRDA:7,2,1,0
BRDA:19,3,0,0
BRDA:19,3,1,0
BRF:6
BRH:3
end_of_record
TN:
SF:src\utils\checksStore.js
FN:15,readChecks
FN:37,addCheck
FN:69,clearChecks
FNF:3
FNH:3
FNDA:28,readChecks
FNDA:25,addCheck
FNDA:2,clearChecks
DA:6,14
DA:7,14
DA:9,14
DA:10,14
DA:16,28
DA:17,28
DA:18,0
DA:19,0
DA:20,0
DA:22,28
DA:23,28
DA:24,24
DA:29,4
DA:30,4
DA:38,25
DA:40,25
DA:50,25
DA:53,25
DA:54,0
DA:57,25
DA:58,25
DA:60,0
DA:63,25
DA:70,2
DA:71,2
DA:72,2
DA:74,0
DA:76,2
DA:79,14
LF:29
LH:23
BRDA:17,0,0,0
BRDA:17,0,1,28
BRDA:25,1,0,24
BRDA:25,1,1,0
BRDA:26,2,0,24
BRDA:26,2,1,0
BRDA:43,3,0,25
BRDA:43,3,1,0
BRDA:44,4,0,25
BRDA:44,4,1,0
BRDA:45,5,0,25
BRDA:45,5,1,17
BRDA:46,6,0,25
BRDA:46,6,1,17
BRDA:47,7,0,25
BRDA:47,7,1,0
BRDA:53,8,0,0
BRDA:53,8,1,25
BRF:18
BRH:11
end_of_record
TN:
SF:src\utils\errors.js
FN:7,(anonymous_0)
FN:18,(anonymous_1)
FN:25,(anonymous_2)
FN:31,(anonymous_3)
FN:37,(anonymous_4)
FN:43,(anonymous_5)
FN:49,(anonymous_6)
FN:57,errorHandler
FNF:8
FNH:8
FNDA:10,(anonymous_0)
FNDA:2,(anonymous_1)
FNDA:2,(anonymous_2)
FNDA:1,(anonymous_3)
FNDA:1,(anonymous_4)
FNDA:1,(anonymous_5)
FNDA:1,(anonymous_6)
FNDA:4,errorHandler
DA:8,10
DA:9,10
DA:10,10
DA:11,10
DA:12,10
DA:13,10
DA:19,2
DA:20,2
DA:26,2
DA:32,1
DA:38,1
DA:44,1
DA:50,1
DA:58,4
DA:59,4
DA:61,4
DA:71,4
DA:72,1
DA:75,4
DA:76,3
DA:79,4
DA:80,1
DA:83,4
DA:86,14
LF:24
LH:24
BRDA:7,0,0,0
BRDA:7,1,0,0
BRDA:18,2,0,1
BRDA:18,3,0,1
BRDA:25,4,0,0
BRDA:37,5,0,0
BRDA:43,6,0,1
BRDA:49,7,0,0
BRDA:58,8,0,4
BRDA:58,8,1,1
BRDA:64,9,0,4
BRDA:64,9,1,1
BRDA:65,10,0,1
BRDA:65,10,1,3
BRDA:65,11,0,4
BRDA:65,11,1,1
BRDA:71,12,0,1
BRDA:71,12,1,3
BRDA:75,13,0,3
BRDA:75,13,1,1
BRDA:75,14,0,4
BRDA:75,14,1,3
BRDA:79,15,0,1
BRDA:79,15,1,3
BRF:24
BRH:19
end_of_record
TN:
SF:src\utils\sanitizer.js
FN:9,stripHtml
FN:17,escapeHtml
FN:28,(anonymous_2)
FN:34,sanitizeInput
FN:62,sanitizeQuestion
FN:75,sanitizeZoneId
FN:83,hasSqlInjection
FN:91,(anonymous_7)
FNF:8
FNH:8
FNDA:7,stripHtml
FNDA:6,escapeHtml
FNDA:19,(anonymous_2)
FNDA:7,sanitizeInput
FNDA:6,sanitizeQuestion
FNDA:8,sanitizeZoneId
FNDA:4,hasSqlInjection
FNDA:9,(anonymous_7)
DA:10,7
DA:11,7
DA:18,6
DA:19,3
DA:28,19
DA:35,7
DA:37,7
DA:40,7
DA:43,7
DA:44,7
DA:45,7
DA:48,7
DA:51,7
DA:54,7
DA:56,7
DA:63,6
DA:64,4
DA:65,4
DA:66,4
DA:67,1
DA:69,4
DA:76,8
DA:77,6
DA:84,4
DA:85,4
DA:91,9
DA:94,15
LF:27
LH:27
BRDA:10,0,0,0
BRDA:10,0,1,7
BRDA:18,1,0,3
BRDA:18,1,1,3
BRDA:35,2,0,0
BRDA:35,2,1,7
BRDA:62,3,0,5
BRDA:63,4,0,2
BRDA:63,4,1,4
BRDA:66,5,0,1
BRDA:66,5,1,3
BRDA:76,6,0,2
BRDA:76,6,1,6
BRDA:84,7,0,0
BRDA:84,7,1,4
BRF:15
BRH:12
end_of_record
