TN:
SF:server.js
FN:48,(anonymous_0)
FN:52,(anonymous_1)
FN:57,(anonymous_2)
FN:69,(anonymous_3)
FNF:4
FNH:1
FNDA:0,(anonymous_0)
FNDA:0,(anonymous_1)
FNDA:1,(anonymous_2)
FNDA:0,(anonymous_3)
DA:6,13
DA:8,13
DA:9,13
DA:10,13
DA:11,13
DA:12,13
DA:13,13
DA:14,13
DA:16,13
DA:17,13
DA:20,13
DA:21,13
DA:22,13
DA:23,13
DA:24,13
DA:25,13
DA:28,13
DA:35,13
DA:38,13
DA:39,13
DA:40,13
DA:41,13
DA:42,13
DA:43,13
DA:44,13
DA:45,13
DA:48,13
DA:49,0
DA:52,13
DA:53,0
DA:57,13
DA:58,1
DA:65,13
DA:68,13
DA:69,0
DA:70,0
DA:71,0
DA:72,0
DA:73,0
DA:74,0
DA:78,13
LF:41
LH:33
BRDA:17,0,0,13
BRDA:17,0,1,0
BRDA:29,1,0,0
BRDA:29,1,1,13
BRDA:68,2,0,0
BRDA:68,2,1,13
BRDA:71,3,0,0
BRDA:71,3,1,0
BRF:8
BRH:3
end_of_record
TN:
SF:src\middleware\logging.js
FN:49,(anonymous_0)
FN:50,(anonymous_1)
FNF:2
FNH:2
FNDA:30,(anonymous_0)
FNDA:30,(anonymous_1)
DA:5,16
DA:6,16
DA:9,16
DA:28,16
DA:29,0
DA:30,0
DA:31,0
DA:38,0
DA:40,0
DA:48,16
DA:49,30
DA:50,30
DA:53,16
LF:13
LH:8
BRDA:10,0,0,16
BRDA:10,0,1,16
BRDA:28,1,0,0
BRDA:28,1,1,16
BRF:4
BRH:3
end_of_record
TN:
SF:src\middleware\rateLimiter.js
FN:20,(anonymous_0)
FNF:1
FNH:1
FNDA:29,(anonymous_0)
DA:5,13
DA:8,13
DA:20,29
DA:24,13
DA:39,13
DA:53,13
LF:6
LH:6
BRDA:9,0,0,13
BRDA:9,0,1,0
BRDA:10,1,0,13
BRDA:10,1,1,0
BRDA:20,2,0,29
BRDA:20,2,1,0
BRDA:20,2,2,0
BRF:7
BRH:3
end_of_record
TN:
SF:src\middleware\recaptcha.js
FN:6,verifyRecaptcha
FNF:1
FNH:1
FNDA:6,verifyRecaptcha
DA:7,6
DA:8,1
DA:11,5
DA:13,5
DA:14,1
DA:23,4
DA:26,4
DA:27,4
DA:29,4
DA:31,4
DA:42,3
DA:43,1
DA:52,2
DA:53,1
DA:62,1
DA:63,1
DA:65,1
DA:69,1
DA:73,14
LF:19
LH:19
BRDA:7,0,0,1
BRDA:7,0,1,5
BRDA:11,1,0,5
BRDA:11,1,1,2
BRDA:13,2,0,1
BRDA:13,2,1,4
BRDA:29,3,0,4
BRDA:29,3,1,0
BRDA:42,4,0,1
BRDA:42,4,1,2
BRDA:52,5,0,1
BRDA:52,5,1,1
BRF:12
BRH:11
end_of_record
TN:
SF:src\middleware\security.js
FN:12,createHelmetMiddleware
FN:54,createCorsMiddleware
FN:60,(anonymous_2)
FN:77,csrfProtection
FNF:4
FNH:4
FNDA:14,createHelmetMiddleware
FNDA:14,createCorsMiddleware
FNDA:30,(anonymous_2)
FNDA:5,csrfProtection
DA:6,22
DA:7,22
DA:13,14
DA:55,14
DA:59,14
DA:61,30
DA:62,30
DA:64,0
DA:78,5
DA:79,3
DA:83,2
DA:84,1
DA:87,1
DA:88,1
DA:90,1
DA:91,1
DA:97,0
DA:100,22
LF:18
LH:16
BRDA:55,0,0,13
BRDA:55,0,1,1
BRDA:61,1,0,30
BRDA:61,1,1,0
BRDA:61,2,0,30
BRDA:61,2,1,0
BRDA:78,3,0,3
BRDA:78,3,1,2
BRDA:83,4,0,1
BRDA:83,4,1,1
BRDA:87,5,0,1
BRDA:87,5,1,1
BRDA:90,6,0,1
BRDA:90,6,1,0
BRDA:90,7,0,1
BRDA:90,7,1,0
BRDA:90,7,2,0
BRF:17
BRH:12
end_of_record
TN:
SF:src\middleware\validation.js
FN:8,validate
FN:16,(anonymous_1)
FNF:2
FNH:2
FNDA:11,validate
FNDA:6,(anonymous_1)
DA:5,13
DA:9,11
DA:10,11
DA:11,5
DA:16,6
DA:23,6
DA:27,13
DA:49,13
DA:65,13
DA:81,13
DA:90,13
DA:100,13
DA:110,13
LF:13
LH:13
BRDA:10,0,0,5
BRDA:10,0,1,6
BRF:2
BRH:2
end_of_record
TN:
SF:src\routes\accessibility.js
FN:11,(anonymous_0)
FN:25,(anonymous_1)
FN:47,(anonymous_2)
FNF:3
FNH:3
FNDA:3,(anonymous_0)
FNDA:15,(anonymous_1)
FNDA:1,(anonymous_2)
DA:5,13
DA:6,13
DA:7,13
DA:8,13
DA:11,13
DA:12,3
DA:13,3
DA:20,3
DA:22,3
DA:25,15
DA:38,3
DA:40,0
DA:47,13
DA:48,1
DA:64,13
LF:15
LH:14
BRF:0
BRH:0
end_of_record
TN:
SF:src\routes\assistant.js
FN:25,(anonymous_0)
FN:37,(anonymous_1)
FN:84,(anonymous_2)
FN:110,(anonymous_3)
FN:120,(anonymous_4)
FN:126,(anonymous_5)
FNF:6
FNH:1
FNDA:2,(anonymous_0)
FNDA:0,(anonymous_1)
FNDA:0,(anonymous_2)
FNDA:0,(anonymous_3)
FNDA:0,(anonymous_4)
FNDA:0,(anonymous_5)
DA:5,13
DA:6,13
DA:12,13
DA:13,13
DA:14,13
DA:15,13
DA:20,13
DA:21,13
DA:22,13
DA:25,13
DA:26,2
DA:27,2
DA:28,2
DA:30,2
DA:37,0
DA:45,2
DA:46,2
DA:47,0
DA:48,0
DA:53,0
DA:54,0
DA:61,2
DA:79,0
DA:84,13
DA:85,0
DA:86,0
DA:87,0
DA:89,0
DA:90,0
DA:96,0
DA:105,0
DA:110,13
DA:111,0
DA:112,0
DA:113,0
DA:115,0
DA:120,13
DA:121,0
DA:122,0
DA:126,13
DA:127,0
DA:128,0
DA:129,0
DA:133,0
DA:134,0
DA:135,0
DA:136,0
DA:137,0
DA:140,13
LF:49
LH:22
BRDA:34,0,0,2
BRDA:34,0,1,2
BRDA:35,1,0,2
BRDA:35,1,1,2
BRDA:46,2,0,0
BRDA:46,2,1,2
BRDA:46,3,0,2
BRDA:46,3,1,0
BRDA:53,4,0,0
BRDA:53,4,1,0
BRDA:66,5,0,0
BRDA:66,5,1,2
BRDA:66,6,0,2
BRDA:66,6,1,0
BRDA:71,7,0,2
BRDA:71,7,1,1
BRDA:87,8,0,0
BRDA:87,8,1,0
BRDA:89,9,0,0
BRDA:89,9,1,0
BRDA:128,10,0,0
BRDA:128,10,1,0
BRF:22
BRH:10
end_of_record
TN:
SF:src\routes\checks.js
FN:10,(anonymous_0)
FN:16,(anonymous_1)
FN:28,(anonymous_2)
FNF:3
FNH:2
FNDA:1,(anonymous_0)
FNDA:1,(anonymous_1)
FNDA:0,(anonymous_2)
DA:4,13
DA:5,13
DA:6,13
DA:7,13
DA:10,13
DA:11,1
DA:12,1
DA:16,13
DA:17,1
DA:24,1
DA:28,13
DA:29,0
DA:30,0
DA:33,13
LF:14
LH:12
BRDA:18,0,0,1
BRDA:18,0,1,0
BRDA:19,1,0,1
BRDA:19,1,1,0
BRDA:20,2,0,1
BRDA:20,2,1,1
BRDA:21,3,0,1
BRDA:21,3,1,1
BRDA:22,4,0,0
BRDA:22,4,1,1
BRF:10
BRH:7
end_of_record
TN:
SF:src\routes\civic.js
FN:18,handleValidation
FN:26,(anonymous_1)
FN:37,(anonymous_2)
FN:57,(anonymous_3)
FN:80,(anonymous_4)
FN:101,(anonymous_5)
FNF:6
FNH:0
FNDA:0,handleValidation
FNDA:0,(anonymous_1)
FNDA:0,(anonymous_2)
FNDA:0,(anonymous_3)
FNDA:0,(anonymous_4)
FNDA:0,(anonymous_5)
DA:6,13
DA:7,13
DA:8,13
DA:9,13
DA:10,13
DA:11,13
DA:12,13
DA:15,13
DA:19,0
DA:20,0
DA:21,0
DA:26,0
DA:30,0
DA:37,13
DA:38,0
DA:39,0
DA:40,0
DA:47,13
DA:58,0
DA:59,0
DA:60,0
DA:61,0
DA:62,0
DA:63,0
DA:71,13
DA:81,0
DA:82,0
DA:83,0
DA:84,0
DA:85,0
DA:86,0
DA:94,13
DA:102,0
DA:103,0
DA:104,0
DA:105,0
DA:106,0
DA:107,0
DA:111,13
LF:39
LH:13
BRDA:20,0,0,0
BRDA:20,0,1,0
BRDA:39,1,0,0
BRDA:39,1,1,0
BRDA:59,2,0,0
BRDA:59,2,1,0
BRDA:62,3,0,0
BRDA:62,3,1,0
BRDA:82,4,0,0
BRDA:82,4,1,0
BRDA:85,5,0,0
BRDA:85,5,1,0
BRDA:103,6,0,0
BRDA:103,6,1,0
BRDA:106,7,0,0
BRDA:106,7,1,0
BRF:16
BRH:0
end_of_record
TN:
SF:src\routes\health.js
FN:10,(anonymous_0)
FN:49,(anonymous_1)
FN:53,(anonymous_2)
FNF:3
FNH:2
FNDA:8,(anonymous_0)
FNDA:1,(anonymous_1)
FNDA:0,(anonymous_2)
DA:4,13
DA:5,13
DA:6,13
DA:8,13
DA:10,13
DA:11,8
DA:12,8
DA:14,8
DA:38,8
DA:46,8
DA:49,13
DA:50,1
DA:53,13
DA:54,0
DA:57,13
LF:15
LH:14
BRDA:25,0,0,8
BRDA:25,0,1,0
BRF:2
BRH:1
end_of_record
TN:
SF:src\routes\timeline.js
FN:9,loadTimeline
FN:23,(anonymous_1)
FN:28,(anonymous_2)
FN:32,(anonymous_3)
FNF:4
FNH:4
FNDA:2,loadTimeline
FNDA:2,(anonymous_1)
FNDA:10,(anonymous_2)
FNDA:24,(anonymous_3)
DA:4,13
DA:5,13
DA:6,13
DA:7,13
DA:10,2
DA:17,2
DA:18,2
DA:19,2
DA:23,13
DA:24,2
DA:27,2
DA:28,2
DA:29,10
DA:30,10
DA:31,10
DA:32,24
DA:48,2
DA:51,13
LF:18
LH:18
BRDA:37,0,0,10
BRDA:37,0,1,0
BRDA:39,1,0,0
BRDA:39,1,1,0
BRDA:41,2,0,0
BRDA:41,2,1,0
BRF:6
BRH:1
end_of_record
TN:
SF:src\routes\translate.js
FN:10,(anonymous_0)
FN:21,(anonymous_1)
FNF:2
FNH:1
FNDA:1,(anonymous_0)
FNDA:0,(anonymous_1)
DA:4,13
DA:5,13
DA:6,13
DA:7,13
DA:10,13
DA:11,1
DA:12,1
DA:13,1
DA:14,1
DA:16,0
DA:21,13
DA:22,0
DA:23,0
DA:24,0
DA:25,0
DA:29,0
DA:30,0
DA:32,0
DA:36,13
LF:19
LH:11
BRDA:24,0,0,0
BRDA:24,0,1,0
BRF:2
BRH:0
end_of_record
TN:
SF:src\routes\zones.js
FN:11,loadZones
FN:24,(anonymous_1)
FN:26,(anonymous_2)
FN:36,(anonymous_3)
FN:38,(anonymous_4)
FNF:5
FNH:5
FNDA:4,loadZones
FNDA:2,(anonymous_1)
FNDA:10,(anonymous_2)
FNDA:2,(anonymous_3)
FNDA:6,(anonymous_4)
DA:4,13
DA:5,13
DA:6,13
DA:7,13
DA:8,13
DA:9,13
DA:12,4
DA:19,4
DA:20,4
DA:24,13
DA:25,2
DA:26,10
DA:32,2
DA:36,13
DA:37,2
DA:38,6
DA:39,2
DA:40,1
DA:43,13
LF:19
LH:19
BRDA:39,0,0,1
BRDA:39,0,1,1
BRF:2
BRH:2
end_of_record
TN:
SF:src\services\civic.js
FN:8,(anonymous_0)
FN:24,(anonymous_1)
FN:69,(anonymous_2)
FN:92,(anonymous_3)
FNF:4
FNH:4
FNDA:14,(anonymous_0)
FNDA:4,(anonymous_1)
FNDA:2,(anonymous_2)
FNDA:2,(anonymous_3)
DA:5,14
DA:9,14
DA:10,14
DA:11,14
DA:13,14
DA:14,14
DA:25,4
DA:26,1
DA:29,3
DA:30,1
DA:33,2
DA:34,2
DA:40,2
DA:41,1
DA:44,2
DA:46,1
DA:57,1
DA:58,1
DA:70,2
DA:71,0
DA:74,2
DA:75,2
DA:79,1
DA:84,1
DA:85,1
DA:93,2
DA:94,0
DA:97,2
DA:98,2
DA:103,1
DA:111,1
DA:112,1
DA:118,14
LF:33
LH:31
BRDA:13,0,0,14
BRDA:13,0,1,0
BRDA:24,1,0,3
BRDA:25,2,0,1
BRDA:25,2,1,3
BRDA:29,3,0,1
BRDA:29,3,1,2
BRDA:40,4,0,1
BRDA:40,4,1,1
BRDA:50,5,0,1
BRDA:50,5,1,0
BRDA:51,6,0,1
BRDA:51,6,1,1
BRDA:52,7,0,1
BRDA:52,7,1,1
BRDA:53,8,0,1
BRDA:53,8,1,1
BRDA:70,9,0,0
BRDA:70,9,1,2
BRDA:81,10,0,1
BRDA:81,10,1,0
BRDA:93,11,0,0
BRDA:93,11,1,2
BRDA:106,12,0,1
BRDA:106,12,1,0
BRDA:107,13,0,1
BRDA:107,13,1,0
BRF:27
BRH:20
end_of_record
TN:
SF:src\services\cloudTasks.js
FN:6,createTask
FNF:1
FNH:1
FNDA:2,createTask
DA:7,2
DA:8,2
DA:9,2
DA:10,2
DA:11,2
DA:12,2
DA:14,0
DA:23,0
DA:24,0
DA:29,0
DA:30,0
DA:32,2
DA:36,2
DA:40,3
LF:14
LH:9
BRDA:6,0,0,1
BRDA:11,1,0,2
BRDA:11,1,1,2
BRDA:17,2,0,0
BRDA:17,2,1,0
BRDA:23,3,0,0
BRDA:23,3,1,0
BRF:7
BRH:3
end_of_record
TN:
SF:src\services\firestore.js
FN:8,getFirestore
FN:22,getDocument
FN:35,setDocument
FN:51,queryCollection
FN:60,(anonymous_4)
FN:67,logAnalytics
FNF:6
FNH:6
FNDA:18,getFirestore
FNDA:5,getDocument
FNDA:6,setDocument
FNDA:4,queryCollection
FNDA:2,(anonymous_4)
FNDA:2,logAnalytics
DA:6,20
DA:9,18
DA:10,9
DA:12,9
DA:13,9
DA:14,9
DA:15,9
DA:17,0
DA:18,0
DA:23,5
DA:24,5
DA:26,3
DA:27,3
DA:28,2
DA:30,1
DA:31,1
DA:36,6
DA:37,6
DA:39,3
DA:40,3
DA:44,2
DA:46,1
DA:47,1
DA:52,4
DA:53,4
DA:55,2
DA:56,2
DA:60,2
DA:62,1
DA:63,1
DA:68,2
DA:75,20
LF:32
LH:30
BRDA:9,0,0,9
BRDA:9,0,1,9
BRDA:10,1,0,0
BRDA:10,1,1,9
BRDA:24,2,0,2
BRDA:24,2,1,3
BRDA:28,3,0,1
BRDA:28,3,1,1
BRDA:37,4,0,3
BRDA:37,4,1,3
BRDA:53,5,0,2
BRDA:53,5,1,2
BRF:12
BRH:11
end_of_record
TN:
SF:src\services\gemini.js
FN:49,loadElectionData
FN:71,createClient
FN:82,buildConversationHistory
FN:84,(anonymous_3)
FN:93,getZoneContext
FN:95,(anonymous_5)
FN:111,generateFollowUps
FN:113,(anonymous_7)
FN:153,(anonymous_8)
FN:166,classifyIntent
FN:184,askAssistant
FN:261,getFallbackResponse
FN:263,(anonymous_12)
FN:405,getProactiveTip
FNF:14
FNH:8
FNDA:1,loadElectionData
FNDA:1,createClient
FNDA:1,buildConversationHistory
FNDA:0,(anonymous_3)
FNDA:1,getZoneContext
FNDA:0,(anonymous_5)
FNDA:4,generateFollowUps
FNDA:0,(anonymous_7)
FNDA:0,(anonymous_8)
FNDA:4,classifyIntent
FNDA:1,askAssistant
FNDA:3,getFallbackResponse
FNDA:0,(anonymous_12)
FNDA:0,getProactiveTip
DA:7,13
DA:8,13
DA:9,13
DA:11,13
DA:47,13
DA:50,1
DA:51,1
DA:52,1
DA:59,1
DA:61,0
DA:62,0
DA:65,1
DA:72,1
DA:73,1
DA:74,0
DA:76,1
DA:83,1
DA:84,0
DA:94,1
DA:95,0
DA:96,0
DA:98,0
DA:99,0
DA:100,0
DA:102,0
DA:103,0
DA:105,0
DA:112,4
DA:113,4
DA:115,4
DA:117,4
DA:118,1
DA:119,1
DA:120,1
DA:121,3
DA:126,0
DA:127,0
DA:128,0
DA:129,3
DA:134,0
DA:135,0
DA:136,0
DA:137,3
DA:142,0
DA:143,0
DA:144,0
DA:146,3
DA:147,3
DA:148,3
DA:152,4
DA:153,0
DA:154,0
DA:155,0
DA:160,4
DA:167,4
DA:168,4
DA:169,3
DA:170,3
DA:171,3
DA:172,3
DA:173,3
DA:174,0
DA:175,3
DA:176,0
DA:177,3
DA:178,3
DA:190,1
DA:191,1
DA:193,1
DA:195,1
DA:196,0
DA:199,1
DA:200,1
DA:202,1
DA:203,1
DA:204,1
DA:206,1
DA:207,1
DA:212,1
DA:241,0
DA:242,0
DA:251,1
DA:254,1
DA:262,3
DA:263,3
DA:264,3
DA:265,3
DA:267,3
DA:268,1
DA:278,2
DA:279,0
DA:289,2
DA:290,0
DA:300,2
DA:301,0
DA:311,2
DA:312,0
DA:322,2
DA:327,0
DA:337,2
DA:338,0
DA:348,2
DA:349,0
DA:359,2
DA:360,0
DA:370,2
DA:371,0
DA:381,2
DA:382,0
DA:392,2
DA:406,0
DA:418,0
DA:421,13
LF:113
LH:72
BRDA:50,0,0,1
BRDA:50,0,1,0
BRDA:73,1,0,0
BRDA:73,1,1,1
BRDA:83,2,0,1
BRDA:83,2,1,0
BRDA:83,3,0,1
BRDA:83,3,1,1
BRDA:85,4,0,0
BRDA:85,4,1,0
BRDA:94,5,0,1
BRDA:94,5,1,0
BRDA:96,6,0,0
BRDA:96,6,1,0
BRDA:99,7,0,0
BRDA:99,7,1,0
BRDA:102,8,0,0
BRDA:102,8,1,0
BRDA:113,9,0,1
BRDA:113,9,1,3
BRDA:117,10,0,1
BRDA:117,10,1,3
BRDA:117,11,0,4
BRDA:117,11,1,3
BRDA:121,12,0,0
BRDA:121,12,1,3
BRDA:122,13,0,3
BRDA:122,13,1,3
BRDA:122,13,2,3
BRDA:129,14,0,0
BRDA:129,14,1,3
BRDA:130,15,0,3
BRDA:130,15,1,3
BRDA:130,15,2,3
BRDA:137,16,0,0
BRDA:137,16,1,3
BRDA:138,17,0,3
BRDA:138,17,1,3
BRDA:138,17,2,3
BRDA:152,18,0,0
BRDA:152,18,1,4
BRDA:152,19,0,4
BRDA:152,19,1,0
BRDA:154,20,0,0
BRDA:154,20,1,0
BRDA:154,21,0,0
BRDA:154,21,1,0
BRDA:168,22,0,1
BRDA:168,22,1,3
BRDA:169,23,0,0
BRDA:169,23,1,3
BRDA:170,24,0,0
BRDA:170,24,1,3
BRDA:171,25,0,0
BRDA:171,25,1,3
BRDA:172,26,0,0
BRDA:172,26,1,3
BRDA:173,27,0,0
BRDA:173,27,1,3
BRDA:175,28,0,0
BRDA:175,28,1,3
BRDA:177,29,0,0
BRDA:177,29,1,3
BRDA:186,30,0,1
BRDA:187,31,0,0
BRDA:188,32,0,0
BRDA:195,33,0,0
BRDA:195,33,1,1
BRDA:263,34,0,1
BRDA:263,34,1,2
BRDA:267,35,0,1
BRDA:267,35,1,2
BRDA:267,36,0,3
BRDA:267,36,1,2
BRDA:278,37,0,0
BRDA:278,37,1,2
BRDA:278,38,0,2
BRDA:278,38,1,2
BRDA:278,38,2,2
BRDA:289,39,0,0
BRDA:289,39,1,2
BRDA:289,40,0,2
BRDA:289,40,1,2
BRDA:289,40,2,2
BRDA:300,41,0,0
BRDA:300,41,1,2
BRDA:300,42,0,2
BRDA:300,42,1,2
BRDA:300,42,2,2
BRDA:311,43,0,0
BRDA:311,43,1,2
BRDA:311,44,0,2
BRDA:311,44,1,2
BRDA:311,44,2,2
BRDA:322,45,0,0
BRDA:322,45,1,2
BRDA:323,46,0,2
BRDA:323,46,1,2
BRDA:323,46,2,2
BRDA:323,46,3,0
BRDA:337,47,0,0
BRDA:337,47,1,2
BRDA:337,48,0,2
BRDA:337,48,1,2
BRDA:337,48,2,2
BRDA:348,49,0,0
BRDA:348,49,1,2
BRDA:348,50,0,2
BRDA:348,50,1,2
BRDA:348,50,2,2
BRDA:359,51,0,0
BRDA:359,51,1,2
BRDA:370,52,0,0
BRDA:370,52,1,2
BRDA:370,53,0,2
BRDA:370,53,1,2
BRDA:381,54,0,0
BRDA:381,54,1,2
BRDA:383,55,0,0
BRDA:383,55,1,0
BRDA:418,56,0,0
BRDA:418,56,1,0
BRF:122
BRH:76
end_of_record
TN:
SF:src\services\geocode.js
FN:8,(anonymous_0)
FN:23,(anonymous_1)
FNF:2
FNH:2
FNDA:14,(anonymous_0)
FNDA:6,(anonymous_1)
DA:5,14
DA:9,14
DA:10,14
DA:12,14
DA:13,14
DA:24,6
DA:25,1
DA:28,5
DA:29,1
DA:32,4
DA:33,4
DA:34,4
DA:36,3
DA:37,1
DA:43,2
DA:44,2
DA:45,1
DA:54,1
DA:56,1
DA:57,1
DA:65,14
LF:21
LH:21
BRDA:9,0,0,14
BRDA:9,0,1,14
BRDA:12,1,0,14
BRDA:12,1,1,0
BRDA:24,2,0,1
BRDA:24,2,1,5
BRDA:28,3,0,1
BRDA:28,3,1,4
BRDA:28,4,0,5
BRDA:28,4,1,5
BRDA:36,5,0,1
BRDA:36,5,1,2
BRDA:44,6,0,1
BRDA:44,6,1,1
BRDA:44,7,0,2
BRDA:44,7,1,2
BRF:16
BRH:15
end_of_record
TN:
SF:src\services\logging.js
FN:5,writeStructuredLog
FNF:1
FNH:1
FNDA:3,writeStructuredLog
DA:6,3
DA:7,1
DA:8,1
DA:11,2
DA:12,2
DA:13,2
DA:16,2
DA:18,2
DA:23,2
DA:28,2
DA:30,1
DA:34,1
LF:12
LH:12
BRDA:5,0,0,0
BRDA:6,1,0,1
BRDA:6,1,1,2
BRF:3
BRH:2
end_of_record
TN:
SF:src\services\monitoring.js
FN:6,writeMetric
FNF:1
FNH:1
FNDA:2,writeMetric
DA:7,2
DA:8,2
DA:9,2
DA:10,2
DA:12,2
DA:17,2
DA:26,2
DA:31,0
DA:33,2
DA:34,2
DA:38,3
LF:11
LH:10
BRDA:6,0,0,1
BRF:1
BRH:1
end_of_record
TN:
SF:src\services\nlp.js
FN:6,analyzeSentiment
FN:31,analyzeEntities
FN:45,(anonymous_2)
FNF:3
FNH:3
FNDA:7,analyzeSentiment
FNDA:4,analyzeEntities
FNDA:2,(anonymous_2)
DA:7,7
DA:8,5
DA:11,2
DA:12,2
DA:13,2
DA:15,2
DA:19,1
DA:20,1
DA:26,1
DA:27,1
DA:32,4
DA:33,2
DA:36,2
DA:37,2
DA:38,2
DA:40,2
DA:44,1
DA:45,2
DA:53,1
DA:54,1
DA:58,18
LF:21
LH:21
BRDA:7,0,0,5
BRDA:7,0,1,2
BRDA:32,1,0,2
BRDA:32,1,1,2
BRF:4
BRH:4
end_of_record
TN:
SF:src\services\secretManager.js
FN:8,getSecret
FN:32,clearCache
FNF:2
FNH:2
FNDA:2,getSecret
FNDA:1,clearCache
DA:6,4
DA:9,2
DA:11,2
DA:14,2
DA:15,2
DA:16,2
DA:17,2
DA:19,2
DA:20,0
DA:21,0
DA:22,0
DA:24,2
DA:28,2
DA:33,1
DA:36,4
LF:15
LH:12
BRDA:9,0,0,0
BRDA:9,0,1,2
BRDA:28,1,0,2
BRDA:28,1,1,1
BRF:4
BRH:3
end_of_record
TN:
SF:src\services\storage.js
FN:6,uploadBuffer
FN:33,downloadFile
FNF:2
FNH:2
FNDA:1,uploadBuffer
FNDA:1,downloadFile
DA:12,1
DA:13,1
DA:14,1
DA:17,1
DA:18,1
DA:20,1
DA:21,0
DA:23,0
DA:28,1
DA:29,1
DA:34,1
DA:35,1
DA:36,1
DA:39,1
DA:43,0
DA:45,1
DA:46,1
DA:50,3
LF:18
LH:15
BRDA:10,0,0,1
BRDA:17,1,0,1
BRDA:17,1,1,0
BRF:3
BRH:2
end_of_record
TN:
SF:src\services\translate.js
FN:6,translateText
FN:32,detectLanguage
FNF:2
FNH:2
FNDA:5,translateText
FNDA:3,detectLanguage
DA:7,5
DA:8,2
DA:11,3
DA:12,3
DA:13,3
DA:17,3
DA:18,3
DA:20,3
DA:21,2
DA:27,1
DA:28,1
DA:33,3
DA:34,3
DA:35,3
DA:38,3
DA:39,2
DA:41,1
DA:42,1
DA:46,14
LF:19
LH:19
BRDA:6,0,0,4
BRDA:7,1,0,2
BRDA:7,1,1,3
BRDA:18,2,0,1
BRDA:18,2,1,2
BRDA:23,3,0,2
BRDA:23,3,1,1
BRDA:39,4,0,1
BRDA:39,4,1,1
BRF:9
BRH:9
end_of_record
TN:
SF:src\services\tts.js
FN:6,synthesizeSpeech
FNF:1
FNH:1
FNDA:4,synthesizeSpeech
DA:11,4
DA:12,1
DA:18,3
DA:19,3
DA:20,3
DA:22,3
DA:37,3
DA:38,2
DA:44,1
DA:45,1
DA:52,14
LF:11
LH:11
BRDA:8,0,0,3
BRDA:9,1,0,3
BRDA:11,2,0,1
BRDA:11,2,1,3
BRDA:26,3,0,3
BRDA:26,3,1,2
BRF:6
BRH:6
end_of_record
TN:
SF:src\utils\checksStore.js
FN:15,readChecks
FN:37,addCheck
FN:69,clearChecks
FNF:3
FNH:3
FNDA:28,readChecks
FNDA:25,addCheck
FNDA:2,clearChecks
DA:6,14
DA:7,14
DA:9,14
DA:10,14
DA:16,28
DA:17,28
DA:18,0
DA:19,0
DA:20,0
DA:22,28
DA:23,28
DA:24,27
DA:29,1
DA:30,1
DA:38,25
DA:40,25
DA:50,25
DA:53,25
DA:54,7
DA:57,25
DA:58,25
DA:60,0
DA:63,25
DA:70,2
DA:71,2
DA:72,2
DA:74,0
DA:76,2
DA:79,14
LF:29
LH:24
BRDA:17,0,0,0
BRDA:17,0,1,28
BRDA:25,1,0,27
BRDA:25,1,1,0
BRDA:26,2,0,27
BRDA:26,2,1,0
BRDA:43,3,0,25
BRDA:43,3,1,0
BRDA:44,4,0,25
BRDA:44,4,1,0
BRDA:45,5,0,25
BRDA:45,5,1,17
BRDA:46,6,0,25
BRDA:46,6,1,17
BRDA:47,7,0,25
BRDA:47,7,1,0
BRDA:53,8,0,7
BRDA:53,8,1,18
BRF:18
BRH:12
end_of_record
TN:
SF:src\utils\errors.js
FN:7,(anonymous_0)
FN:18,(anonymous_1)
FN:25,(anonymous_2)
FN:31,(anonymous_3)
FN:37,(anonymous_4)
FN:43,(anonymous_5)
FN:49,(anonymous_6)
FN:57,errorHandler
FNF:8
FNH:8
FNDA:10,(anonymous_0)
FNDA:2,(anonymous_1)
FNDA:2,(anonymous_2)
FNDA:1,(anonymous_3)
FNDA:1,(anonymous_4)
FNDA:1,(anonymous_5)
FNDA:1,(anonymous_6)
FNDA:4,errorHandler
DA:8,10
DA:9,10
DA:10,10
DA:11,10
DA:12,10
DA:13,10
DA:19,2
DA:20,2
DA:26,2
DA:32,1
DA:38,1
DA:44,1
DA:50,1
DA:58,4
DA:59,4
DA:61,4
DA:72,4
DA:73,1
DA:76,4
DA:77,3
DA:80,4
DA:81,1
DA:84,4
DA:87,14
LF:24
LH:24
BRDA:7,0,0,0
BRDA:7,1,0,0
BRDA:18,2,0,1
BRDA:18,3,0,1
BRDA:25,4,0,0
BRDA:37,5,0,0
BRDA:43,6,0,1
BRDA:49,7,0,0
BRDA:58,8,0,4
BRDA:58,8,1,1
BRDA:64,9,0,4
BRDA:64,9,1,1
BRDA:66,10,0,1
BRDA:66,10,1,3
BRDA:66,11,0,4
BRDA:66,11,1,1
BRDA:72,12,0,1
BRDA:72,12,1,3
BRDA:76,13,0,3
BRDA:76,13,1,1
BRDA:76,14,0,4
BRDA:76,14,1,3
BRDA:80,15,0,1
BRDA:80,15,1,3
BRF:24
BRH:19
end_of_record
TN:
SF:src\utils\sanitizer.js
FN:9,stripHtml
FN:17,escapeHtml
FN:28,(anonymous_2)
FN:34,sanitizeInput
FN:65,sanitizeQuestion
FN:78,sanitizeZoneId
FN:86,hasSqlInjection
FN:94,(anonymous_7)
FNF:8
FNH:8
FNDA:7,stripHtml
FNDA:6,escapeHtml
FNDA:19,(anonymous_2)
FNDA:7,sanitizeInput
FNDA:6,sanitizeQuestion
FNDA:8,sanitizeZoneId
FNDA:4,hasSqlInjection
FNDA:9,(anonymous_7)
DA:10,7
DA:11,7
DA:18,6
DA:19,3
DA:28,19
DA:35,7
DA:37,7
DA:40,7
DA:43,7
DA:47,7
DA:48,7
DA:51,7
DA:54,7
DA:57,7
DA:59,7
DA:66,6
DA:67,4
DA:68,4
DA:69,4
DA:70,1
DA:72,4
DA:79,8
DA:80,6
DA:87,4
DA:88,4
DA:94,9
DA:97,15
LF:27
LH:27
BRDA:10,0,0,0
BRDA:10,0,1,7
BRDA:18,1,0,3
BRDA:18,1,1,3
BRDA:35,2,0,0
BRDA:35,2,1,7
BRDA:65,3,0,5
BRDA:66,4,0,2
BRDA:66,4,1,4
BRDA:69,5,0,1
BRDA:69,5,1,3
BRDA:79,6,0,2
BRDA:79,6,1,6
BRDA:87,7,0,0
BRDA:87,7,1,4
BRF:15
BRH:12
end_of_record
